[Write Detected]
=> 0x7ffff7fb88c7:	rep movsb %ds:(%rsi),%es:(%rdi)
0x7ffff7f8d1a0:	0x066873dcdd21a117	0xabd6e84ebeaa9d98
0x7ffff7f8d1b0:	0x0884f16aa5ae24d0	0x8fbb620e943bb768

[Write Detected]
=> 0x7ffff7fb88c7:	rep movsb %ds:(%rsi),%es:(%rdi)
0x7ffff7f8d1a0:	0x066873dcdd211b17	0xabd6e84ebeaa9d98
0x7ffff7f8d1b0:	0x0884f16aa5ae24d0	0x8fbb620e943bb768

[Write Detected]
=> 0x7ffff7fb88c7:	rep movsb %ds:(%rsi),%es:(%rdi)
0x7ffff7f8d1a0:	0x066873dcddc51b17	0xabd6e84ebeaa9d98
0x7ffff7f8d1b0:	0x0884f16aa5ae24d0	0x8fbb620e943bb768

[Write Detected]
=> 0x7ffff7fb88c7:	rep movsb %ds:(%rsi),%es:(%rdi)
0x7ffff7f8d1a0:	0x066873dc9bc51b17	0xabd6e84ebeaa9d98
0x7ffff7f8d1b0:	0x0884f16aa5ae24d0	0x8fbb620e943bb768

[Write Detected]
=> 0x7ffff7fb1840:	mov    %rdi,%r14
0x7ffff7f8d1a0:	0xc699bb999bc51b16	0x4a21a1b845ac4190
0x7ffff7f8d1b0:	0x00000000001e2103	0x8fbb620e943bb768

[Write Detected]
=> 0x7ffff7fb88c7:	rep movsb %ds:(%rsi),%es:(%rdi)
0x7ffff7f8d1a0:	0xc699bb999bc51b8b	0x4a21a1b845ac4190
0x7ffff7f8d1b0:	0x00000000001e2103	0x8fbb620e943bb768

[Write Detected]
=> 0x7ffff7fb88c7:	rep movsb %ds:(%rsi),%es:(%rdi)
0x7ffff7f8d1a0:	0xc699bb999bc58d8b	0x4a21a1b845ac4190
0x7ffff7f8d1b0:	0x00000000001e2103	0x8fbb620e943bb768

[Write Detected]
=> 0x7ffff7fb88c7:	rep movsb %ds:(%rsi),%es:(%rdi)
0x7ffff7f8d1a0:	0xc699bb999be28d8b	0x4a21a1b845ac4190
0x7ffff7f8d1b0:	0x00000000001e2103	0x8fbb620e943bb768

[Write Detected]
=> 0x7ffff7fb88c7:	rep movsb %ds:(%rsi),%es:(%rdi)
0x7ffff7f8d1a0:	0xc699bb99cde28d8b	0x4a21a1b845ac4190
0x7ffff7f8d1b0:	0x00000000001e2103	0x8fbb620e943bb768

[Write Detected]
=> 0x7ffff7fb1840:	mov    %rdi,%r14
0x7ffff7f8d1a0:	0x634cddcccde28d8a	0xa510d0dc22d620c8
0x7ffff7f8d1b0:	0x00000000000f1081	0x8fbb620e943bb768

[Write Detected]
=> 0x7ffff7fb63f6:	inc    %rdx
0x7ffff7f8d1a0:	0x0000000000000000	0xa510d0dc22d620c8
0x7ffff7f8d1b0:	0x00000000000f1081	0x8fbb620e943bb768

[Write Detected]
=> 0x7ffff7fb2618:	mov    %rbx,(%rcx)
0x7ffff7f8d1a0:	0xbe1136b838782a40	0x7bd0a2f9190596f0
0x7ffff7f8d1b0:	0x734f25b5ff1d7841	0x19b469b0e277c26e

[Write Detected]
=> 0x7ffff7fb7bdb:	lea    0x1(%r8),%r8
0x7ffff7f8d1a0:	0x1f243ce9d61bdf17	0x26e7601383006d88
0x7ffff7f8d1b0:	0x6bae52fa3074d4ae	0xc8e0e8da8fa73365

[Write Detected]
=> 0x7ffff7fb88c7:	rep movsb %ds:(%rsi),%es:(%rdi)
0x7ffff7f8d1a0:	0x1f243ce9d61bdfc4	0xdbf6e5276e9bb7ce
0x7ffff7f8d1b0:	0xbd003e17203d53f0	0x45da1c1445715ca4

[Write Detected]
=> 0x7ffff7fb88c7:	rep movsb %ds:(%rsi),%es:(%rdi)
0x7ffff7f8d1a0:	0x1f243ce9d61b46c4	0xdbf6e5276e9bb7ce
0x7ffff7f8d1b0:	0xbd003e17203d53f0	0x45da1c1445715ca4

[Write Detected]
=> 0x7ffff7fb88c7:	rep movsb %ds:(%rsi),%es:(%rdi)
0x7ffff7f8d1a0:	0x1f243ce9d6f146c4	0xdbf6e5276e9bb7ce
0x7ffff7f8d1b0:	0xbd003e17203d53f0	0x45da1c1445715ca4

[Write Detected]
=> 0x7ffff7fb88c7:	rep movsb %ds:(%rsi),%es:(%rdi)
0x7ffff7f8d1a0:	0x1f243ce966f146c4	0xdbf6e5276e9bb7ce
0x7ffff7f8d1b0:	0xbd003e17203d53f0	0x45da1c1445715ca4

[Write Detected]
=> 0x7ffff7fb6475:	add    $0xfffffffffffffff8,%rbx
0x7ffff7f8d1a0:	0x18d337733378a362	0x6944343708b58832
0x7ffff7f8d1b0:	0x000000000003c420	0x45da1c1445715ca4

[Write Detected]
=> 0x7ffff7fb88c7:	rep movsb %ds:(%rsi),%es:(%rdi)
0x7ffff7f8d1a0:	0x18d337733378a35f	0x6944343708b58832
0x7ffff7f8d1b0:	0x000000000003c420	0x45da1c1445715ca4

[Write Detected]
=> 0x7ffff7fb88c7:	rep movsb %ds:(%rsi),%es:(%rdi)
0x7ffff7f8d1a0:	0x18d337733378465f	0x6944343708b58832
0x7ffff7f8d1b0:	0x000000000003c420	0x45da1c1445715ca4

[Write Detected]
=> 0x7ffff7fb88c7:	rep movsb %ds:(%rsi),%es:(%rdi)
0x7ffff7f8d1a0:	0x18d337733354465f	0x6944343708b58832
0x7ffff7f8d1b0:	0x000000000003c420	0x45da1c1445715ca4

[Write Detected]
=> 0x7ffff7fb88c7:	rep movsb %ds:(%rsi),%es:(%rdi)
0x7ffff7f8d1a0:	0x584e5559335446ac	0x28d8b9338c6ef9a4
0x7ffff7f8d1b0:	0x620c8634cddcccde	0xf1081a510d0dc22d

[Write Detected]
=> 0x7ffff7fb88c7:	rep movsb %ds:(%rsi),%es:(%rdi)
0x7ffff7f8d1a0:	0x584e55593354e7ac	0x28d8b9338c6ef9a4
0x7ffff7f8d1b0:	0x620c8634cddcccde	0xf1081a510d0dc22d

[Write Detected]
=> 0x7ffff7fb88c7:	rep movsb %ds:(%rsi),%es:(%rdi)
0x7ffff7f8d1a0:	0x584e55593314e7ac	0x28d8b9338c6ef9a4
0x7ffff7f8d1b0:	0x620c8634cddcccde	0xf1081a510d0dc22d

[Write Detected]
=> 0x7ffff7fb88c7:	rep movsb %ds:(%rsi),%es:(%rdi)
0x7ffff7f8d1a0:	0x584e55596b14e7ac	0x28d8b9338c6ef9a4
0x7ffff7f8d1b0:	0x620c8634cddcccde	0xf1081a510d0dc22d

[Write Detected]
=> 0x7ffff7fb88c7:	rep movsb %ds:(%rsi),%es:(%rdi)
0x7ffff7f8d1a0:	0xf72d125f6b14e71b	0xc3d4beb17997853e
0x7ffff7f8d1b0:	0x5792aef40b8dff35	0x0bc805895fa5fb46

[Write Detected]
=> 0x7ffff7fb88c7:	rep movsb %ds:(%rsi),%es:(%rdi)
0x7ffff7f8d1a0:	0xf72d125f6b14c51b	0xc3d4beb17997853e
0x7ffff7f8d1b0:	0x5792aef40b8dff35	0x0bc805895fa5fb46

[Write Detected]
=> 0x7ffff7fb88c7:	rep movsb %ds:(%rsi),%es:(%rdi)
0x7ffff7f8d1a0:	0xf72d125f6b9bc51b	0xc3d4beb17997853e
0x7ffff7f8d1b0:	0x5792aef40b8dff35	0x0bc805895fa5fb46

[Write Detected]
=> 0x7ffff7fb88c7:	rep movsb %ds:(%rsi),%es:(%rdi)
0x7ffff7f8d1a0:	0xf72d125f999bc51b	0xc3d4beb17997853e
0x7ffff7f8d1b0:	0x5792aef40b8dff35	0x0bc805895fa5fb46

[Write Detected]
=> 0x7ffff7fb1840:	mov    %rdi,%r14
0x7ffff7f8d1a0:	0x90c699bb999bc51a	0x034a21a1b845ac41
0x7ffff7f8d1b0:	0x0000000000001e21	0x0bc805895fa5fb46

[Write Detected]
=> 0x7ffff7fb88c7:	rep movsb %ds:(%rsi),%es:(%rdi)
0x7ffff7f8d1a0:	0x90c699bb999bc55f	0x034a21a1b845ac41
0x7ffff7f8d1b0:	0x0000000000001e21	0x0bc805895fa5fb46

[Write Detected]
=> 0x7ffff7fb88c7:	rep movsb %ds:(%rsi),%es:(%rdi)
0x7ffff7f8d1a0:	0x90c699bb999b465f	0x034a21a1b845ac41
0x7ffff7f8d1b0:	0x0000000000001e21	0x0bc805895fa5fb46

[Write Detected]
=> 0x7ffff7fb88c7:	rep movsb %ds:(%rsi),%es:(%rdi)
0x7ffff7f8d1a0:	0x90c699bb9954465f	0x034a21a1b845ac41
0x7ffff7f8d1b0:	0x0000000000001e21	0x0bc805895fa5fb46

[Write Detected]
=> 0x7ffff7fb88c7:	rep movsb %ds:(%rsi),%es:(%rdi)
0x7ffff7f8d1a0:	0x90c699bb3354465f	0x034a21a1b845ac41
0x7ffff7f8d1b0:	0x0000000000001e21	0x0bc805895fa5fb46

[Write Detected]
=> 0x7ffff7fb88c7:	rep movsb %ds:(%rsi),%es:(%rdi)
0x7ffff7f8d1a0:	0x584e5559335446c7	0x28d8b9338c6ef9a4
0x7ffff7f8d1b0:	0x620c8634cddcccde	0xf1081a510d0dc22d

[Write Detected]
=> 0x7ffff7fb88c7:	rep movsb %ds:(%rsi),%es:(%rdi)
0x7ffff7f8d1a0:	0x584e555933540ec7	0x28d8b9338c6ef9a4
0x7ffff7f8d1b0:	0x620c8634cddcccde	0xf1081a510d0dc22d

[Write Detected]
=> 0x7ffff7fb88c7:	rep movsb %ds:(%rsi),%es:(%rdi)
0x7ffff7f8d1a0:	0x584e555933ec0ec7	0x28d8b9338c6ef9a4
0x7ffff7f8d1b0:	0x620c8634cddcccde	0xf1081a510d0dc22d

[Write Detected]
=> 0x7ffff7fb88c7:	rep movsb %ds:(%rsi),%es:(%rdi)
0x7ffff7f8d1a0:	0x584e555966ec0ec7	0x28d8b9338c6ef9a4
0x7ffff7f8d1b0:	0x620c8634cddcccde	0xf1081a510d0dc22d

[Write Detected]
=> 0x7ffff7fb88c7:	rep movsb %ds:(%rsi),%es:(%rdi)
0x7ffff7f8d1a0:	0xdbdb56bd66ec0ea3	0x2352a27cf2984762
0x7ffff7f8d1b0:	0x3b940721e2a6e7ae	0x754673a2711966f4

[Write Detected]
=> 0x7ffff7fb88c7:	rep movsb %ds:(%rsi),%es:(%rdi)
0x7ffff7f8d1a0:	0xdbdb56bd66ec78a3	0x2352a27cf2984762
0x7ffff7f8d1b0:	0x3b940721e2a6e7ae	0x754673a2711966f4

[Write Detected]
=> 0x7ffff7fb88c7:	rep movsb %ds:(%rsi),%es:(%rdi)
0x7ffff7f8d1a0:	0xdbdb56bd663378a3	0x2352a27cf2984762
0x7ffff7f8d1b0:	0x3b940721e2a6e7ae	0x754673a2711966f4

[Write Detected]
=> 0x7ffff7fb88c7:	rep movsb %ds:(%rsi),%es:(%rdi)
0x7ffff7f8d1a0:	0xdbdb56bd733378a3	0x2352a27cf2984762
0x7ffff7f8d1b0:	0x3b940721e2a6e7ae	0x754673a2711966f4

[Write Detected]
=> 0x7ffff7fb1840:	mov    %rdi,%r14
0x7ffff7f8d1a0:	0x3218d337733378a2	0x206944343708b588
0x7ffff7f8d1b0:	0x00000000000003c4	0x754673a2711966f4

[Write Detected]
=> 0x7ffff7fb88c7:	rep movsb %ds:(%rsi),%es:(%rdi)
0x7ffff7f8d1a0:	0x3218d3377333785f	0x206944343708b588
0x7ffff7f8d1b0:	0x00000000000003c4	0x754673a2711966f4

[Write Detected]
=> 0x7ffff7fb88c7:	rep movsb %ds:(%rsi),%es:(%rdi)
0x7ffff7f8d1a0:	0x3218d3377333465f	0x206944343708b588
0x7ffff7f8d1b0:	0x00000000000003c4	0x754673a2711966f4

[Write Detected]
=> 0x7ffff7fb88c7:	rep movsb %ds:(%rsi),%es:(%rdi)
0x7ffff7f8d1a0:	0x3218d3377354465f	0x206944343708b588
0x7ffff7f8d1b0:	0x00000000000003c4	0x754673a2711966f4

[Write Detected]
=> 0x7ffff7fb88c7:	rep movsb %ds:(%rsi),%es:(%rdi)
0x7ffff7f8d1a0:	0x3218d3373354465f	0x206944343708b588
0x7ffff7f8d1b0:	0x00000000000003c4	0x754673a2711966f4

[Write Detected]
=> 0x7ffff7fb88c7:	rep movsb %ds:(%rsi),%es:(%rdi)
0x7ffff7f8d1a0:	0x584e5559335446cc	0x28d8b9338c6ef9a4
0x7ffff7f8d1b0:	0x620c8634cddcccde	0xf1081a510d0dc22d

[Write Detected]
=> 0x7ffff7fb88c7:	rep movsb %ds:(%rsi),%es:(%rdi)
0x7ffff7f8d1a0:	0x584e5559335404cc	0x28d8b9338c6ef9a4
0x7ffff7f8d1b0:	0x620c8634cddcccde	0xf1081a510d0dc22d

[Write Detected]
=> 0x7ffff7fb88c7:	rep movsb %ds:(%rsi),%es:(%rdi)
0x7ffff7f8d1a0:	0x584e555933fb04cc	0x28d8b9338c6ef9a4
0x7ffff7f8d1b0:	0x620c8634cddcccde	0xf1081a510d0dc22d

[Write Detected]
=> 0x7ffff7fb88c7:	rep movsb %ds:(%rsi),%es:(%rdi)
0x7ffff7f8d1a0:	0x584e555967fb04cc	0x28d8b9338c6ef9a4
0x7ffff7f8d1b0:	0x620c8634cddcccde	0xf1081a510d0dc22d

[Write Detected]
=> 0x7ffff7fb88c7:	rep movsb %ds:(%rsi),%es:(%rdi)
0x7ffff7f8d1a0:	0x993a8ea767fb04c5	0xf233a48b0a2c84d2
0x7ffff7f8d1b0:	0x76c30c68baf53ecd	0x2fbfea0d57cf7271

[Write Detected]
=> 0x7ffff7fb88c7:	rep movsb %ds:(%rsi),%es:(%rdi)
0x7ffff7f8d1a0:	0x993a8ea767fb9bc5	0xf233a48b0a2c84d2
0x7ffff7f8d1b0:	0x76c30c68baf53ecd	0x2fbfea0d57cf7271

[Write Detected]
=> 0x7ffff7fb88c7:	rep movsb %ds:(%rsi),%es:(%rdi)
0x7ffff7f8d1a0:	0x993a8ea767999bc5	0xf233a48b0a2c84d2
0x7ffff7f8d1b0:	0x76c30c68baf53ecd	0x2fbfea0d57cf7271

[Write Detected]
=> 0x7ffff7fb88c7:	rep movsb %ds:(%rsi),%es:(%rdi)
0x7ffff7f8d1a0:	0x993a8ea7bb999bc5	0xf233a48b0a2c84d2
0x7ffff7f8d1b0:	0x76c30c68baf53ecd	0x2fbfea0d57cf7271

[Write Detected]
=> 0x7ffff7fb1840:	mov    %rdi,%r14
0x7ffff7f8d1a0:	0x4190c699bb999bc4	0x21034a21a1b845ac
0x7ffff7f8d1b0:	0x000000000000001e	0x2fbfea0d57cf7271

[Write Detected]
=> 0x7ffff7fb88c7:	rep movsb %ds:(%rsi),%es:(%rdi)
0x7ffff7f8d1a0:	0x4190c699bb999b5f	0x21034a21a1b845ac
0x7ffff7f8d1b0:	0x000000000000001e	0x2fbfea0d57cf7271

[Write Detected]
=> 0x7ffff7fb88c7:	rep movsb %ds:(%rsi),%es:(%rdi)
0x7ffff7f8d1a0:	0x4190c699bb99465f	0x21034a21a1b845ac
0x7ffff7f8d1b0:	0x000000000000001e	0x2fbfea0d57cf7271

[Write Detected]
=> 0x7ffff7fb88c7:	rep movsb %ds:(%rsi),%es:(%rdi)
0x7ffff7f8d1a0:	0x4190c699bb54465f	0x21034a21a1b845ac
0x7ffff7f8d1b0:	0x000000000000001e	0x2fbfea0d57cf7271

[Write Detected]
=> 0x7ffff7fb88c7:	rep movsb %ds:(%rsi),%es:(%rdi)
0x7ffff7f8d1a0:	0x4190c6993354465f	0x21034a21a1b845ac
0x7ffff7f8d1b0:	0x000000000000001e	0x2fbfea0d57cf7271

[Write Detected]
=> 0x7ffff7fb88c7:	rep movsb %ds:(%rsi),%es:(%rdi)
0x7ffff7f8d1a0:	0x584e555933544633	0x28d8b9338c6ef9a4
0x7ffff7f8d1b0:	0x620c8634cddcccde	0xf1081a510d0dc22d

[Write Detected]
=> 0x7ffff7fb88c7:	rep movsb %ds:(%rsi),%es:(%rdi)
0x7ffff7f8d1a0:	0x584e55593354f833	0x28d8b9338c6ef9a4
0x7ffff7f8d1b0:	0x620c8634cddcccde	0xf1081a510d0dc22d

[Write Detected]
=> 0x7ffff7fb88c7:	rep movsb %ds:(%rsi),%es:(%rdi)
0x7ffff7f8d1a0:	0x584e5559332cf833	0x28d8b9338c6ef9a4
0x7ffff7f8d1b0:	0x620c8634cddcccde	0xf1081a510d0dc22d

[Write Detected]
=> 0x7ffff7fb88c7:	rep movsb %ds:(%rsi),%es:(%rdi)
0x7ffff7f8d1a0:	0x584e55591f2cf833	0x28d8b9338c6ef9a4
0x7ffff7f8d1b0:	0x620c8634cddcccde	0xf1081a510d0dc22d

[Write Detected]
=> 0x7ffff7fb88c7:	rep movsb %ds:(%rsi),%es:(%rdi)
0x7ffff7f8d1a0:	0x919d5c3e1f2cf8f0	0x192c1ef1777ff9bb
0x7ffff7f8d1b0:	0x1e102f7c5beccce8	0xbfbf229666395c8c

[Write Detected]
=> 0x7ffff7fb88c7:	rep movsb %ds:(%rsi),%es:(%rdi)
0x7ffff7f8d1a0:	0x919d5c3e1f2c66f0	0x192c1ef1777ff9bb
0x7ffff7f8d1b0:	0x1e102f7c5beccce8	0xbfbf229666395c8c

[Write Detected]
=> 0x7ffff7fb88c7:	rep movsb %ds:(%rsi),%es:(%rdi)
0x7ffff7f8d1a0:	0x919d5c3e1fe666f0	0x192c1ef1777ff9bb
0x7ffff7f8d1b0:	0x1e102f7c5beccce8	0xbfbf229666395c8c

[Write Detected]
=> 0x7ffff7fb88c7:	rep movsb %ds:(%rsi),%es:(%rdi)
0x7ffff7f8d1a0:	0x919d5c3e6ee666f0	0x192c1ef1777ff9bb
0x7ffff7f8d1b0:	0x1e102f7c5beccce8	0xbfbf229666395c8c

[Write Detected]
=> 0x7ffff7fb6475:	add    $0xfffffffffffffff8,%rbx
0x7ffff7f8d1a0:	0x883218d337733378	0xc4206944343708b5
0x7ffff7f8d1b0:	0x0000000000000003	0xbfbf229666395c8c

[Write Detected]
=> 0x7ffff7fb63f6:	inc    %rdx
0x7ffff7f8d1a0:	0x0000000000000000	0xc4206944343708b5
0x7ffff7f8d1b0:	0x0000000000000003	0xbfbf229666395c8c

[Write Detected]
=> 0x7ffff7fb2618:	mov    %rbx,(%rcx)
0x7ffff7f8d1a0:	0xd485dd6e3e7a9259	0x3e09fd9239e710f6
0x7ffff7f8d1b0:	0xc6c910bd8897559e	0x8851a8da4e65f503

[Write Detected]
=> 0x7ffff7fb7bdb:	lea    0x1(%r8),%r8
0x7ffff7f8d1a0:	0x065ce71d3b86f6f9	0x595ec43c08ff551c
0x7ffff7f8d1b0:	0xdcc1751e8342a763	0x87b5273c16f8d1bc

[Write Detected]
=> 0x7ffff7fb88c7:	rep movsb %ds:(%rsi),%es:(%rdi)
0x7ffff7f8d1a0:	0x065ce71d3b86f6bc	0x5e360ad498f13e15
0x7ffff7f8d1b0:	0x637d58ca1d04b9ff	0x3ca3926d815b20eb

[Write Detected]
=> 0x7ffff7fb88c7:	rep movsb %ds:(%rsi),%es:(%rdi)
0x7ffff7f8d1a0:	0x065ce71d3b8699bc	0x5e360ad498f13e15
0x7ffff7f8d1b0:	0x637d58ca1d04b9ff	0x3ca3926d815b20eb

[Write Detected]
=> 0x7ffff7fb88c7:	rep movsb %ds:(%rsi),%es:(%rdi)
0x7ffff7f8d1a0:	0x065ce71d3bb999bc	0x5e360ad498f13e15
0x7ffff7f8d1b0:	0x637d58ca1d04b9ff	0x3ca3926d815b20eb

[Write Detected]
=> 0x7ffff7fb88c7:	rep movsb %ds:(%rsi),%es:(%rdi)
0x7ffff7f8d1a0:	0x065ce71d9bb999bc	0x5e360ad498f13e15
0x7ffff7f8d1b0:	0x637d58ca1d04b9ff	0x3ca3926d815b20eb

[Write Detected]
=> 0x7ffff7fb6475:	add    $0xfffffffffffffff8,%rbx
0x7ffff7f8d1a0:	0x620c8634cddcccde	0xf1081a510d0dc22d
0x7ffff7f8d1b0:	0x0000000000000000	0x3ca3926d815b20eb

[Write Detected]
=> 0x7ffff7fb63f6:	inc    %rdx
0x7ffff7f8d1a0:	0x0000000000000000	0xf1081a510d0dc22d
0x7ffff7f8d1b0:	0x0000000000000000	0x3ca3926d815b20eb

[Write Detected]
=> 0x7ffff7fb2618:	mov    %rbx,(%rcx)
0x7ffff7f8d1a0:	0x4b18cf6840ef7e31	0x0b6576b6ea4b906d
0x7ffff7f8d1b0:	0xa8127b6d4a97c0f1	0x78258854eb892aaf

[Write Detected]
=> 0x7ffff7fb7bdb:	lea    0x1(%r8),%r8
0x7ffff7f8d1a0:	0xbe91124a9222b78f	0x84048a5e26b4fc1f
0x7ffff7f8d1b0:	0xbe42dad1e122b14b	0x14e51a8a36357439

[Write Detected]
=> 0x7ffff7fb63f6:	inc    %rdx
0x7ffff7f8d1a0:	0x0000000000000000	0xb89e8fb83cf154da
0x7ffff7f8d1b0:	0x8d5784d2ea887ab3	0x01c2c30a1f8b4e93

[Write Detected]
=> 0x7ffff7fb7b61:	lea    0x1(%r8),%r8
0x7ffff7f8d1a0:	0x8bdfa496571c053b	0x0000000000000000
0x7ffff7f8d1b0:	0x0000000000000000	0x0000000000000000

[Write Detected]
=> 0x7ffff7fb7bdb:	lea    0x1(%r8),%r8
0x7ffff7f8d1a0:	0x8f6bb5ab52ab6aa6	0xbbc2d6efa5a7b17a
0x7ffff7f8d1b0:	0x46dc81f0f0fae776	0xd4ee6130cea3912a

[Write Detected]
=> 0x7ffff7fb63f6:	inc    %rdx
0x7ffff7f8d1a0:	0x0000000000000000	0x312777bad1ded649
0x7ffff7f8d1b0:	0x4eee4906ff2c40a3	0x49cc6039618c6e1f

[Write Detected]
=> 0x7ffff7fb2618:	mov    %rbx,(%rcx)
0x7ffff7f8d1a0:	0xe54bd8c06199c1e1	0x13bc90f0276a3bc6
0x7ffff7f8d1b0:	0xb8804efc05a21799	0x8f9131b8895aa217

[Write Detected]
=> 0x7ffff7fb7bdb:	lea    0x1(%r8),%r8
0x7ffff7f8d1a0:	0x412b64b04f52f352	0xcdc5ab20d9249345
0x7ffff7f8d1b0:	0x7c11ee0af85d3bc6	0xaef3e5114d63e605

[Write Detected]
=> 0x7ffff7fb63f6:	inc    %rdx
0x7ffff7f8d1a0:	0x0000000000000000	0x2e57ab50147d78f2
0x7ffff7f8d1b0:	0xb696805fe132a491	0x9d6f93629ef58192

[Write Detected]
=> 0x7ffff7fb7b61:	lea    0x1(%r8),%r8
0x7ffff7f8d1a0:	0x18b95b4a944fbb2c	0x0000000000000000
0x7ffff7f8d1b0:	0x0000000000000000	0x0000000000000000

[Write Detected]
=> 0x7ffff7fb7bdb:	lea    0x1(%r8),%r8
0x7ffff7f8d1a0:	0xcc7dc00e35513fa2	0x0a5d8448395880a1
0x7ffff7f8d1b0:	0x669be386c90b873f	0x3b4d388a893d3bda

[Write Detected]
=> 0x7ffff7fb88c7:	rep movsb %ds:(%rsi),%es:(%rdi)
0x7ffff7f8d1a0:	0xcc7dc00e35513f5f	0x51153e5df52eee1f
0x7ffff7f8d1b0:	0x7098d795d0f05ab0	0xb24631acc631434f

[Write Detected]
=> 0x7ffff7fb88c7:	rep movsb %ds:(%rsi),%es:(%rdi)
0x7ffff7f8d1a0:	0xcc7dc00e3551465f	0x51153e5df52eee1f
0x7ffff7f8d1b0:	0x7098d795d0f05ab0	0xb24631acc631434f

[Write Detected]
=> 0x7ffff7fb88c7:	rep movsb %ds:(%rsi),%es:(%rdi)
0x7ffff7f8d1a0:	0xcc7dc00e3554465f	0x51153e5df52eee1f
0x7ffff7f8d1b0:	0x7098d795d0f05ab0	0xb24631acc631434f

[Write Detected]
=> 0x7ffff7fb88c7:	rep movsb %ds:(%rsi),%es:(%rdi)
0x7ffff7f8d1a0:	0xcc7dc00e3354465f	0x51153e5df52eee1f
0x7ffff7f8d1b0:	0x7098d795d0f05ab0	0xb24631acc631434f

[Write Detected]
=> 0x7ffff7fb88c7:	rep movsb %ds:(%rsi),%es:(%rdi)
0x7ffff7f8d1a0:	0x584e55593354461e	0x28d8b9338c6ef9a4
0x7ffff7f8d1b0:	0x620c8634cddcccde	0xf1081a510d0dc22d

[Write Detected]
=> 0x7ffff7fb88c7:	rep movsb %ds:(%rsi),%es:(%rdi)
0x7ffff7f8d1a0:	0x584e55593354201e	0x28d8b9338c6ef9a4
0x7ffff7f8d1b0:	0x620c8634cddcccde	0xf1081a510d0dc22d

[Write Detected]
=> 0x7ffff7fb88c7:	rep movsb %ds:(%rsi),%es:(%rdi)
0x7ffff7f8d1a0:	0x584e555933d8201e	0x28d8b9338c6ef9a4
0x7ffff7f8d1b0:	0x620c8634cddcccde	0xf1081a510d0dc22d

[Write Detected]
=> 0x7ffff7fb88c7:	rep movsb %ds:(%rsi),%es:(%rdi)
0x7ffff7f8d1a0:	0x584e55597cd8201e	0x28d8b9338c6ef9a4
0x7ffff7f8d1b0:	0x620c8634cddcccde	0xf1081a510d0dc22d

[Write Detected]
=> 0x7ffff7fb63f6:	inc    %rdx
0x7ffff7f8d1a0:	0x0000000000000000	0xadad028e47989552
0x7ffff7f8d1b0:	0xcf07ba3076f1c23d	0x8259f14307cbecca

[Write Detected]
=> 0x7ffff7fb7b61:	lea    0x1(%r8),%r8
0x7ffff7f8d1a0:	0x7f19f8194db334f0	0x0000000000000000
0x7ffff7f8d1b0:	0x0000000000000000	0x0000000000000000

[Write Detected]
=> 0x7ffff7fb7bdb:	lea    0x1(%r8),%r8
0x7ffff7f8d1a0:	0x82bb640cb426022e	0xd9f63334dadd8dce
0x7ffff7f8d1b0:	0x1ba2e2af5a52944f	0xb028320dd4e7c589

[Write Detected]
=> 0x7ffff7fb63f6:	inc    %rdx
0x7ffff7f8d1a0:	0x0000000000000000	0xa934106596d40cb6
0x7ffff7f8d1b0:	0x94410d53a0e66a2f	0x3221ad203ff7bcd5

[Write Detected]
=> 0x7ffff7fb2618:	mov    %rbx,(%rcx)
0x7ffff7f8d1a0:	0x9a02989300f7e040	0xe8f3664ce5426fb0
0x7ffff7f8d1b0:	0x760e5f9c0064deb1	0x6c1ddfa0b9b9e0d4

[Write Detected]
=> 0x7ffff7fb7bdb:	lea    0x1(%r8),%r8
0x7ffff7f8d1a0:	0x1f6107e8934b2a8a	0x3ffd7d0a566179c7
0x7ffff7f8d1b0:	0xcd3c2ca4ca5c4a99	0x5092dbb2c28abe16

[Write Detected]
=> 0x7ffff7fb63f6:	inc    %rdx
0x7ffff7f8d1a0:	0x0000000000000000	0x4b0aa932354bc3f4
0x7ffff7f8d1b0:	0xd2284b21798233ec	0x5d9ca390360f4255

[Write Detected]
=> 0x7ffff7fb2618:	mov    %rbx,(%rcx)
0x7ffff7f8d1a0:	0x11e40f0c6fed9264	0xc44ad1a6ad79a988
0x7ffff7f8d1b0:	0x18a998a93ec9f05c	0x9eb200817faf9be8

[Write Detected]
=> 0x7ffff7fb7bdb:	lea    0x1(%r8),%r8
0x7ffff7f8d1a0:	0x7212971510301842	0x0b444b9a681a37c7
0x7ffff7f8d1b0:	0xf5cd9e2b976c3da3	0x172b8f80f495da05

[Write Detected]
=> 0x7ffff7fb63f6:	inc    %rdx
0x7ffff7f8d1a0:	0x0000000000000000	0x84e8f8e3d54b92a7
0x7ffff7f8d1b0:	0x0392bf3eda6b072e	0x870aa26af51e4888

[Write Detected]
=> 0x7ffff7fb7b61:	lea    0x1(%r8),%r8
0x7ffff7f8d1a0:	0xa8f873334aa0dfdc	0x0000000000000000
0x7ffff7f8d1b0:	0x0000000000000000	0x0000000000000000

[Write Detected]
=> 0x7ffff7fb7bdb:	lea    0x1(%r8),%r8
0x7ffff7f8d1a0:	0x807cb80f215d73f3	0x4aee83c901c99010
0x7ffff7f8d1b0:	0x686bee7e0b443a04	0xe732c5bfdbd5d6ed

[Write Detected]
=> 0x7ffff7fb63f6:	inc    %rdx
0x7ffff7f8d1a0:	0x0000000000000000	0x94e7007f69abb8b3
0x7ffff7f8d1b0:	0x085035f9ef442d2b	0x8fcbec34920f23ce

[Write Detected]
=> 0x7ffff7fb2618:	mov    %rbx,(%rcx)
0x7ffff7f8d1a0:	0x96cfe2e55b0c7104	0xc3e3c6c5028b770e
0x7ffff7f8d1b0:	0xbbabf59fe03725cf	0x85411a33523ffd96

[Write Detected]
=> 0x7ffff7fb7bdb:	lea    0x1(%r8),%r8
0x7ffff7f8d1a0:	0x1512491929c74942	0x5280f9205552bde8
0x7ffff7f8d1b0:	0x854293e9be89358b	0xf602029dff8a4fe2

[Write Detected]
=> 0x7ffff7fb88c7:	rep movsb %ds:(%rsi),%es:(%rdi)
0x7ffff7f8d1a0:	0x1512491929c7495f	0xe9eaba9dc08e3ed3
0x7ffff7f8d1b0:	0x55a677e68a247cbb	0x3cf5da08e9026d28

[Write Detected]
=> 0x7ffff7fb88c7:	rep movsb %ds:(%rsi),%es:(%rdi)
0x7ffff7f8d1a0:	0x1512491929c7465f	0xe9eaba9dc08e3ed3
0x7ffff7f8d1b0:	0x55a677e68a247cbb	0x3cf5da08e9026d28

[Write Detected]
=> 0x7ffff7fb88c7:	rep movsb %ds:(%rsi),%es:(%rdi)
0x7ffff7f8d1a0:	0x151249192954465f	0xe9eaba9dc08e3ed3
0x7ffff7f8d1b0:	0x55a677e68a247cbb	0x3cf5da08e9026d28

[Write Detected]
=> 0x7ffff7fb88c7:	rep movsb %ds:(%rsi),%es:(%rdi)
0x7ffff7f8d1a0:	0x151249193354465f	0xe9eaba9dc08e3ed3
0x7ffff7f8d1b0:	0x55a677e68a247cbb	0x3cf5da08e9026d28

[Write Detected]
=> 0x7ffff7fb88c7:	rep movsb %ds:(%rsi),%es:(%rdi)
0x7ffff7f8d1a0:	0x584e5559335446cd	0x28d8b9338c6ef9a4
0x7ffff7f8d1b0:	0x620c8634cddcccde	0xf1081a510d0dc22d

[Write Detected]
=> 0x7ffff7fb88c7:	rep movsb %ds:(%rsi),%es:(%rdi)
0x7ffff7f8d1a0:	0x584e555933549dcd	0x28d8b9338c6ef9a4
0x7ffff7f8d1b0:	0x620c8634cddcccde	0xf1081a510d0dc22d

[Write Detected]
=> 0x7ffff7fb88c7:	rep movsb %ds:(%rsi),%es:(%rdi)
0x7ffff7f8d1a0:	0x584e555933ba9dcd	0x28d8b9338c6ef9a4
0x7ffff7f8d1b0:	0x620c8634cddcccde	0xf1081a510d0dc22d

[Write Detected]
=> 0x7ffff7fb88c7:	rep movsb %ds:(%rsi),%es:(%rdi)
0x7ffff7f8d1a0:	0x584e55597bba9dcd	0x28d8b9338c6ef9a4
0x7ffff7f8d1b0:	0x620c8634cddcccde	0xf1081a510d0dc22d

[Write Detected]
=> 0x7ffff7fb63f6:	inc    %rdx
0x7ffff7f8d1a0:	0x0000000000000000	0x755790150609342c
0x7ffff7f8d1b0:	0xe04e92c8372a6a75	0xcf8be80597b2e449

[Write Detected]
=> 0x7ffff7fb2618:	mov    %rbx,(%rcx)
0x7ffff7f8d1a0:	0x19838964f2f40d89	0x4b1bef3dde3c048b
0x7ffff7f8d1b0:	0x8f57bfacd4a2e27d	0x3e4aa159eec1343b

[Write Detected]
=> 0x7ffff7fb7bdb:	lea    0x1(%r8),%r8
0x7ffff7f8d1a0:	0xc558b9bcb70ebade	0x94ec9d6e7171374f
0x7ffff7f8d1b0:	0x041f90dea849105d	0x07cba0f20447aa43

[Write Detected]
=> 0x7ffff7fb63f6:	inc    %rdx
0x7ffff7f8d1a0:	0x0000000000000000	0xa502919a2c8533f0
0x7ffff7f8d1b0:	0x6370c95e6131b20a	0xbc12e8c55661ef1b

[Write Detected]
=> 0x7ffff7fb7b61:	lea    0x1(%r8),%r8
0x7ffff7f8d1a0:	0xe90ab3d9de5eff84	0x0000000000000000
0x7ffff7f8d1b0:	0x0000000000000000	0x0000000000000000

[Write Detected]
=> 0x7ffff7fb7bdb:	lea    0x1(%r8),%r8
0x7ffff7f8d1a0:	0xbd1e6e46e2612be6	0xa96b56ba4b6ef846
0x7ffff7f8d1b0:	0xffdf1954d3cb09b3	0x245812755e5a88d3

[Write Detected]
=> 0x7ffff7fb63f6:	inc    %rdx
0x7ffff7f8d1a0:	0x0000000000000000	0x93eb1b974f1d0fa4
0x7ffff7f8d1b0:	0x685d0ac761ffc998	0x82f73bda3913cd5c

[Write Detected]
=> 0x7ffff7fb2618:	mov    %rbx,(%rcx)
0x7ffff7f8d1a0:	0xcf3d62125caf5884	0xa12083b4ca5f6a20
0x7ffff7f8d1b0:	0x578d2d71775b237e	0x181eb7275612f421

[Write Detected]
=> 0x7ffff7fb7bdb:	lea    0x1(%r8),%r8
0x7ffff7f8d1a0:	0xcf3084b33388d2a2	0x57a9d224cc6221f3
0x7ffff7f8d1b0:	0xa6bb4a7f475d6e03	0x87fea7e85ac9ca08

[Write Detected]
=> 0x7ffff7fb63f6:	inc    %rdx
0x7ffff7f8d1a0:	0x0000000000000000	0x2c00772c6d1feebb
0x7ffff7f8d1b0:	0x1fbb0e6ab6a7bb75	0x0b2e6d8607c773e8

[Write Detected]
=> 0x7ffff7fb2618:	mov    %rbx,(%rcx)
0x7ffff7f8d1a0:	0x2dad6b99056e2e84	0x1fe189e854627856
0x7ffff7f8d1b0:	0x89c43ae26245ba96	0x7e15f0a4dcd49174

[Write Detected]
=> 0x7ffff7fb7bdb:	lea    0x1(%r8),%r8
0x7ffff7f8d1a0:	0x3bed2da9f444d1f2	0x7b11833cbae3c45e
0x7ffff7f8d1b0:	0xbd3b53017591a929	0x140fceb307a80c85

[Write Detected]
=> 0x7ffff7fb88c7:	rep movsb %ds:(%rsi),%es:(%rdi)
0x7ffff7f8d1a0:	0x3bed2da9f444d15f	0x19ef090ba00186ed
0x7ffff7f8d1b0:	0x25cd56a49ef1d1fb	0xd6a7dd39392bb3d6

[Write Detected]
=> 0x7ffff7fb88c7:	rep movsb %ds:(%rsi),%es:(%rdi)
0x7ffff7f8d1a0:	0x3bed2da9f444465f	0x19ef090ba00186ed
0x7ffff7f8d1b0:	0x25cd56a49ef1d1fb	0xd6a7dd39392bb3d6

[Write Detected]
=> 0x7ffff7fb88c7:	rep movsb %ds:(%rsi),%es:(%rdi)
0x7ffff7f8d1a0:	0x3bed2da9f454465f	0x19ef090ba00186ed
0x7ffff7f8d1b0:	0x25cd56a49ef1d1fb	0xd6a7dd39392bb3d6

[Write Detected]
=> 0x7ffff7fb88c7:	rep movsb %ds:(%rsi),%es:(%rdi)
0x7ffff7f8d1a0:	0x3bed2da93354465f	0x19ef090ba00186ed
0x7ffff7f8d1b0:	0x25cd56a49ef1d1fb	0xd6a7dd39392bb3d6

[Write Detected]
=> 0x7ffff7fb88c7:	rep movsb %ds:(%rsi),%es:(%rdi)
0x7ffff7f8d1a0:	0x584e555933544627	0x28d8b9338c6ef9a4
0x7ffff7f8d1b0:	0x620c8634cddcccde	0xf1081a510d0dc22d

[Write Detected]
=> 0x7ffff7fb88c7:	rep movsb %ds:(%rsi),%es:(%rdi)
0x7ffff7f8d1a0:	0x584e555933ab4627	0x28d8b9338c6ef9a4
0x7ffff7f8d1b0:	0x620c8634cddcccde	0xf1081a510d0dc22d

[Write Detected]
=> 0x7ffff7fb88c7:	rep movsb %ds:(%rsi),%es:(%rdi)
0x7ffff7f8d1a0:	0x584e555926ab4627	0x28d8b9338c6ef9a4
0x7ffff7f8d1b0:	0x620c8634cddcccde	0xf1081a510d0dc22d

[Write Detected]
=> 0x7ffff7fb63f6:	inc    %rdx
0x7ffff7f8d1a0:	0x0000000000000000	0x6d7870229f72e76c
0x7ffff7f8d1b0:	0x71a0e5400a5d5035	0x5fcd55d5331b6d01

[Write Detected]
=> 0x7ffff7fb7b61:	lea    0x1(%r8),%r8
0x7ffff7f8d1a0:	0x95770da9bd015e80	0x0000000000000000
0x7ffff7f8d1b0:	0x0000000000000000	0x0000000000000000

[Write Detected]
=> 0x7ffff7fb7bdb:	lea    0x1(%r8),%r8
0x7ffff7f8d1a0:	0x96e757c5cad4ac3f	0x586bfc78b1dbdf9d
0x7ffff7f8d1b0:	0x93e0718e5d7f0fb5	0xbeb156636da1219c

[Write Detected]
=> 0x7ffff7fb88c7:	rep movsb %ds:(%rsi),%es:(%rdi)
0x7ffff7f8d1a0:	0x96e757c5cad4ac5f	0xf0469a3f57229a96
0x7ffff7f8d1b0:	0x220d57cb86fed2e2	0xb6d28254ab1b0995

[Write Detected]
=> 0x7ffff7fb88c7:	rep movsb %ds:(%rsi),%es:(%rdi)
0x7ffff7f8d1a0:	0x96e757c5cad4465f	0xf0469a3f57229a96
0x7ffff7f8d1b0:	0x220d57cb86fed2e2	0xb6d28254ab1b0995

[Write Detected]
=> 0x7ffff7fb88c7:	rep movsb %ds:(%rsi),%es:(%rdi)
0x7ffff7f8d1a0:	0x96e757c5ca54465f	0xf0469a3f57229a96
0x7ffff7f8d1b0:	0x220d57cb86fed2e2	0xb6d28254ab1b0995

[Write Detected]
=> 0x7ffff7fb88c7:	rep movsb %ds:(%rsi),%es:(%rdi)
0x7ffff7f8d1a0:	0x96e757c53354465f	0xf0469a3f57229a96
0x7ffff7f8d1b0:	0x220d57cb86fed2e2	0xb6d28254ab1b0995

[Write Detected]
=> 0x7ffff7fb88c7:	rep movsb %ds:(%rsi),%es:(%rdi)
0x7ffff7f8d1a0:	0x584e5559335446d8	0x28d8b9338c6ef9a4
0x7ffff7f8d1b0:	0x620c8634cddcccde	0xf1081a510d0dc22d

[Write Detected]
=> 0x7ffff7fb88c7:	rep movsb %ds:(%rsi),%es:(%rdi)
0x7ffff7f8d1a0:	0x584e5559335428d8	0x28d8b9338c6ef9a4
0x7ffff7f8d1b0:	0x620c8634cddcccde	0xf1081a510d0dc22d

[Write Detected]
=> 0x7ffff7fb88c7:	rep movsb %ds:(%rsi),%es:(%rdi)
0x7ffff7f8d1a0:	0x584e5559330228d8	0x28d8b9338c6ef9a4
0x7ffff7f8d1b0:	0x620c8634cddcccde	0xf1081a510d0dc22d

[Write Detected]
=> 0x7ffff7fb88c7:	rep movsb %ds:(%rsi),%es:(%rdi)
0x7ffff7f8d1a0:	0x584e5559780228d8	0x28d8b9338c6ef9a4
0x7ffff7f8d1b0:	0x620c8634cddcccde	0xf1081a510d0dc22d

[Write Detected]
=> 0x7ffff7fb63f6:	inc    %rdx
0x7ffff7f8d1a0:	0x0000000000000000	0x2756711f97bd7830
0x7ffff7f8d1b0:	0x155889d1fa08e5ad	0x880bbf663bfaf63e

[Write Detected]
=> 0x7ffff7fb2618:	mov    %rbx,(%rcx)
0x7ffff7f8d1a0:	0x136c92b4c402aaf9	0xf783ee7b0915a90d
0x7ffff7f8d1b0:	0xf27a9104b58573a1	0xd8892fda5eb4a070

[Write Detected]
=> 0x7ffff7fb7bdb:	lea    0x1(%r8),%r8
0x7ffff7f8d1a0:	0x21cdddca5bd95f1a	0x83e100e04e26d157
0x7ffff7f8d1b0:	0x3740506c115c2e0d	0xc7c67ed0468215f2

[Write Detected]
=> 0x7ffff7fb63f6:	inc    %rdx
0x7ffff7f8d1a0:	0x0000000000000000	0xffc5b0b62c9f0f50
0x7ffff7f8d1b0:	0xeb3fb82b5ba7256d	0x99a6bbde71ef832e

[Write Detected]
=> 0x7ffff7fb7b61:	lea    0x1(%r8),%r8
0x7ffff7f8d1a0:	0x94c92491ebebdf66	0x0000000000000000
0x7ffff7f8d1b0:	0x0000000000000000	0x0000000000000000

[Write Detected]
=> 0x7ffff7fb7bdb:	lea    0x1(%r8),%r8
0x7ffff7f8d1a0:	0xcd991bc4d7dd6050	0x1ebc4c4667d04227
0x7ffff7f8d1b0:	0xb5e1f2c50ccf2ecd	0x2a8e697c9eb9fa30

[Write Detected]
=> 0x7ffff7fb63f6:	inc    %rdx
0x7ffff7f8d1a0:	0x0000000000000000	0x15dc6c692884251e
0x7ffff7f8d1b0:	0xc377b2be9d36baeb	0x808d24ba42920c69

[Write Detected]
=> 0x7ffff7fb2618:	mov    %rbx,(%rcx)
0x7ffff7f8d1a0:	0x65d53b36d9684ea4	0xfbba0f74f9a63e20
0x7ffff7f8d1b0:	0xd467b216a333a416	0x19ab400f7254919c

[Write Detected]
=> 0x7ffff7fb7bdb:	lea    0x1(%r8),%r8
0x7ffff7f8d1a0:	0xecaa9d8b3725c76b	0x90e896ec4e2d3f26
0x7ffff7f8d1b0:	0x837ec9582b6026bb	0x44c49f6a0888bd4b

[Write Detected]
=> 0x7ffff7fb88c7:	rep movsb %ds:(%rsi),%es:(%rdi)
0x7ffff7f8d1a0:	0xecaa9d8b3725c75f	0xc555611c798578c6
0x7ffff7f8d1b0:	0xe56032db74681924	0xacbf87752bebdee6

[Write Detected]
=> 0x7ffff7fb88c7:	rep movsb %ds:(%rsi),%es:(%rdi)
0x7ffff7f8d1a0:	0xecaa9d8b3725465f	0xc555611c798578c6
0x7ffff7f8d1b0:	0xe56032db74681924	0xacbf87752bebdee6

[Write Detected]
=> 0x7ffff7fb88c7:	rep movsb %ds:(%rsi),%es:(%rdi)
0x7ffff7f8d1a0:	0xecaa9d8b3754465f	0xc555611c798578c6
0x7ffff7f8d1b0:	0xe56032db74681924	0xacbf87752bebdee6

[Write Detected]
=> 0x7ffff7fb88c7:	rep movsb %ds:(%rsi),%es:(%rdi)
0x7ffff7f8d1a0:	0xecaa9d8b3354465f	0xc555611c798578c6
0x7ffff7f8d1b0:	0xe56032db74681924	0xacbf87752bebdee6

[Write Detected]
=> 0x7ffff7fb88c7:	rep movsb %ds:(%rsi),%es:(%rdi)
0x7ffff7f8d1a0:	0x584e555933544662	0x28d8b9338c6ef9a4
0x7ffff7f8d1b0:	0x620c8634cddcccde	0xf1081a510d0dc22d

[Write Detected]
=> 0x7ffff7fb88c7:	rep movsb %ds:(%rsi),%es:(%rdi)
0x7ffff7f8d1a0:	0x584e555933540662	0x28d8b9338c6ef9a4
0x7ffff7f8d1b0:	0x620c8634cddcccde	0xf1081a510d0dc22d

[Write Detected]
=> 0x7ffff7fb88c7:	rep movsb %ds:(%rsi),%es:(%rdi)
0x7ffff7f8d1a0:	0x584e555933c00662	0x28d8b9338c6ef9a4
0x7ffff7f8d1b0:	0x620c8634cddcccde	0xf1081a510d0dc22d

[Write Detected]
=> 0x7ffff7fb88c7:	rep movsb %ds:(%rsi),%es:(%rdi)
0x7ffff7f8d1a0:	0x584e5559b6c00662	0x28d8b9338c6ef9a4
0x7ffff7f8d1b0:	0x620c8634cddcccde	0xf1081a510d0dc22d

[Write Detected]
=> 0x7ffff7fb63f6:	inc    %rdx
0x7ffff7f8d1a0:	0x0000000000000000	0x19409ab4d70f7062
0x7ffff7f8d1b0:	0x9be1a8ee562a7bd3	0xc7790a2508fce59b

[Write Detected]
=> 0x7ffff7fb2618:	mov    %rbx,(%rcx)
0x7ffff7f8d1a0:	0x158e22d613faa1c4	0xfacfa9a4aa9b4442
0x7ffff7f8d1b0:	0x4bd7bcfc315f9374	0xef3910b9251dfb3c

[Write Detected]
=> 0x7ffff7fb7bdb:	lea    0x1(%r8),%r8
0x7ffff7f8d1a0:	0xdadfbfaa3d0d3c52	0x1eb4734152bcf0d1
0x7ffff7f8d1b0:	0x79d8c7fa47b5cae3	0x8972a272272e89f2

[Write Detected]
=> 0x7ffff7fb63f6:	inc    %rdx
0x7ffff7f8d1a0:	0x0000000000000000	0x5371905de6d607d6
0x7ffff7f8d1b0:	0x3f4af88db66bba04	0x50a6d6db9d6491ee

[Write Detected]
=> 0x7ffff7fb2618:	mov    %rbx,(%rcx)
0x7ffff7f8d1a0:	0xa301c856428a8a44	0x165fd7067e42aa8c
0x7ffff7f8d1b0:	0x7814e8ef04b329ce	0x0ee8a497da18b1fa

[Write Detected]
=> 0x7ffff7fb7bdb:	lea    0x1(%r8),%r8
0x7ffff7f8d1a0:	0x23a38d96c2e2d32e	0x94cb86be18c2bb8b
0x7ffff7f8d1b0:	0xfae3715be360ff43	0x69732d7c8a1d91ee

[Write Detected]
=> 0x7ffff7fb63f6:	inc    %rdx
0x7ffff7f8d1a0:	0x0000000000000000	0xf0702c5dfa414458
0x7ffff7f8d1b0:	0x33bf7599a5fcfd3a	0xee3cf2472b6a4c6e

[Write Detected]
=> 0x7ffff7fb7b61:	lea    0x1(%r8),%r8
0x7ffff7f8d1a0:	0x27620c94a3f690ec	0x0000000000000000
0x7ffff7f8d1b0:	0x0000000000000000	0x0000000000000000

[Write Detected]
=> 0x7ffff7fb7bdb:	lea    0x1(%r8),%r8
0x7ffff7f8d1a0:	0x8a1089dd40d49317	0x6b222c51f410cb53
0x7ffff7f8d1b0:	0x9c4ac0b198ccdf48	0x00a858e05f9a7797

[Write Detected]
=> 0x7ffff7fb88c7:	rep movsb %ds:(%rsi),%es:(%rdi)
0x7ffff7f8d1a0:	0x8a1089dd40d4935f	0x3ce35b6afb496681
0x7ffff7f8d1b0:	0x543f7eafe2aad252	0xdb8fbd0314ec3a5f

[Write Detected]
=> 0x7ffff7fb88c7:	rep movsb %ds:(%rsi),%es:(%rdi)
0x7ffff7f8d1a0:	0x8a1089dd40d4465f	0x3ce35b6afb496681
0x7ffff7f8d1b0:	0x543f7eafe2aad252	0xdb8fbd0314ec3a5f

[Write Detected]
=> 0x7ffff7fb88c7:	rep movsb %ds:(%rsi),%es:(%rdi)
0x7ffff7f8d1a0:	0x8a1089dd4054465f	0x3ce35b6afb496681
0x7ffff7f8d1b0:	0x543f7eafe2aad252	0xdb8fbd0314ec3a5f

[Write Detected]
=> 0x7ffff7fb88c7:	rep movsb %ds:(%rsi),%es:(%rdi)
0x7ffff7f8d1a0:	0x8a1089dd3354465f	0x3ce35b6afb496681
0x7ffff7f8d1b0:	0x543f7eafe2aad252	0xdb8fbd0314ec3a5f

[Write Detected]
=> 0x7ffff7fb88c7:	rep movsb %ds:(%rsi),%es:(%rdi)
0x7ffff7f8d1a0:	0x584e5559335446ae	0x28d8b9338c6ef9a4
0x7ffff7f8d1b0:	0x620c8634cddcccde	0xf1081a510d0dc22d

[Write Detected]
=> 0x7ffff7fb88c7:	rep movsb %ds:(%rsi),%es:(%rdi)
0x7ffff7f8d1a0:	0x584e555933544fae	0x28d8b9338c6ef9a4
0x7ffff7f8d1b0:	0x620c8634cddcccde	0xf1081a510d0dc22d

[Write Detected]
=> 0x7ffff7fb88c7:	rep movsb %ds:(%rsi),%es:(%rdi)
0x7ffff7f8d1a0:	0x584e555933fe4fae	0x28d8b9338c6ef9a4
0x7ffff7f8d1b0:	0x620c8634cddcccde	0xf1081a510d0dc22d

[Write Detected]
=> 0x7ffff7fb88c7:	rep movsb %ds:(%rsi),%es:(%rdi)
0x7ffff7f8d1a0:	0x584e555979fe4fae	0x28d8b9338c6ef9a4
0x7ffff7f8d1b0:	0x620c8634cddcccde	0xf1081a510d0dc22d

[Write Detected]
=> 0x7ffff7fb63f6:	inc    %rdx
0x7ffff7f8d1a0:	0x0000000000000000	0xf37cb917b2c91fd9
0x7ffff7f8d1b0:	0xed1c940e58af69d1	0x1685c086eab83754

[Write Detected]
=> 0x7ffff7fb7b61:	lea    0x1(%r8),%r8
0x7ffff7f8d1a0:	0x12fa8d8ba055eae6	0x0000000000000000
0x7ffff7f8d1b0:	0x0000000000000000	0x0000000000000000

[Write Detected]
=> 0x7ffff7fb7bdb:	lea    0x1(%r8),%r8
0x7ffff7f8d1a0:	0xc6f2ace25dfc4da0	0x8a366ad56ba9072f
0x7ffff7f8d1b0:	0x3830584f268866b8	0x193810a5185bf99c

[Write Detected]
=> 0x7ffff7fb63f6:	inc    %rdx
0x7ffff7f8d1a0:	0x0000000000000000	0x6865995bfc0e2c5b
0x7ffff7f8d1b0:	0xf04caba0db73af99	0x3cd7036e03b16082

[Write Detected]
=> 0x7ffff7fb2618:	mov    %rbx,(%rcx)
0x7ffff7f8d1a0:	0xfa5e44c1b270d679	0xc23f2f96ab40ae0c
0x7ffff7f8d1b0:	0xcb0553af8cd0d888	0xa2a9632a3ab47c52

[Write Detected]
=> 0x7ffff7fb7bdb:	lea    0x1(%r8),%r8
0x7ffff7f8d1a0:	0xa316b497b73869ef	0x325f504aba0ac21e
0x7ffff7f8d1b0:	0xa249ce51e30740bb	0x35700c018143d687

[Write Detected]
=> 0x7ffff7fb63f6:	inc    %rdx
0x7ffff7f8d1a0:	0x0000000000000000	0x7e784686bf7ebc4b
0x7ffff7f8d1b0:	0xe1052c00be3f942d	0x7ff853e2fd1a3938

[Write Detected]
=> 0x7ffff7fb2618:	mov    %rbx,(%rcx)
0x7ffff7f8d1a0:	0x8bbac3d43665ed21	0x272c64e78ff48d05
0x7ffff7f8d1b0:	0xfa294a8ea68822fa	0x4eb847edc707702e

[Write Detected]
=> 0x7ffff7fb7bdb:	lea    0x1(%r8),%r8
0x7ffff7f8d1a0:	0x5eb29472d13bd8c3	0x4c8b2c647ff400e4
0x7ffff7f8d1b0:	0xbc540b13abffb083	0xef45dea6ea2e3184

[Write Detected]
=> 0x7ffff7fb63f6:	inc    %rdx
0x7ffff7f8d1a0:	0x0000000000000000	0x2071011e6b41fe4d
0x7ffff7f8d1b0:	0x379cb160fccea9af	0x1a3579ffc8f630c1

[Write Detected]
=> 0x7ffff7fb7b61:	lea    0x1(%r8),%r8
0x7ffff7f8d1a0:	0x641a657ffc8e20e0	0x0000000000000000
0x7ffff7f8d1b0:	0x0000000000000000	0x0000000000000000

[Write Detected]
=> 0x7ffff7fb7bdb:	lea    0x1(%r8),%r8
0x7ffff7f8d1a0:	0x980bc36ac8960b2c	0x5c53b26bc109449d
0x7ffff7f8d1b0:	0x6a37c1515b7d96cc	0x4280b31ff187b961

[Write Detected]
=> 0x7ffff7fb63f6:	inc    %rdx
0x7ffff7f8d1a0:	0x0000000000000000	0xbbbd4443b8b32b09
0x7ffff7f8d1b0:	0x37a51b9aa7f7f246	0x3d9af6c410126766

[Write Detected]
=> 0x7ffff7fb2618:	mov    %rbx,(%rcx)
0x7ffff7f8d1a0:	0xda1d4b98076ba489	0x288adfc7da94aca7
0x7ffff7f8d1b0:	0xf992ca11bef0a48b	0xabd0641f65234d01

[Write Detected]
=> 0x7ffff7fb7bdb:	lea    0x1(%r8),%r8
0x7ffff7f8d1a0:	0x21c30d4d7d30a729	0x65599470ae8b0325
0x7ffff7f8d1b0:	0x059663008eeb448b	0xd33769ccd7a356f7

[Write Detected]
=> 0x7ffff7fb88c7:	rep movsb %ds:(%rsi),%es:(%rdi)
0x7ffff7f8d1a0:	0x21c30d4d7d30a75f	0x8dca36adf9be95b4
0x7ffff7f8d1b0:	0x3185d9f758a9e944	0xc7c3523c0c9c3f75

[Write Detected]
=> 0x7ffff7fb88c7:	rep movsb %ds:(%rsi),%es:(%rdi)
0x7ffff7f8d1a0:	0x21c30d4d7d30465f	0x8dca36adf9be95b4
0x7ffff7f8d1b0:	0x3185d9f758a9e944	0xc7c3523c0c9c3f75

[Write Detected]
=> 0x7ffff7fb88c7:	rep movsb %ds:(%rsi),%es:(%rdi)
0x7ffff7f8d1a0:	0x21c30d4d7d54465f	0x8dca36adf9be95b4
0x7ffff7f8d1b0:	0x3185d9f758a9e944	0xc7c3523c0c9c3f75

[Write Detected]
=> 0x7ffff7fb88c7:	rep movsb %ds:(%rsi),%es:(%rdi)
0x7ffff7f8d1a0:	0x21c30d4d3354465f	0x8dca36adf9be95b4
0x7ffff7f8d1b0:	0x3185d9f758a9e944	0xc7c3523c0c9c3f75

[Write Detected]
=> 0x7ffff7fb88c7:	rep movsb %ds:(%rsi),%es:(%rdi)
0x7ffff7f8d1a0:	0x584e5559335446f5	0x28d8b9338c6ef9a4
0x7ffff7f8d1b0:	0x620c8634cddcccde	0xf1081a510d0dc22d

[Write Detected]
=> 0x7ffff7fb88c7:	rep movsb %ds:(%rsi),%es:(%rdi)
0x7ffff7f8d1a0:	0x584e55593354ddf5	0x28d8b9338c6ef9a4
0x7ffff7f8d1b0:	0x620c8634cddcccde	0xf1081a510d0dc22d

[Write Detected]
=> 0x7ffff7fb88c7:	rep movsb %ds:(%rsi),%es:(%rdi)
0x7ffff7f8d1a0:	0x584e555933b0ddf5	0x28d8b9338c6ef9a4
0x7ffff7f8d1b0:	0x620c8634cddcccde	0xf1081a510d0dc22d

[Write Detected]
=> 0x7ffff7fb88c7:	rep movsb %ds:(%rsi),%es:(%rdi)
0x7ffff7f8d1a0:	0x584e555934b0ddf5	0x28d8b9338c6ef9a4
0x7ffff7f8d1b0:	0x620c8634cddcccde	0xf1081a510d0dc22d

[Write Detected]
=> 0x7ffff7fb63f6:	inc    %rdx
0x7ffff7f8d1a0:	0x0000000000000000	0xb0e1e471f8f972bc
0x7ffff7f8d1b0:	0x14f87a2017e6287d	0x0dd200f307db2619

[Write Detected]
=> 0x7ffff7fb2618:	mov    %rbx,(%rcx)
0x7ffff7f8d1a0:	0x61b5f208a9810a31	0xb5cafb0a0f33af41
0x7ffff7f8d1b0:	0x1cf7c8e37b99fc5e	0xaaef4aefbbb055d5

[Write Detected]
=> 0x7ffff7fb7bdb:	lea    0x1(%r8),%r8
0x7ffff7f8d1a0:	0x13f48aa378293654	0xd2f85142027d1c46
0x7ffff7f8d1b0:	0x4e065cdd21a832e2	0x5062e996ac0bdee0

[Write Detected]
=> 0x7ffff7fb63f6:	inc    %rdx
0x7ffff7f8d1a0:	0x0000000000000000	0x1c8fb8803663f083
0x7ffff7f8d1b0:	0x16c39409a01348c9	0x1d543a8849ac4159

[Write Detected]
=> 0x7ffff7fb7b61:	lea    0x1(%r8),%r8
0x7ffff7f8d1a0:	0x7b277dbea122a3b8	0x0000000000000000
0x7ffff7f8d1b0:	0x0000000000000000	0x0000000000000000

[Write Detected]
=> 0x7ffff7fb7bdb:	lea    0x1(%r8),%r8
0x7ffff7f8d1a0:	0x39e060895c7ab789	0xf8ab4acef4b637cd
0x7ffff7f8d1b0:	0x3ec2d8aaa6faed8b	0xd21c2bd838bebcf6

[Write Detected]
=> 0x7ffff7fb63f6:	inc    %rdx
0x7ffff7f8d1a0:	0x0000000000000000	0x89e51bcff38fbca9
0x7ffff7f8d1b0:	0xe5e2e4437a9eeec7	0x2f194dc1ede0bad8

[Write Detected]
=> 0x7ffff7fb2618:	mov    %rbx,(%rcx)
0x7ffff7f8d1a0:	0xb3946889326f8b90	0xcd3fe5b2da818cfc
0x7ffff7f8d1b0:	0x904bed418c7c1893	0x2270f42e0276b0ce

[Write Detected]
=> 0x7ffff7fb7bdb:	lea    0x1(%r8),%r8
0x7ffff7f8d1a0:	0x68fccf00c7d84eea	0x43369529139785f8
0x7ffff7f8d1b0:	0x291881f5dd8e6db2	0x9b7f166406ff0b49

[Write Detected]
=> 0x7ffff7fb63f6:	inc    %rdx
0x7ffff7f8d1a0:	0x0000000000000000	0x92b4786589a1a4e9
0x7ffff7f8d1b0:	0xffa65e7f657c2678	0x23b7399d53e83f42

[Write Detected]
=> 0x7ffff7fb2618:	mov    %rbx,(%rcx)
0x7ffff7f8d1a0:	0xe8506d750f336de4	0x4b022b535197bafa
0x7ffff7f8d1b0:	0x5fa38d367831392c	0x41bea95b87f98115

[Write Detected]
=> 0x7ffff7fb7bdb:	lea    0x1(%r8),%r8
0x7ffff7f8d1a0:	0xe5a198c66475c3a3	0x71136a1580bfa5ca
0x7ffff7f8d1b0:	0xd12df766b743b4af	0xf6eeca52f4e125fa

[Write Detected]
=> 0x7ffff7fb88c7:	rep movsb %ds:(%rsi),%es:(%rdi)
0x7ffff7f8d1a0:	0xe5a198c66475c35f	0x27b293ab7438dbce
0x7ffff7f8d1b0:	0xbe884c298ecd6b96	0xaceee0d9238a2534

[Write Detected]
=> 0x7ffff7fb88c7:	rep movsb %ds:(%rsi),%es:(%rdi)
0x7ffff7f8d1a0:	0xe5a198c66475465f	0x27b293ab7438dbce
0x7ffff7f8d1b0:	0xbe884c298ecd6b96	0xaceee0d9238a2534

[Write Detected]
=> 0x7ffff7fb88c7:	rep movsb %ds:(%rsi),%es:(%rdi)
0x7ffff7f8d1a0:	0xe5a198c66454465f	0x27b293ab7438dbce
0x7ffff7f8d1b0:	0xbe884c298ecd6b96	0xaceee0d9238a2534

[Write Detected]
=> 0x7ffff7fb88c7:	rep movsb %ds:(%rsi),%es:(%rdi)
0x7ffff7f8d1a0:	0xe5a198c63354465f	0x27b293ab7438dbce
0x7ffff7f8d1b0:	0xbe884c298ecd6b96	0xaceee0d9238a2534

[Write Detected]
=> 0x7ffff7fb88c7:	rep movsb %ds:(%rsi),%es:(%rdi)
0x7ffff7f8d1a0:	0x584e5559335446c3	0x28d8b9338c6ef9a4
0x7ffff7f8d1b0:	0x620c8634cddcccde	0xf1081a510d0dc22d

[Write Detected]
=> 0x7ffff7fb88c7:	rep movsb %ds:(%rsi),%es:(%rdi)
0x7ffff7f8d1a0:	0x584e55593354cfc3	0x28d8b9338c6ef9a4
0x7ffff7f8d1b0:	0x620c8634cddcccde	0xf1081a510d0dc22d

[Write Detected]
=> 0x7ffff7fb88c7:	rep movsb %ds:(%rsi),%es:(%rdi)
0x7ffff7f8d1a0:	0x584e55593390cfc3	0x28d8b9338c6ef9a4
0x7ffff7f8d1b0:	0x620c8634cddcccde	0xf1081a510d0dc22d

[Write Detected]
=> 0x7ffff7fb88c7:	rep movsb %ds:(%rsi),%es:(%rdi)
0x7ffff7f8d1a0:	0x584e55590e90cfc3	0x28d8b9338c6ef9a4
0x7ffff7f8d1b0:	0x620c8634cddcccde	0xf1081a510d0dc22d

[Write Detected]
=> 0x7ffff7fb63f6:	inc    %rdx
0x7ffff7f8d1a0:	0x0000000000000000	0xefd2c18a1b2ad4de
0x7ffff7f8d1b0:	0xc15b257c9a7be6d2	0xe3347469e9054de5

[Write Detected]
=> 0x7ffff7fb2618:	mov    %rbx,(%rcx)
0x7ffff7f8d1a0:	0xc19e07dd4b6c7151	0xe5ecc3437bb9398e
0x7ffff7f8d1b0:	0x3c1aaea3dcb21746	0xda2c3ce581d8cc6e

[Write Detected]
=> 0x7ffff7fb7bdb:	lea    0x1(%r8),%r8
0x7ffff7f8d1a0:	0x16b867dff411e429	0x4c7619f3d9985864
0x7ffff7f8d1b0:	0x314dcd804ac601d2	0x189d9deb7956d694

[Write Detected]
=> 0x7ffff7fb63f6:	inc    %rdx
0x7ffff7f8d1a0:	0x0000000000000000	0x3656407f83c1076a
0x7ffff7f8d1b0:	0x019ea32e8ebf68da	0x39ff12bd246ffc82

[Write Detected]
=> 0x7ffff7fb7b61:	lea    0x1(%r8),%r8
0x7ffff7f8d1a0:	0xc7086a8ee680d636	0x0000000000000000
0x7ffff7f8d1b0:	0x0000000000000000	0x0000000000000000

[Write Detected]
=> 0x7ffff7fb7bdb:	lea    0x1(%r8),%r8
0x7ffff7f8d1a0:	0xec9917e68a679601	0x6d524ef780983107
0x7ffff7f8d1b0:	0xa9553f5618ed2de6	0x1c9370cb158135e4

[Write Detected]
=> 0x7ffff7fb63f6:	inc    %rdx
0x7ffff7f8d1a0:	0x0000000000000000	0xaee3a3c0d701996d
0x7ffff7f8d1b0:	0xc078ae6bf3deef2a	0x7c43d74ab24e2e62

[Write Detected]
=> 0x7ffff7fb2618:	mov    %rbx,(%rcx)
0x7ffff7f8d1a0:	0x8c66999c40cb0e91	0x369ebbfc8a8e97fa
0x7ffff7f8d1b0:	0x3b521db8a260bb02	0x2d419915b90cd72c

[Write Detected]
=> 0x7ffff7fb7bdb:	lea    0x1(%r8),%r8
0x7ffff7f8d1a0:	0xfda0e9ffc79d20df	0xa73f796b1ecb937e
0x7ffff7f8d1b0:	0x6014f7ed416c9118	0xafcf39739bec7e21

[Write Detected]
=> 0x7ffff7fb63f6:	inc    %rdx
0x7ffff7f8d1a0:	0x0000000000000000	0x4110ed49505e3557
0x7ffff7f8d1b0:	0x274df7f7f9714090	0x5c54ea4e79e599f1

[Write Detected]
=> 0x7ffff7fb7b61:	lea    0x1(%r8),%r8
0x7ffff7f8d1a0:	0xfca75e404898cadf	0x0000000000000000
0x7ffff7f8d1b0:	0x0000000000000000	0x0000000000000000

[Write Detected]
=> 0x7ffff7fb7bdb:	lea    0x1(%r8),%r8
0x7ffff7f8d1a0:	0xb748988abaf88331	0x136ec3d15d6cd730
0x7ffff7f8d1b0:	0xa6106e3262c903f1	0xbd46c079ba3379f8

[Write Detected]
=> 0x7ffff7fb63f6:	inc    %rdx
0x7ffff7f8d1a0:	0x0000000000000000	0xd9d4b6ad76fe67e4
0x7ffff7f8d1b0:	0x1a4e0551b2a32144	0xe8a768c96e99934e

[Write Detected]
=> 0x7ffff7fb2618:	mov    %rbx,(%rcx)
0x7ffff7f8d1a0:	0x294313ce07be8241	0x6c9ab2cf201656c9
0x7ffff7f8d1b0:	0x47ee03d426d8c165	0x4b6ce996d7483b1e

[Write Detected]
=> 0x7ffff7fb7bdb:	lea    0x1(%r8),%r8
0x7ffff7f8d1a0:	0x4e9cd28e1d3e9284	0x94f03fc4e1bb87af
0x7ffff7f8d1b0:	0xdc0dad51a2f591d7	0xe238817fbf05f56a

[Write Detected]
=> 0x7ffff7fb63f6:	inc    %rdx
0x7ffff7f8d1a0:	0x0000000000000000	0x429a950e963aecfa
0x7ffff7f8d1b0:	0x0b265bcfbd99b5ad	0x14cc56702a440eb7

[Write Detected]
=> 0x7ffff7fb2618:	mov    %rbx,(%rcx)
0x7ffff7f8d1a0:	0x1e0256ed33cad410	0x80b0c2fcc814c4e8
0x7ffff7f8d1b0:	0x2718bc69140e4715	0x68d919832fd0a329

[Write Detected]
=> 0x7ffff7fb7bdb:	lea    0x1(%r8),%r8
0x7ffff7f8d1a0:	0x290487695e711afa	0xb1a006bd52d246b2
0x7ffff7f8d1b0:	0x980e72d702141930	0xcfa379fcaef320e1

[Write Detected]
=> 0x7ffff7fb63f6:	inc    %rdx
0x7ffff7f8d1a0:	0x0000000000000000	0x865c5dddc870e9cf
0x7ffff7f8d1b0:	0xe80a06de82d5340a	0xd1869bc2ca53e435

[Write Detected]
=> 0x7ffff7fb2618:	mov    %rbx,(%rcx)
0x7ffff7f8d1a0:	0xd1e30edc6b8bbc24	0x06132f896c625a26
0x7ffff7f8d1b0:	0xf25221730f6cc90a	0xeac7b3e54165f82a

[Write Detected]
=> 0x7ffff7fb7bdb:	lea    0x1(%r8),%r8
0x7ffff7f8d1a0:	0x5030e92ab4d942ea	0xb7198021363a4852
0x7ffff7f8d1b0:	0x9414c2c3c7346df3	0xbd04e62771a6b52d

[Write Detected]
=> 0x7ffff7fb63f6:	inc    %rdx
0x7ffff7f8d1a0:	0x0000000000000000	0xb817e1b40f11fa1b
0x7ffff7f8d1b0:	0x07de1bd72b8a7a1f	0xebf4ab0db56ac9bf

[Write Detected]
=> 0x7ffff7fb2618:	mov    %rbx,(%rcx)
0x7ffff7f8d1a0:	0xaa9a274392317de4	0x84e3bffe65cc92ae
0x7ffff7f8d1b0:	0x558d14ebd934002e	0xa346c8e257bc7ed1

[Write Detected]
=> 0x7ffff7fb7bdb:	lea    0x1(%r8),%r8
0x7ffff7f8d1a0:	0xe2d870f7dd470066	0x24ac2a9c625c32de
0x7ffff7f8d1b0:	0x0c949d79a36dcaf1	0x377bfa3119fadfc9

[Write Detected]
=> 0x7ffff7fb63f6:	inc    %rdx
0x7ffff7f8d1a0:	0x0000000000000000	0xc34420d5d8601bbd
0x7ffff7f8d1b0:	0x6797bde8c1d00524	0xd69a702d7ff00883

[Write Detected]
=> 0x7ffff7fb7b61:	lea    0x1(%r8),%r8
0x7ffff7f8d1a0:	0x2b532fbb2e9b4586	0x0000000000000000
0x7ffff7f8d1b0:	0x0000000000000000	0x0000000000000000

[Write Detected]
=> 0x7ffff7fb7bdb:	lea    0x1(%r8),%r8
0x7ffff7f8d1a0:	0x771a7e51c91131be	0x960b12b07f6c86c7
0x7ffff7f8d1b0:	0xc1a42586343203f7	0x5d895d84278bcf1b

[Write Detected]
=> 0x7ffff7fb63f6:	inc    %rdx
0x7ffff7f8d1a0:	0x0000000000000000	0xee47e75565641966
0x7ffff7f8d1b0:	0xe58f59b378a58078	0xe4fc0673b76ff418

[Write Detected]
=> 0x7ffff7fb2618:	mov    %rbx,(%rcx)
0x7ffff7f8d1a0:	0xa2bfaf35549428a4	0x9694832910b60d4e
0x7ffff7f8d1b0:	0xaeaff23e1532ab75	0xad66316c291cf263

[Write Detected]
=> 0x7ffff7fb7bdb:	lea    0x1(%r8),%r8
0x7ffff7f8d1a0:	0x6cac99ea8d7e71e8	0x38c03cb060514f87
0x7ffff7f8d1b0:	0x310a7cc14222a274	0xb81bf8d875b10206

[Write Detected]
=> 0x7ffff7fb88c7:	rep movsb %ds:(%rsi),%es:(%rdi)
0x7ffff7f8d1a0:	0x6cac99ea8d7e715f	0x18f26547951cdf1b
0x7ffff7f8d1b0:	0x24b4eb791047fa5b	0x92f628246aaddd0d

[Write Detected]
=> 0x7ffff7fb88c7:	rep movsb %ds:(%rsi),%es:(%rdi)
0x7ffff7f8d1a0:	0x6cac99ea8d7e465f	0x18f26547951cdf1b
0x7ffff7f8d1b0:	0x24b4eb791047fa5b	0x92f628246aaddd0d

[Write Detected]
=> 0x7ffff7fb88c7:	rep movsb %ds:(%rsi),%es:(%rdi)
0x7ffff7f8d1a0:	0x6cac99ea8d54465f	0x18f26547951cdf1b
0x7ffff7f8d1b0:	0x24b4eb791047fa5b	0x92f628246aaddd0d

[Write Detected]
=> 0x7ffff7fb88c7:	rep movsb %ds:(%rsi),%es:(%rdi)
0x7ffff7f8d1a0:	0x6cac99ea3354465f	0x18f26547951cdf1b
0x7ffff7f8d1b0:	0x24b4eb791047fa5b	0x92f628246aaddd0d

[Write Detected]
=> 0x7ffff7fb88c7:	rep movsb %ds:(%rsi),%es:(%rdi)
0x7ffff7f8d1a0:	0x584e555933544670	0x28d8b9338c6ef9a4
0x7ffff7f8d1b0:	0x620c8634cddcccde	0xf1081a510d0dc22d

[Write Detected]
=> 0x7ffff7fb88c7:	rep movsb %ds:(%rsi),%es:(%rdi)
0x7ffff7f8d1a0:	0x584e555933543c70	0x28d8b9338c6ef9a4
0x7ffff7f8d1b0:	0x620c8634cddcccde	0xf1081a510d0dc22d

[Write Detected]
=> 0x7ffff7fb88c7:	rep movsb %ds:(%rsi),%es:(%rdi)
0x7ffff7f8d1a0:	0x584e555933eb3c70	0x28d8b9338c6ef9a4
0x7ffff7f8d1b0:	0x620c8634cddcccde	0xf1081a510d0dc22d

[Write Detected]
=> 0x7ffff7fb88c7:	rep movsb %ds:(%rsi),%es:(%rdi)
0x7ffff7f8d1a0:	0x584e5559eeeb3c70	0x28d8b9338c6ef9a4
0x7ffff7f8d1b0:	0x620c8634cddcccde	0xf1081a510d0dc22d

[Write Detected]
=> 0x7ffff7fb63f6:	inc    %rdx
0x7ffff7f8d1a0:	0x0000000000000000	0xe369524864433157
0x7ffff7f8d1b0:	0x880c9c2db9d45fd4	0xe95c346948aaff7f

[Write Detected]
=> 0x7ffff7fb2618:	mov    %rbx,(%rcx)
0x7ffff7f8d1a0:	0x76e0324bd80c3c61	0x61a957def61010d4
0x7ffff7f8d1b0:	0xb030e3e26450196a	0x1b48f9a49dd6620b

[Write Detected]
=> 0x7ffff7fb7bdb:	lea    0x1(%r8),%r8
0x7ffff7f8d1a0:	0xe721a1ec13a47f43	0x3c3d84df2f5d4fb1
0x7ffff7f8d1b0:	0xc83636d08c0d51e8	0xf7896ad109ec9cd3

[Write Detected]
=> 0x7ffff7fb63f6:	inc    %rdx
0x7ffff7f8d1a0:	0x0000000000000000	0x9dc57eb6a6db9fcb
0x7ffff7f8d1b0:	0x324e3e54b1f383dd	0xf039ccdad69c5c3c

[Write Detected]
=> 0x7ffff7fb2618:	mov    %rbx,(%rcx)
0x7ffff7f8d1a0:	0xda24be1f3f1b8b89	0xb812f2470ecc8721
0x7ffff7f8d1b0:	0x5e37e38f1ab28e03	0x83dfedd7ccdb4314

[Write Detected]
=> 0x7ffff7fb7bdb:	lea    0x1(%r8),%r8
0x7ffff7f8d1a0:	0x92bbdeed8f43b716	0xb19c9c574b4057af
0x7ffff7f8d1b0:	0x312ce05dadc34f7b	0xff904a0d3c654ec4

[Write Detected]
=> 0x7ffff7fb63f6:	inc    %rdx
0x7ffff7f8d1a0:	0x0000000000000000	0x410bec70fb9eb25d
0x7ffff7f8d1b0:	0x9a189a49c6ea228e	0xe2315c6cb1764df2

[Write Detected]
=> 0x7ffff7fb2618:	mov    %rbx,(%rcx)
0x7ffff7f8d1a0:	0x973bdf2fec7475e4	0xffb15bd7b27acefe
0x7ffff7f8d1b0:	0xfb8f82c5ad7f855c	0xdd4602831f1720be

[Write Detected]
=> 0x7ffff7fb7bdb:	lea    0x1(%r8),%r8
0x7ffff7f8d1a0:	0xc91fa2a277ff4727	0xf54bc7b17469225e
0x7ffff7f8d1b0:	0xb45b6789256b02f7	0x11c65e4441f15812

[Write Detected]
=> 0x7ffff7fb63f6:	inc    %rdx
0x7ffff7f8d1a0:	0x0000000000000000	0x2a5df194a8ffd6d9
0x7ffff7f8d1b0:	0x405e0b82c4b5a463	0xa9ddac8037e8a439

[Write Detected]
=> 0x7ffff7fb7b61:	lea    0x1(%r8),%r8
0x7ffff7f8d1a0:	0x3adac955af3d37c6	0x0000000000000000
0x7ffff7f8d1b0:	0x0000000000000000	0x0000000000000000

[Write Detected]
=> 0x7ffff7fb7bdb:	lea    0x1(%r8),%r8
0x7ffff7f8d1a0:	0x4b6f45d51aadeceb	0xdb58ca5e07436ce0
0x7ffff7f8d1b0:	0x16844bb936e3c301	0x81851d9e2fc44cc2

[Write Detected]
=> 0x7ffff7fb63f6:	inc    %rdx
0x7ffff7f8d1a0:	0x0000000000000000	0x70f7179f935e605e
0x7ffff7f8d1b0:	0x6acc51e4a84d0801	0x222af046be656313

[Write Detected]
=> 0x7ffff7fb2618:	mov    %rbx,(%rcx)
0x7ffff7f8d1a0:	0xa6d4bc111578a7f1	0x7d15938c94b6ea0f
0x7ffff7f8d1b0:	0x557611716bc0b46b	0x5d59e8d3d8044dd1

[Write Detected]
=> 0x7ffff7fb7bdb:	lea    0x1(%r8),%r8
0x7ffff7f8d1a0:	0x7250aa131cdeb4f4	0x673ec2289de34ef2
0x7ffff7f8d1b0:	0xe4311478832ea144	0xa652aef3eb3d6690

[Write Detected]
=> 0x7ffff7fb63f6:	inc    %rdx
0x7ffff7f8d1a0:	0x0000000000000000	0x38a633953161c1a0
0x7ffff7f8d1b0:	0x28340a5e06a29cff	0x579eb7128785ac96

[Write Detected]
=> 0x7ffff7fb7b61:	lea    0x1(%r8),%r8
0x7ffff7f8d1a0:	0x2a8d320de0250bfc	0x0000000000000000
0x7ffff7f8d1b0:	0x0000000000000000	0x0000000000000000

[Write Detected]
=> 0x7ffff7fb7bdb:	lea    0x1(%r8),%r8
0x7ffff7f8d1a0:	0x7c1f934f63a33b38	0xb18b084177ff6ea9
0x7ffff7f8d1b0:	0xb6f244a11756cd01	0x8a6ff220394a9f48

[Write Detected]
=> 0x7ffff7fb63f6:	inc    %rdx
0x7ffff7f8d1a0:	0x0000000000000000	0x1d31eca8675d16ff
0x7ffff7f8d1b0:	0xa02068c9932b138f	0x51d64c992731f7bd

[Write Detected]
=> 0x7ffff7fb2618:	mov    %rbx,(%rcx)
0x7ffff7f8d1a0:	0x7d24658bb7180890	0x3e4b33bf36110c80
0x7ffff7f8d1b0:	0x607661f0da1a427f	0xa5c21b51f011b223

[Write Detected]
=> 0x7ffff7fb7bdb:	lea    0x1(%r8),%r8
0x7ffff7f8d1a0:	0x8dbc8251b3399f1d	0x982628f50b964a1c
0x7ffff7f8d1b0:	0xc381201199c67279	0x4c4152e5ee5eab6e

[Write Detected]
=> 0x7ffff7fb63f6:	inc    %rdx
0x7ffff7f8d1a0:	0x0000000000000000	0x8ca0c2c67c9a6306
0x7ffff7f8d1b0:	0xa82b0f5c5c781e13	0x78d814e008bf15ee

[Write Detected]
=> 0x7ffff7fb2618:	mov    %rbx,(%rcx)
0x7ffff7f8d1a0:	0x1221c5d4cbcf0949	0xc80b6a633f53f1ae
0x7ffff7f8d1b0:	0xe7baf19af0233a89	0xdacbf621920d2536

[Write Detected]
=> 0x7ffff7fb7bdb:	lea    0x1(%r8),%r8
0x7ffff7f8d1a0:	0x647c03d13b15d0b2	0x43f8ff817e4473dd
0x7ffff7f8d1b0:	0x30916f8cc75e24ab	0x1411d86b088d4260

[Write Detected]
=> 0x7ffff7fb63f6:	inc    %rdx
0x7ffff7f8d1a0:	0x0000000000000000	0x967d9acfd85315fc
0x7ffff7f8d1b0:	0x39316bc03d0f4572	0x7205604d9ef162cd

[Write Detected]
=> 0x7ffff7fb2618:	mov    %rbx,(%rcx)
0x7ffff7f8d1a0:	0x4695feb1f355bbc4	0xf62d4fe5cd4e0938
0x7ffff7f8d1b0:	0x7e52a4297aa9befb	0xce1405e5a965ff74

[Write Detected]
=> 0x7ffff7fb7bdb:	lea    0x1(%r8),%r8
0x7ffff7f8d1a0:	0x323cd76d589cbf76	0x1a85d439eb27190c
0x7ffff7f8d1b0:	0xf3463e51a3393a5e	0xd873ab20cce961f4

[Write Detected]
=> 0x7ffff7fb63f6:	inc    %rdx
0x7ffff7f8d1a0:	0x0000000000000000	0xe149e46e6d1dbaf6
0x7ffff7f8d1b0:	0xfade61a6f16b273b	0x55fce45b3d4a229a

[Write Detected]
=> 0x7ffff7fb2618:	mov    %rbx,(%rcx)
0x7ffff7f8d1a0:	0xb50f621707014a64	0x6d9f996ff819b764
0x7ffff7f8d1b0:	0x1eb0be7dce18d461	0x91b6cbbf67ccc1ff

[Write Detected]
=> 0x7ffff7fb7bdb:	lea    0x1(%r8),%r8
0x7ffff7f8d1a0:	0xa847ab4939ba6f11	0x8ae26e70482a9be8
0x7ffff7f8d1b0:	0x4104930b331fb7aa	0x6de4d4b2915fb814

[Write Detected]
=> 0x7ffff7fb63f6:	inc    %rdx
0x7ffff7f8d1a0:	0x0000000000000000	0x7d95f977fd838743
0x7ffff7f8d1b0:	0x532e3a20fa782184	0x6fbe75956c948d67

[Write Detected]
=> 0x7ffff7fb2618:	mov    %rbx,(%rcx)
0x7ffff7f8d1a0:	0xf5269aed26e3bf21	0xf83165ad0f100873
0x7ffff7f8d1b0:	0x0dcf32837ec9398f	0xa3dcc7153bf53507

[Write Detected]
=> 0x7ffff7fb7bdb:	lea    0x1(%r8),%r8
0x7ffff7f8d1a0:	0x61ce1075831dabd2	0x635a8a7362100364
0x7ffff7f8d1b0:	0x7d1f62bd5f8f64d0	0xb0ba67854e6c696d

[Write Detected]
=> 0x7ffff7fb63f6:	inc    %rdx
0x7ffff7f8d1a0:	0x0000000000000000	0x487dd31abaae8780
0x7ffff7f8d1b0:	0xf1b28417e47b25db	0x2efda773c33c10bd

[Write Detected]
=> 0x7ffff7fb2618:	mov    %rbx,(%rcx)
0x7ffff7f8d1a0:	0x7bb8af3d4ce63844	0xde04693b912da700
0x7ffff7f8d1b0:	0x5ede3b872e2fa13f	0x86acf63e5daf2337

[Write Detected]
=> 0x7ffff7fb7bdb:	lea    0x1(%r8),%r8
0x7ffff7f8d1a0:	0x4ce1054d0e5be3f5	0x172405fe4ea33888
0x7ffff7f8d1b0:	0x57471ea52e47811e	0x2f56245720bd9d88

[Write Detected]
=> 0x7ffff7fb63f6:	inc    %rdx
0x7ffff7f8d1a0:	0x0000000000000000	0x65b5ca72dfbedbfe
0x7ffff7f8d1b0:	0xa06b1d7b1f60b2ef	0x61a0e7fb0214b7cb

[Write Detected]
=> 0x7ffff7fb7b61:	lea    0x1(%r8),%r8
0x7ffff7f8d1a0:	0x52fba06f35a25498	0x0000000000000000
0x7ffff7f8d1b0:	0x0000000000000000	0x0000000000000000

[Write Detected]
=> 0x7ffff7fb7bdb:	lea    0x1(%r8),%r8
0x7ffff7f8d1a0:	0xc8be1f9e7bca1d8a	0xa13bac39bfcc8203
0x7ffff7f8d1b0:	0xea978a71185c4f05	0x91c0376862bb1e5a

[Write Detected]
=> 0x7ffff7fb63f6:	inc    %rdx
0x7ffff7f8d1a0:	0x0000000000000000	0xa6b4e62d842f7ea6
0x7ffff7f8d1b0:	0xc975c01c81504a12	0xad40a88514f0e881

[Write Detected]
=> 0x7ffff7fb2618:	mov    %rbx,(%rcx)
0x7ffff7f8d1a0:	0x67a6e14ca72a6879	0x9182b69c7604c416
0x7ffff7f8d1b0:	0x6251b0afa6e411f8	0x54e3e0d47cade3b3

[Write Detected]
=> 0x7ffff7fb7bdb:	lea    0x1(%r8),%r8
0x7ffff7f8d1a0:	0x58bdc39e70e6bc70	0xcd9cfcee15f70bf7
0x7ffff7f8d1b0:	0x7efa20346175467d	0x0ffb4475970d0c96

[Write Detected]
=> 0x7ffff7fb88c7:	rep movsb %ds:(%rsi),%es:(%rdi)
0x7ffff7f8d1a0:	0x58bdc39e70e6bc5f	0x23f4f9426792031d
0x7ffff7f8d1b0:	0x4920a98591ebd615	0x233b05300ae876e2

[Write Detected]
=> 0x7ffff7fb88c7:	rep movsb %ds:(%rsi),%es:(%rdi)
0x7ffff7f8d1a0:	0x58bdc39e70e6465f	0x23f4f9426792031d
0x7ffff7f8d1b0:	0x4920a98591ebd615	0x233b05300ae876e2

[Write Detected]
=> 0x7ffff7fb88c7:	rep movsb %ds:(%rsi),%es:(%rdi)
0x7ffff7f8d1a0:	0x58bdc39e7054465f	0x23f4f9426792031d
0x7ffff7f8d1b0:	0x4920a98591ebd615	0x233b05300ae876e2

[Write Detected]
=> 0x7ffff7fb88c7:	rep movsb %ds:(%rsi),%es:(%rdi)
0x7ffff7f8d1a0:	0x58bdc39e3354465f	0x23f4f9426792031d
0x7ffff7f8d1b0:	0x4920a98591ebd615	0x233b05300ae876e2

[Write Detected]
=> 0x7ffff7fb88c7:	rep movsb %ds:(%rsi),%es:(%rdi)
0x7ffff7f8d1a0:	0x584e5559335446f9	0x28d8b9338c6ef9a4
0x7ffff7f8d1b0:	0x620c8634cddcccde	0xf1081a510d0dc22d

[Write Detected]
=> 0x7ffff7fb88c7:	rep movsb %ds:(%rsi),%es:(%rdi)
0x7ffff7f8d1a0:	0x584e555933544df9	0x28d8b9338c6ef9a4
0x7ffff7f8d1b0:	0x620c8634cddcccde	0xf1081a510d0dc22d

[Write Detected]
=> 0x7ffff7fb88c7:	rep movsb %ds:(%rsi),%es:(%rdi)
0x7ffff7f8d1a0:	0x584e555933b54df9	0x28d8b9338c6ef9a4
0x7ffff7f8d1b0:	0x620c8634cddcccde	0xf1081a510d0dc22d

[Write Detected]
=> 0x7ffff7fb88c7:	rep movsb %ds:(%rsi),%es:(%rdi)
0x7ffff7f8d1a0:	0x584e5559d3b54df9	0x28d8b9338c6ef9a4
0x7ffff7f8d1b0:	0x620c8634cddcccde	0xf1081a510d0dc22d

[Write Detected]
=> 0x7ffff7fb63f6:	inc    %rdx
0x7ffff7f8d1a0:	0x0000000000000000	0xae85544f7910af50
0x7ffff7f8d1b0:	0x3523a342c3efeccf	0x28a8fbea88bc6944

[Write Detected]
=> 0x7ffff7fb2618:	mov    %rbx,(%rcx)
0x7ffff7f8d1a0:	0x1f3a98668707d4a1	0x229ed05eca36cf03
0x7ffff7f8d1b0:	0x94a0772e843a3758	0xf1a8c4592af53e8d

[Write Detected]
=> 0x7ffff7fb7bdb:	lea    0x1(%r8),%r8
0x7ffff7f8d1a0:	0xd548630d6a08d81c	0xa05594429601c3cc
0x7ffff7f8d1b0:	0x5e168cde11d10b44	0x45681245d1cfca1d

[Write Detected]
=> 0x7ffff7fb88c7:	rep movsb %ds:(%rsi),%es:(%rdi)
0x7ffff7f8d1a0:	0xd548630d6a08d85f	0xa8a056f72dd1f69c
0x7ffff7f8d1b0:	0x2ec187a1ba5b9afb	0xb981a45073ce2ef5

[Write Detected]
=> 0x7ffff7fb88c7:	rep movsb %ds:(%rsi),%es:(%rdi)
0x7ffff7f8d1a0:	0xd548630d6a08465f	0xa8a056f72dd1f69c
0x7ffff7f8d1b0:	0x2ec187a1ba5b9afb	0xb981a45073ce2ef5

[Write Detected]
=> 0x7ffff7fb88c7:	rep movsb %ds:(%rsi),%es:(%rdi)
0x7ffff7f8d1a0:	0xd548630d6a54465f	0xa8a056f72dd1f69c
0x7ffff7f8d1b0:	0x2ec187a1ba5b9afb	0xb981a45073ce2ef5

[Write Detected]
=> 0x7ffff7fb88c7:	rep movsb %ds:(%rsi),%es:(%rdi)
0x7ffff7f8d1a0:	0xd548630d3354465f	0xa8a056f72dd1f69c
0x7ffff7f8d1b0:	0x2ec187a1ba5b9afb	0xb981a45073ce2ef5

[Write Detected]
=> 0x7ffff7fb88c7:	rep movsb %ds:(%rsi),%es:(%rdi)
0x7ffff7f8d1a0:	0x584e5559335446a5	0x28d8b9338c6ef9a4
0x7ffff7f8d1b0:	0x620c8634cddcccde	0xf1081a510d0dc22d

[Write Detected]
=> 0x7ffff7fb88c7:	rep movsb %ds:(%rsi),%es:(%rdi)
0x7ffff7f8d1a0:	0x584e55593354fba5	0x28d8b9338c6ef9a4
0x7ffff7f8d1b0:	0x620c8634cddcccde	0xf1081a510d0dc22d

[Write Detected]
=> 0x7ffff7fb88c7:	rep movsb %ds:(%rsi),%es:(%rdi)
0x7ffff7f8d1a0:	0x584e5559336efba5	0x28d8b9338c6ef9a4
0x7ffff7f8d1b0:	0x620c8634cddcccde	0xf1081a510d0dc22d

[Write Detected]
=> 0x7ffff7fb88c7:	rep movsb %ds:(%rsi),%es:(%rdi)
0x7ffff7f8d1a0:	0x584e5559936efba5	0x28d8b9338c6ef9a4
0x7ffff7f8d1b0:	0x620c8634cddcccde	0xf1081a510d0dc22d

[Write Detected]
=> 0x7ffff7fb63f6:	inc    %rdx
0x7ffff7f8d1a0:	0x0000000000000000	0x9daa76685a1d5051
0x7ffff7f8d1b0:	0xe91c0f397cae369c	0x358e364b42e2d073

[Write Detected]
=> 0x7ffff7fb2618:	mov    %rbx,(%rcx)
0x7ffff7f8d1a0:	0xffaf5d7acbdf5c90	0x29d45d9f5fce21f0
0x7ffff7f8d1b0:	0xc507cce90806775e	0xa20c4e4fc6196b93

[Write Detected]
=> 0x7ffff7fb7bdb:	lea    0x1(%r8),%r8
0x7ffff7f8d1a0:	0xbaf0f0bcbad7112e	0x30ca500cd72012a6
0x7ffff7f8d1b0:	0x750b861db9cccdea	0xfbc8934a7125c477

[Write Detected]
=> 0x7ffff7fb63f6:	inc    %rdx
0x7ffff7f8d1a0:	0x0000000000000000	0x20d573b851c6bbe6
0x7ffff7f8d1b0:	0xfeb68443c971dd66	0x6ad5402486111d4a

[Write Detected]
=> 0x7ffff7fb2618:	mov    %rbx,(%rcx)
0x7ffff7f8d1a0:	0x42b4b534b46b2444	0xcffab7e1ce5a0954
0x7ffff7f8d1b0:	0xaba76204883f10bb	0x06fd55ae66ee75a8

[Write Detected]
=> 0x7ffff7fb7bdb:	lea    0x1(%r8),%r8
0x7ffff7f8d1a0:	0x63a0a8e93fb1c340	0x83294829f1d8d03d
0x7ffff7f8d1b0:	0x08f82ed0c023c65c	0xbc2ae69e34a95011

[Write Detected]
=> 0x7ffff7fb63f6:	inc    %rdx
0x7ffff7f8d1a0:	0x0000000000000000	0x04757bde5c36d879
0x7ffff7f8d1b0:	0xbd677281857be3a9	0x905c67c4dcc66a89

[Write Detected]
=> 0x7ffff7fb7b61:	lea    0x1(%r8),%r8
0x7ffff7f8d1a0:	0x7e7d0c4fbc863a80	0x0000000000000000
0x7ffff7f8d1b0:	0x0000000000000000	0x0000000000000000

[Write Detected]
=> 0x7ffff7fb7bdb:	lea    0x1(%r8),%r8
0x7ffff7f8d1a0:	0x520e269f76adaeca	0x8777b5e75a685b6e
0x7ffff7f8d1b0:	0xff60e0c061cb4ec6	0xba58bec5118d6394

[Write Detected]
=> 0x7ffff7fb88c7:	rep movsb %ds:(%rsi),%es:(%rdi)
0x7ffff7f8d1a0:	0x520e269f76adae5f	0xc45653876f4fecd3
0x7ffff7f8d1b0:	0xf0dc48813af1455d	0xc49ef77130225cbb

[Write Detected]
=> 0x7ffff7fb88c7:	rep movsb %ds:(%rsi),%es:(%rdi)
0x7ffff7f8d1a0:	0x520e269f76ad465f	0xc45653876f4fecd3
0x7ffff7f8d1b0:	0xf0dc48813af1455d	0xc49ef77130225cbb

[Write Detected]
=> 0x7ffff7fb88c7:	rep movsb %ds:(%rsi),%es:(%rdi)
0x7ffff7f8d1a0:	0x520e269f7654465f	0xc45653876f4fecd3
0x7ffff7f8d1b0:	0xf0dc48813af1455d	0xc49ef77130225cbb

[Write Detected]
=> 0x7ffff7fb88c7:	rep movsb %ds:(%rsi),%es:(%rdi)
0x7ffff7f8d1a0:	0x520e269f3354465f	0xc45653876f4fecd3
0x7ffff7f8d1b0:	0xf0dc48813af1455d	0xc49ef77130225cbb

[Write Detected]
=> 0x7ffff7fb88c7:	rep movsb %ds:(%rsi),%es:(%rdi)
0x7ffff7f8d1a0:	0x584e55593354465e	0x28d8b9338c6ef9a4
0x7ffff7f8d1b0:	0x620c8634cddcccde	0xf1081a510d0dc22d

[Write Detected]
=> 0x7ffff7fb88c7:	rep movsb %ds:(%rsi),%es:(%rdi)
0x7ffff7f8d1a0:	0x584e55593354725e	0x28d8b9338c6ef9a4
0x7ffff7f8d1b0:	0x620c8634cddcccde	0xf1081a510d0dc22d

[Write Detected]
=> 0x7ffff7fb88c7:	rep movsb %ds:(%rsi),%es:(%rdi)
0x7ffff7f8d1a0:	0x584e5559330a725e	0x28d8b9338c6ef9a4
0x7ffff7f8d1b0:	0x620c8634cddcccde	0xf1081a510d0dc22d

[Write Detected]
=> 0x7ffff7fb88c7:	rep movsb %ds:(%rsi),%es:(%rdi)
0x7ffff7f8d1a0:	0x584e55595b0a725e	0x28d8b9338c6ef9a4
0x7ffff7f8d1b0:	0x620c8634cddcccde	0xf1081a510d0dc22d

[Write Detected]
=> 0x7ffff7fb63f6:	inc    %rdx
0x7ffff7f8d1a0:	0x0000000000000000	0x36f976f79e5c6a72
0x7ffff7f8d1b0:	0xd45100cb9023701a	0xcb457e1d941c7cfe

[Write Detected]
=> 0x7ffff7fb7b61:	lea    0x1(%r8),%r8
0x7ffff7f8d1a0:	0x2e0f1004df26745e	0x0000000000000000
0x7ffff7f8d1b0:	0x0000000000000000	0x0000000000000000

[Write Detected]
=> 0x7ffff7fb7bdb:	lea    0x1(%r8),%r8
0x7ffff7f8d1a0:	0xd4c70414f1d72b55	0xc401cfabf3fb7310
0x7ffff7f8d1b0:	0xdbfafef8c839a6bf	0xe0945063323e9d3d

[Write Detected]
=> 0x7ffff7fb63f6:	inc    %rdx
0x7ffff7f8d1a0:	0x0000000000000000	0x027812e0dedca17c
0x7ffff7f8d1b0:	0x9c59543fda6ad8c5	0x389ad79c8f822c4e

[Write Detected]
=> 0x7ffff7fb2618:	mov    %rbx,(%rcx)
0x7ffff7f8d1a0:	0x1ad0e9ae800fd809	0xf0bb216c5af80ead
0x7ffff7f8d1b0:	0x5209628c3ef60c7c	0xcd9ec6db23d6af71

[Write Detected]
=> 0x7ffff7fb7bdb:	lea    0x1(%r8),%r8
0x7ffff7f8d1a0:	0xedc1c7bfc4eeaa88	0xab42a7129f4ff3b7
0x7ffff7f8d1b0:	0x3854e6925bfe04aa	0x914990ba7776e045

[Write Detected]
=> 0x7ffff7fb63f6:	inc    %rdx
0x7ffff7f8d1a0:	0x0000000000000000	0x05bf2c5fe94eb04c
0x7ffff7f8d1b0:	0x90e9b5aea2ec63cc	0x2127a77f5f6009a9

[Write Detected]
=> 0x7ffff7fb7b61:	lea    0x1(%r8),%r8
0x7ffff7f8d1a0:	0x155f0e5bba1b7728	0x0000000000000000
0x7ffff7f8d1b0:	0x0000000000000000	0x0000000000000000

[Write Detected]
=> 0x7ffff7fb7bdb:	lea    0x1(%r8),%r8
0x7ffff7f8d1a0:	0xbd6eb21a7b909c00	0x1c19af31377e0e7a
0x7ffff7f8d1b0:	0x678c4f11a5261f1f	0x5284fbeecaa48a02

[Write Detected]
=> 0x7ffff7fb63f6:	inc    %rdx
0x7ffff7f8d1a0:	0x0000000000000000	0x7c3e0f6a91389f83
0x7ffff7f8d1b0:	0xee66a5c7662e8a68	0x199d1da3ba4aff28

[Write Detected]
=> 0x7ffff7fb2618:	mov    %rbx,(%rcx)
0x7ffff7f8d1a0:	0x71d03a91c678e840	0x32df06b849882060
0x7ffff7f8d1b0:	0x39fb5009a85b9d5d	0xcbc149a6a7103fcd

[Write Detected]
=> 0x7ffff7fb7bdb:	lea    0x1(%r8),%r8
0x7ffff7f8d1a0:	0xf62f25a656ed4481	0x09c840c776d58e3b
0x7ffff7f8d1b0:	0xde0725c6f326b473	0x59d6766e7f857d80

[Write Detected]
=> 0x7ffff7fb63f6:	inc    %rdx
0x7ffff7f8d1a0:	0x0000000000000000	0x0982b01d7ac35e07
0x7ffff7f8d1b0:	0xfcfb6c68d0551fc4	0xe52e9e0e570d9107

[Write Detected]
=> 0x7ffff7fb2618:	mov    %rbx,(%rcx)
0x7ffff7f8d1a0:	0x8264673a952ec901	0x48b9d77527e73d87
0x7ffff7f8d1b0:	0x716e325a9297858b	0xa222e840fb2b33fe

[Write Detected]
=> 0x7ffff7fb7bdb:	lea    0x1(%r8),%r8
0x7ffff7f8d1a0:	0x73df6148c1b146b9	0x4ba53fd8475ce594
0x7ffff7f8d1b0:	0x37b4ef3edf1d1385	0xbea63cc3372ee93a

[Write Detected]
=> 0x7ffff7fb88c7:	rep movsb %ds:(%rsi),%es:(%rdi)
0x7ffff7f8d1a0:	0x73df6148c1b1465f	0xe30a2a448fe786d6
0x7ffff7f8d1b0:	0x3221bcecf49fdd27	0x4975341332cd6c93

[Write Detected]
=> 0x7ffff7fb88c7:	rep movsb %ds:(%rsi),%es:(%rdi)
0x7ffff7f8d1a0:	0x73df6148c154465f	0xe30a2a448fe786d6
0x7ffff7f8d1b0:	0x3221bcecf49fdd27	0x4975341332cd6c93

[Write Detected]
=> 0x7ffff7fb88c7:	rep movsb %ds:(%rsi),%es:(%rdi)
0x7ffff7f8d1a0:	0x73df61483354465f	0xe30a2a448fe786d6
0x7ffff7f8d1b0:	0x3221bcecf49fdd27	0x4975341332cd6c93

[Write Detected]
=> 0x7ffff7fb88c7:	rep movsb %ds:(%rsi),%es:(%rdi)
0x7ffff7f8d1a0:	0x584e555933544610	0x28d8b9338c6ef9a4
0x7ffff7f8d1b0:	0x620c8634cddcccde	0xf1081a510d0dc22d

[Write Detected]
=> 0x7ffff7fb88c7:	rep movsb %ds:(%rsi),%es:(%rdi)
0x7ffff7f8d1a0:	0x584e555933546010	0x28d8b9338c6ef9a4
0x7ffff7f8d1b0:	0x620c8634cddcccde	0xf1081a510d0dc22d

[Write Detected]
=> 0x7ffff7fb88c7:	rep movsb %ds:(%rsi),%es:(%rdi)
0x7ffff7f8d1a0:	0x584e555933686010	0x28d8b9338c6ef9a4
0x7ffff7f8d1b0:	0x620c8634cddcccde	0xf1081a510d0dc22d

[Write Detected]
=> 0x7ffff7fb88c7:	rep movsb %ds:(%rsi),%es:(%rdi)
0x7ffff7f8d1a0:	0x584e555995686010	0x28d8b9338c6ef9a4
0x7ffff7f8d1b0:	0x620c8634cddcccde	0xf1081a510d0dc22d

[Write Detected]
=> 0x7ffff7fb63f6:	inc    %rdx
0x7ffff7f8d1a0:	0x0000000000000000	0xee2f0c9cab8f4e25
0x7ffff7f8d1b0:	0xd511dfb182783add	0xe3c0f10742e0ac1c

[Write Detected]
=> 0x7ffff7fb2618:	mov    %rbx,(%rcx)
0x7ffff7f8d1a0:	0xff61293b2e057ee9	0xe4ed32413af5522d
0x7ffff7f8d1b0:	0x6cdb02dbd3869b03	0x8f5730ac96ef3859

[Write Detected]
=> 0x7ffff7fb7bdb:	lea    0x1(%r8),%r8
0x7ffff7f8d1a0:	0xa5337b070cbb3419	0xa7a3bdda535d95db
0x7ffff7f8d1b0:	0xf7e11d49b0ffbc2b	0x896ae87e0c9402b8

[Write Detected]
=> 0x7ffff7fb88c7:	rep movsb %ds:(%rsi),%es:(%rdi)
0x7ffff7f8d1a0:	0xa5337b070cbb345f	0xaa5e8b8594491a3d
0x7ffff7f8d1b0:	0x9a814dd560cc3000	0x91e7e87ce0a93dc0

[Write Detected]
=> 0x7ffff7fb88c7:	rep movsb %ds:(%rsi),%es:(%rdi)
0x7ffff7f8d1a0:	0xa5337b070cbb465f	0xaa5e8b8594491a3d
0x7ffff7f8d1b0:	0x9a814dd560cc3000	0x91e7e87ce0a93dc0

[Write Detected]
=> 0x7ffff7fb88c7:	rep movsb %ds:(%rsi),%es:(%rdi)
0x7ffff7f8d1a0:	0xa5337b070c54465f	0xaa5e8b8594491a3d
0x7ffff7f8d1b0:	0x9a814dd560cc3000	0x91e7e87ce0a93dc0

[Write Detected]
=> 0x7ffff7fb88c7:	rep movsb %ds:(%rsi),%es:(%rdi)
0x7ffff7f8d1a0:	0xa5337b073354465f	0xaa5e8b8594491a3d
0x7ffff7f8d1b0:	0x9a814dd560cc3000	0x91e7e87ce0a93dc0

[Write Detected]
=> 0x7ffff7fb88c7:	rep movsb %ds:(%rsi),%es:(%rdi)
0x7ffff7f8d1a0:	0x584e55593354461d	0x28d8b9338c6ef9a4
0x7ffff7f8d1b0:	0x620c8634cddcccde	0xf1081a510d0dc22d

[Write Detected]
=> 0x7ffff7fb88c7:	rep movsb %ds:(%rsi),%es:(%rdi)
0x7ffff7f8d1a0:	0x584e555933541b1d	0x28d8b9338c6ef9a4
0x7ffff7f8d1b0:	0x620c8634cddcccde	0xf1081a510d0dc22d

[Write Detected]
=> 0x7ffff7fb88c7:	rep movsb %ds:(%rsi),%es:(%rdi)
0x7ffff7f8d1a0:	0x584e5559337f1b1d	0x28d8b9338c6ef9a4
0x7ffff7f8d1b0:	0x620c8634cddcccde	0xf1081a510d0dc22d

[Write Detected]
=> 0x7ffff7fb88c7:	rep movsb %ds:(%rsi),%es:(%rdi)
0x7ffff7f8d1a0:	0x584e5559f57f1b1d	0x28d8b9338c6ef9a4
0x7ffff7f8d1b0:	0x620c8634cddcccde	0xf1081a510d0dc22d

[Write Detected]
=> 0x7ffff7fb63f6:	inc    %rdx
0x7ffff7f8d1a0:	0x0000000000000000	0x40032309ddb31f75
0x7ffff7f8d1b0:	0x4340fc072542343f	0x2169fed661acddb0

[Write Detected]
=> 0x7ffff7fb2618:	mov    %rbx,(%rcx)
0x7ffff7f8d1a0:	0xf47a87e8e2e2bae4	0x0055479b71ac54e4
0x7ffff7f8d1b0:	0xc6d63b260cd27df6	0x40d484517ba6bd29

[Write Detected]
=> 0x7ffff7fb7bdb:	lea    0x1(%r8),%r8
0x7ffff7f8d1a0:	0xe93de264398e532f	0xc987078a2cb616c7
0x7ffff7f8d1b0:	0x219085f34830115d	0x7a99828f10956449

[Write Detected]
=> 0x7ffff7fb88c7:	rep movsb %ds:(%rsi),%es:(%rdi)
0x7ffff7f8d1a0:	0xe93de264398e535f	0xf3e4a5ae8390d2cd
0x7ffff7f8d1b0:	0xe10fc23790715fbd	0xd5a06fbca2a993e3

[Write Detected]
=> 0x7ffff7fb88c7:	rep movsb %ds:(%rsi),%es:(%rdi)
0x7ffff7f8d1a0:	0xe93de264398e465f	0xf3e4a5ae8390d2cd
0x7ffff7f8d1b0:	0xe10fc23790715fbd	0xd5a06fbca2a993e3

[Write Detected]
=> 0x7ffff7fb88c7:	rep movsb %ds:(%rsi),%es:(%rdi)
0x7ffff7f8d1a0:	0xe93de2643954465f	0xf3e4a5ae8390d2cd
0x7ffff7f8d1b0:	0xe10fc23790715fbd	0xd5a06fbca2a993e3

[Write Detected]
=> 0x7ffff7fb88c7:	rep movsb %ds:(%rsi),%es:(%rdi)
0x7ffff7f8d1a0:	0xe93de2643354465f	0xf3e4a5ae8390d2cd
0x7ffff7f8d1b0:	0xe10fc23790715fbd	0xd5a06fbca2a993e3

[Write Detected]
=> 0x7ffff7fb88c7:	rep movsb %ds:(%rsi),%es:(%rdi)
0x7ffff7f8d1a0:	0x584e555933544668	0x28d8b9338c6ef9a4
0x7ffff7f8d1b0:	0x620c8634cddcccde	0xf1081a510d0dc22d

[Write Detected]
=> 0x7ffff7fb88c7:	rep movsb %ds:(%rsi),%es:(%rdi)
0x7ffff7f8d1a0:	0x584e55593354ec68	0x28d8b9338c6ef9a4
0x7ffff7f8d1b0:	0x620c8634cddcccde	0xf1081a510d0dc22d

[Write Detected]
=> 0x7ffff7fb88c7:	rep movsb %ds:(%rsi),%es:(%rdi)
0x7ffff7f8d1a0:	0x584e555933daec68	0x28d8b9338c6ef9a4
0x7ffff7f8d1b0:	0x620c8634cddcccde	0xf1081a510d0dc22d

[Write Detected]
=> 0x7ffff7fb88c7:	rep movsb %ds:(%rsi),%es:(%rdi)
0x7ffff7f8d1a0:	0x584e5559c4daec68	0x28d8b9338c6ef9a4
0x7ffff7f8d1b0:	0x620c8634cddcccde	0xf1081a510d0dc22d

[Write Detected]
=> 0x7ffff7fb63f6:	inc    %rdx
0x7ffff7f8d1a0:	0x0000000000000000	0xf3cd6ed78a43cf05
0x7ffff7f8d1b0:	0x1b8f927b1e3035df	0x7e27ccdbe20c2acf

[Write Detected]
=> 0x7ffff7fb7b61:	lea    0x1(%r8),%r8
0x7ffff7f8d1a0:	0xeb9ed77870b4e290	0x0000000000000000
0x7ffff7f8d1b0:	0x0000000000000000	0x0000000000000000

[Write Detected]
=> 0x7ffff7fb7bdb:	lea    0x1(%r8),%r8
0x7ffff7f8d1a0:	0x47699a452c5f01ac	0x07ff5bba889a1afa
0x7ffff7f8d1b0:	0x19cfa0ca56ef91fa	0xb9a4edd7a3f8ff38

[Write Detected]
=> 0x7ffff7fb88c7:	rep movsb %ds:(%rsi),%es:(%rdi)
0x7ffff7f8d1a0:	0x47699a452c5f015f	0xf0168bfcbac716c9
0x7ffff7f8d1b0:	0x2a457dfd92df0bff	0x5e7a7e5431beb974

[Write Detected]
=> 0x7ffff7fb88c7:	rep movsb %ds:(%rsi),%es:(%rdi)
0x7ffff7f8d1a0:	0x47699a452c5f465f	0xf0168bfcbac716c9
0x7ffff7f8d1b0:	0x2a457dfd92df0bff	0x5e7a7e5431beb974

[Write Detected]
=> 0x7ffff7fb88c7:	rep movsb %ds:(%rsi),%es:(%rdi)
0x7ffff7f8d1a0:	0x47699a452c54465f	0xf0168bfcbac716c9
0x7ffff7f8d1b0:	0x2a457dfd92df0bff	0x5e7a7e5431beb974

[Write Detected]
=> 0x7ffff7fb88c7:	rep movsb %ds:(%rsi),%es:(%rdi)
0x7ffff7f8d1a0:	0x47699a453354465f	0xf0168bfcbac716c9
0x7ffff7f8d1b0:	0x2a457dfd92df0bff	0x5e7a7e5431beb974

[Write Detected]
=> 0x7ffff7fb88c7:	rep movsb %ds:(%rsi),%es:(%rdi)
0x7ffff7f8d1a0:	0x584e55593354467f	0x28d8b9338c6ef9a4
0x7ffff7f8d1b0:	0x620c8634cddcccde	0xf1081a510d0dc22d

[Write Detected]
=> 0x7ffff7fb88c7:	rep movsb %ds:(%rsi),%es:(%rdi)
0x7ffff7f8d1a0:	0x584e555933544d7f	0x28d8b9338c6ef9a4
0x7ffff7f8d1b0:	0x620c8634cddcccde	0xf1081a510d0dc22d

[Write Detected]
=> 0x7ffff7fb88c7:	rep movsb %ds:(%rsi),%es:(%rdi)
0x7ffff7f8d1a0:	0x584e555933744d7f	0x28d8b9338c6ef9a4
0x7ffff7f8d1b0:	0x620c8634cddcccde	0xf1081a510d0dc22d

[Write Detected]
=> 0x7ffff7fb88c7:	rep movsb %ds:(%rsi),%es:(%rdi)
0x7ffff7f8d1a0:	0x584e555994744d7f	0x28d8b9338c6ef9a4
0x7ffff7f8d1b0:	0x620c8634cddcccde	0xf1081a510d0dc22d

[Write Detected]
=> 0x7ffff7fb63f6:	inc    %rdx
0x7ffff7f8d1a0:	0x0000000000000000	0x836ee113efb34a9d
0x7ffff7f8d1b0:	0xaa081cfd3d85a8e4	0x7582ea8ab359aba9

[Write Detected]
=> 0x7ffff7fb2618:	mov    %rbx,(%rcx)
0x7ffff7f8d1a0:	0x09885f51c3376341	0x5dc0cc8efc42376f
0x7ffff7f8d1b0:	0xb664890b28b09acf	0x2fb3ef7f62e53c71

[Write Detected]
=> 0x7ffff7fb7bdb:	lea    0x1(%r8),%r8
0x7ffff7f8d1a0:	0xfadb0a14aeba432c	0xfd2638a688e4c5e2
0x7ffff7f8d1b0:	0x61d95bf6ba2ff4ea	0x5fb7953a022f68b8

[Write Detected]
=> 0x7ffff7fb88c7:	rep movsb %ds:(%rsi),%es:(%rdi)
0x7ffff7f8d1a0:	0xfadb0a14aeba435f	0xb22c8a48a75e6db2
0x7ffff7f8d1b0:	0x3e18aef5623d2eb3	0xc2e7c6668a02ca05

[Write Detected]
=> 0x7ffff7fb88c7:	rep movsb %ds:(%rsi),%es:(%rdi)
0x7ffff7f8d1a0:	0xfadb0a14aeba465f	0xb22c8a48a75e6db2
0x7ffff7f8d1b0:	0x3e18aef5623d2eb3	0xc2e7c6668a02ca05

[Write Detected]
=> 0x7ffff7fb88c7:	rep movsb %ds:(%rsi),%es:(%rdi)
0x7ffff7f8d1a0:	0xfadb0a14ae54465f	0xb22c8a48a75e6db2
0x7ffff7f8d1b0:	0x3e18aef5623d2eb3	0xc2e7c6668a02ca05

[Write Detected]
=> 0x7ffff7fb88c7:	rep movsb %ds:(%rsi),%es:(%rdi)
0x7ffff7f8d1a0:	0xfadb0a143354465f	0xb22c8a48a75e6db2
0x7ffff7f8d1b0:	0x3e18aef5623d2eb3	0xc2e7c6668a02ca05

[Write Detected]
=> 0x7ffff7fb88c7:	rep movsb %ds:(%rsi),%es:(%rdi)
0x7ffff7f8d1a0:	0x584e5559335446a9	0x28d8b9338c6ef9a4
0x7ffff7f8d1b0:	0x620c8634cddcccde	0xf1081a510d0dc22d

[Write Detected]
=> 0x7ffff7fb88c7:	rep movsb %ds:(%rsi),%es:(%rdi)
0x7ffff7f8d1a0:	0x584e55593354c1a9	0x28d8b9338c6ef9a4
0x7ffff7f8d1b0:	0x620c8634cddcccde	0xf1081a510d0dc22d

[Write Detected]
=> 0x7ffff7fb88c7:	rep movsb %ds:(%rsi),%es:(%rdi)
0x7ffff7f8d1a0:	0x584e5559332bc1a9	0x28d8b9338c6ef9a4
0x7ffff7f8d1b0:	0x620c8634cddcccde	0xf1081a510d0dc22d

[Write Detected]
=> 0x7ffff7fb88c7:	rep movsb %ds:(%rsi),%es:(%rdi)
0x7ffff7f8d1a0:	0x584e55593b2bc1a9	0x28d8b9338c6ef9a4
0x7ffff7f8d1b0:	0x620c8634cddcccde	0xf1081a510d0dc22d

[Write Detected]
=> 0x7ffff7fb63f6:	inc    %rdx
0x7ffff7f8d1a0:	0x0000000000000000	0xb2032b1d34dcc363
0x7ffff7f8d1b0:	0xfe91b72ed36a612f	0x274647877f7a2710

[Write Detected]
=> 0x7ffff7fb2618:	mov    %rbx,(%rcx)
0x7ffff7f8d1a0:	0x379c7038cde00029	0x6fb13c4090f3a42e
0x7ffff7f8d1b0:	0xcd61a9ee741c72ce	0xef1db288a55211ed

[Write Detected]
=> 0x7ffff7fb7bdb:	lea    0x1(%r8),%r8
0x7ffff7f8d1a0:	0xc2fd8a2774dfbc62	0xe95602479cb1c110
0x7ffff7f8d1b0:	0xc0adcb281ebd3946	0x3f15c1ddd1c6951f

[Write Detected]
=> 0x7ffff7fb63f6:	inc    %rdx
0x7ffff7f8d1a0:	0x0000000000000000	0x79baccf7528d6bb9
0x7ffff7f8d1b0:	0x0bcce992e288bb83	0x65435a2f242355f3

[Write Detected]
=> 0x7ffff7fb2618:	mov    %rbx,(%rcx)
0x7ffff7f8d1a0:	0xea54941e8d5c1584	0xdc53387d1f6618d2
0x7ffff7f8d1b0:	0x30aae04047aa51e5	0x6201c1d049020a6f

[Write Detected]
=> 0x7ffff7fb7bdb:	lea    0x1(%r8),%r8
0x7ffff7f8d1a0:	0x267c07515740173e	0x5d4f283d443b649d
0x7ffff7f8d1b0:	0xe0f7347be61545d4	0xf0782b8567e66e7c

[Write Detected]
=> 0x7ffff7fb63f6:	inc    %rdx
0x7ffff7f8d1a0:	0x0000000000000000	0xc867af2398e0bcee
0x7ffff7f8d1b0:	0x17db60076c2aa2d3	0xa79efd94848379fb

[Write Detected]
=> 0x7ffff7fb2618:	mov    %rbx,(%rcx)
0x7ffff7f8d1a0:	0xc1a0b913c51c3304	0x17417f0d54e723a4
0x7ffff7f8d1b0:	0xb6a53a3811899915	0xa1c555fa853541b9

[Write Detected]
=> 0x7ffff7fb7bdb:	lea    0x1(%r8),%r8
0x7ffff7f8d1a0:	0x9312357ccc3bb54a	0xf289b1dcd5572f99
0x7ffff7f8d1b0:	0x835402f7b13be5db	0x0306540d90032e49

[Write Detected]
=> 0x7ffff7fb63f6:	inc    %rdx
0x7ffff7f8d1a0:	0x0000000000000000	0x6963f71bb17653e7
0x7ffff7f8d1b0:	0x33b51ce02ce121b4	0x890e3b881a0abc58

[Write Detected]
=> 0x7ffff7fb2618:	mov    %rbx,(%rcx)
0x7ffff7f8d1a0:	0xb03f7a8b007db964	0x2955aa7f5fc393c6
0x7ffff7f8d1b0:	0x9b6d1467b3e61945	0x146e6cf39614a549

[Write Detected]
=> 0x7ffff7fb7bdb:	lea    0x1(%r8),%r8
0x7ffff7f8d1a0:	0x63581b6c82f37b0a	0x1b2f94f3b693f16f
0x7ffff7f8d1b0:	0x5409e6ae9f180e17	0x3c78122fde73cd09

[Write Detected]
=> 0x7ffff7fb63f6:	inc    %rdx
0x7ffff7f8d1a0:	0x0000000000000000	0xd50f744aca02f177
0x7ffff7f8d1b0:	0x6921b2760e425e0b	0x7116d04a3bd890c4

[Write Detected]
=> 0x7ffff7fb2618:	mov    %rbx,(%rcx)
0x7ffff7f8d1a0:	0x6f401cf8f81e9c64	0xabab2498f0169ba6
0x7ffff7f8d1b0:	0x90be11f722d1f9cd	0x97e9497cf9714e66

[Write Detected]
=> 0x7ffff7fb7bdb:	lea    0x1(%r8),%r8
0x7ffff7f8d1a0:	0x48b863292c3a9a23	0xf585b4234cf4e7e9
0x7ffff7f8d1b0:	0x5a6285fea98f6a13	0x3f90d92a34ca7664

[Write Detected]
=> 0x7ffff7fb63f6:	inc    %rdx
0x7ffff7f8d1a0:	0x0000000000000000	0x9bf6df7d3bfd64d2
0x7ffff7f8d1b0:	0x643b227c5c839fd9	0xd158ab037f17b010

[Write Detected]
=> 0x7ffff7fb7b61:	lea    0x1(%r8),%r8
0x7ffff7f8d1a0:	0xdeb27a1e8807c346	0x0000000000000000
0x7ffff7f8d1b0:	0x0000000000000000	0x0000000000000000

[Write Detected]
=> 0x7ffff7fb7bdb:	lea    0x1(%r8),%r8
0x7ffff7f8d1a0:	0x8503066f62ab562e	0xf14b8a3163002193
0x7ffff7f8d1b0:	0x66b9938c5ff16067	0x5a9f745f8eb11ab6

[Write Detected]
=> 0x7ffff7fb63f6:	inc    %rdx
0x7ffff7f8d1a0:	0x0000000000000000	0x24157cc74068605d
0x7ffff7f8d1b0:	0x8a1f0b11909e2892	0xb1594e210e78a3f2

[Write Detected]
=> 0x7ffff7fb2618:	mov    %rbx,(%rcx)
0x7ffff7f8d1a0:	0xc7f0a39c3caa20c9	0x1e63649491df1cb6
0x7ffff7f8d1b0:	0x47136569c01d22a8	0xdcba452e4f2cd320

[Write Detected]
=> 0x7ffff7fb7bdb:	lea    0x1(%r8),%r8
0x7ffff7f8d1a0:	0xb73b0a598bcf246d	0x98d860a44d75908f
0x7ffff7f8d1b0:	0x38cc4eae7a2bc941	0x4d90e33b2b88fb68

[Write Detected]
=> 0x7ffff7fb63f6:	inc    %rdx
0x7ffff7f8d1a0:	0x0000000000000000	0x39cd266a44219da0
0x7ffff7f8d1b0:	0x6fd9dd1a8ef18d8c	0x358533195379efbe

[Write Detected]
=> 0x7ffff7fb2618:	mov    %rbx,(%rcx)
0x7ffff7f8d1a0:	0x517870f44b74d669	0xec63b13810da9d20
0x7ffff7f8d1b0:	0x75164655598a5a9a	0x6599c91a32db7133

[Write Detected]
=> 0x7ffff7fb7bdb:	lea    0x1(%r8),%r8
0x7ffff7f8d1a0:	0xaf104eb6ec1d218b	0x0c85e0e95d62231b
0x7ffff7f8d1b0:	0x77440fa5384594f2	0x83681f5d39ddf42c

[Write Detected]
=> 0x7ffff7fb88c7:	rep movsb %ds:(%rsi),%es:(%rdi)
0x7ffff7f8d1a0:	0xaf104eb6ec1d215f	0x09208e9ddad89608
0x7ffff7f8d1b0:	0xf40a409fcab12a50	0x74bfb8cda1c3358b

[Write Detected]
=> 0x7ffff7fb88c7:	rep movsb %ds:(%rsi),%es:(%rdi)
0x7ffff7f8d1a0:	0xaf104eb6ec1d465f	0x09208e9ddad89608
0x7ffff7f8d1b0:	0xf40a409fcab12a50	0x74bfb8cda1c3358b

[Write Detected]
=> 0x7ffff7fb88c7:	rep movsb %ds:(%rsi),%es:(%rdi)
0x7ffff7f8d1a0:	0xaf104eb6ec54465f	0x09208e9ddad89608
0x7ffff7f8d1b0:	0xf40a409fcab12a50	0x74bfb8cda1c3358b

[Write Detected]
=> 0x7ffff7fb88c7:	rep movsb %ds:(%rsi),%es:(%rdi)
0x7ffff7f8d1a0:	0xaf104eb63354465f	0x09208e9ddad89608
0x7ffff7f8d1b0:	0xf40a409fcab12a50	0x74bfb8cda1c3358b

[Write Detected]
=> 0x7ffff7fb88c7:	rep movsb %ds:(%rsi),%es:(%rdi)
0x7ffff7f8d1a0:	0x584e555933544666	0x28d8b9338c6ef9a4
0x7ffff7f8d1b0:	0x620c8634cddcccde	0xf1081a510d0dc22d

[Write Detected]
=> 0x7ffff7fb88c7:	rep movsb %ds:(%rsi),%es:(%rdi)
0x7ffff7f8d1a0:	0x584e555933545e66	0x28d8b9338c6ef9a4
0x7ffff7f8d1b0:	0x620c8634cddcccde	0xf1081a510d0dc22d

[Write Detected]
=> 0x7ffff7fb88c7:	rep movsb %ds:(%rsi),%es:(%rdi)
0x7ffff7f8d1a0:	0x584e5559339e5e66	0x28d8b9338c6ef9a4
0x7ffff7f8d1b0:	0x620c8634cddcccde	0xf1081a510d0dc22d

[Write Detected]
=> 0x7ffff7fb88c7:	rep movsb %ds:(%rsi),%es:(%rdi)
0x7ffff7f8d1a0:	0x584e5559e39e5e66	0x28d8b9338c6ef9a4
0x7ffff7f8d1b0:	0x620c8634cddcccde	0xf1081a510d0dc22d

[Write Detected]
=> 0x7ffff7fb63f6:	inc    %rdx
0x7ffff7f8d1a0:	0x0000000000000000	0xb816ac62a44baa0d
0x7ffff7f8d1b0:	0x6402798de4321995	0x10255142710c5a11

[Write Detected]
=> 0x7ffff7fb2618:	mov    %rbx,(%rcx)
0x7ffff7f8d1a0:	0x803caf0c92519f29	0x628dd8e14e704b69
0x7ffff7f8d1b0:	0x2a88fda111cac620	0x7c01768b0426bfc3

[Write Detected]
=> 0x7ffff7fb7bdb:	lea    0x1(%r8),%r8
0x7ffff7f8d1a0:	0xae1918918497a55a	0x2f6fc9eef95aaae4
0x7ffff7f8d1b0:	0xdf0d21b967febee6	0x9b17a10f7f42198d

[Write Detected]
=> 0x7ffff7fb63f6:	inc    %rdx
0x7ffff7f8d1a0:	0x0000000000000000	0xa2eb5f0655d70113
0x7ffff7f8d1b0:	0x31e5799ddb2214ed	0x5c2c6c214ce5c763

[Write Detected]
=> 0x7ffff7fb2618:	mov    %rbx,(%rcx)
0x7ffff7f8d1a0:	0x8b0aec4d4af923a4	0x17ba5fb02f7c9fae
0x7ffff7f8d1b0:	0x735e5912cfd4eabe	0x1901d43e7eeb8331

[Write Detected]
=> 0x7ffff7fb7bdb:	lea    0x1(%r8),%r8
0x7ffff7f8d1a0:	0x9a86e61fb3f036b7	0xb6f6a3fd9772b4bc
0x7ffff7f8d1b0:	0x63b65db266a8c57b	0x4f40a2da0aca50f6

[Write Detected]
=> 0x7ffff7fb63f6:	inc    %rdx
0x7ffff7f8d1a0:	0x0000000000000000	0xbf3885743060ebd6
0x7ffff7f8d1b0:	0xd25a1b3b04c13dd9	0xe7dc5dc9ffe38369

[Write Detected]
=> 0x7ffff7fb2618:	mov    %rbx,(%rcx)
0x7ffff7f8d1a0:	0x288be23c8cd1b6d1	0x15f1daf0c1a7b9fa
0x7ffff7f8d1b0:	0xb9c9b4a315b11c6e	0x0ca9a5fe88766db4

[Write Detected]
=> 0x7ffff7fb7bdb:	lea    0x1(%r8),%r8
0x7ffff7f8d1a0:	0x118c00f87ca761a9	0x578109e44f7592df
0x7ffff7f8d1b0:	0xd67ace0eda8f660d	0xf3f92dcf2638744f

[Write Detected]
=> 0x7ffff7fb63f6:	inc    %rdx
0x7ffff7f8d1a0:	0x0000000000000000	0x05b828f71903900e
0x7ffff7f8d1b0:	0x1b283a644c290572	0x3b140a96559bcdf8

[Write Detected]
=> 0x7ffff7fb2618:	mov    %rbx,(%rcx)
0x7ffff7f8d1a0:	0x03d7cb7c47bf8191	0xe88344439e11673e
0x7ffff7f8d1b0:	0x2c79bc5bf47e554e	0xfe39e5a56d6c8bcc

[Write Detected]
=> 0x7ffff7fb7bdb:	lea    0x1(%r8),%r8
0x7ffff7f8d1a0:	0x5897cf01382bb1da	0x59ee37a54968845f
0x7ffff7f8d1b0:	0x84ecf6f42a803447	0x3044e40414dece60

[Write Detected]
=> 0x7ffff7fb63f6:	inc    %rdx
0x7ffff7f8d1a0:	0x0000000000000000	0xa6c32a1401b0b407
0x7ffff7f8d1b0:	0xab2bc55a6ff506bb	0xccfb4fe6be013f40

[Write Detected]
=> 0x7ffff7fb2618:	mov    %rbx,(%rcx)
0x7ffff7f8d1a0:	0xd57514f89acb2da4	0xdf67f74b621f24f6
0x7ffff7f8d1b0:	0xffd13435167a42a3	0x51f86e82b1acbbc6

[Write Detected]
=> 0x7ffff7fb7bdb:	lea    0x1(%r8),%r8
0x7ffff7f8d1a0:	0xcf451cf02610b591	0xbe9a5e666e447a30
0x7ffff7f8d1b0:	0x8a0f0adf92038aec	0xaec504358d6d358c

[Write Detected]
=> 0x7ffff7fb63f6:	inc    %rdx
0x7ffff7f8d1a0:	0x0000000000000000	0xe7e6d3ea4a794dce
0x7ffff7f8d1b0:	0xb640463fd1220cdc	0x5d81505f56850b5f

[Write Detected]
=> 0x7ffff7fb7b61:	lea    0x1(%r8),%r8
0x7ffff7f8d1a0:	0xe3da879f63095d0e	0x0000000000000000
0x7ffff7f8d1b0:	0x0000000000000000	0x0000000000000000

[Write Detected]
=> 0x7ffff7fb7bdb:	lea    0x1(%r8),%r8
0x7ffff7f8d1a0:	0xe47479a9992dd6d2	0xa95ab1b1ff789285
0x7ffff7f8d1b0:	0xa0775b55cdba2537	0x3aaa1b54a7323916

[Write Detected]
=> 0x7ffff7fb63f6:	inc    %rdx
0x7ffff7f8d1a0:	0x0000000000000000	0xa35767c6efefdbbe
0x7ffff7f8d1b0:	0xefec39e1e5e9e440	0x7286eddb26bcacc7

[Write Detected]
=> 0x7ffff7fb2618:	mov    %rbx,(%rcx)
0x7ffff7f8d1a0:	0x6adf1ede3ee65c21	0x3406d09d6397b7ae
0x7ffff7f8d1b0:	0x697d6814578eaf5e	0x9edacf209dee4dd3

[Write Detected]
=> 0x7ffff7fb7bdb:	lea    0x1(%r8),%r8
0x7ffff7f8d1a0:	0xed4de69e4734abeb	0x1834cbf73b220237
0x7ffff7f8d1b0:	0x618e5ed5749fb316	0x79fa87d1fa0b1987

[Write Detected]
=> 0x7ffff7fb63f6:	inc    %rdx
0x7ffff7f8d1a0:	0x0000000000000000	0xb0ff10cb20bad8f4
0x7ffff7f8d1b0:	0x306f25b325ffcdfd	0x053e13d2dea3347e

[Write Detected]
=> 0x7ffff7fb2618:	mov    %rbx,(%rcx)
0x7ffff7f8d1a0:	0x271abc46a4ebc9b9	0xd153b00b980023fc
0x7ffff7f8d1b0:	0x25415ec974f1ee66	0x68e19ac455ea69b7

[Write Detected]
=> 0x7ffff7fb7bdb:	lea    0x1(%r8),%r8
0x7ffff7f8d1a0:	0xe8125b660b0f2702	0xab40916336e8c429
0x7ffff7f8d1b0:	0x82a45f29efa19099	0xeac133c61c1c3476

[Write Detected]
=> 0x7ffff7fb88c7:	rep movsb %ds:(%rsi),%es:(%rdi)
0x7ffff7f8d1a0:	0xe8125b660b0f275f	0xcad31cb370c40aca
0x7ffff7f8d1b0:	0xd492d156278f0d4a	0x07179ae358ad258c

[Write Detected]
=> 0x7ffff7fb88c7:	rep movsb %ds:(%rsi),%es:(%rdi)
0x7ffff7f8d1a0:	0xe8125b660b0f465f	0xcad31cb370c40aca
0x7ffff7f8d1b0:	0xd492d156278f0d4a	0x07179ae358ad258c

[Write Detected]
=> 0x7ffff7fb88c7:	rep movsb %ds:(%rsi),%es:(%rdi)
0x7ffff7f8d1a0:	0xe8125b660b54465f	0xcad31cb370c40aca
0x7ffff7f8d1b0:	0xd492d156278f0d4a	0x07179ae358ad258c

[Write Detected]
=> 0x7ffff7fb88c7:	rep movsb %ds:(%rsi),%es:(%rdi)
0x7ffff7f8d1a0:	0xe8125b663354465f	0xcad31cb370c40aca
0x7ffff7f8d1b0:	0xd492d156278f0d4a	0x07179ae358ad258c

[Write Detected]
=> 0x7ffff7fb88c7:	rep movsb %ds:(%rsi),%es:(%rdi)
0x7ffff7f8d1a0:	0x584e55593354467a	0x28d8b9338c6ef9a4
0x7ffff7f8d1b0:	0x620c8634cddcccde	0xf1081a510d0dc22d

[Write Detected]
=> 0x7ffff7fb88c7:	rep movsb %ds:(%rsi),%es:(%rdi)
0x7ffff7f8d1a0:	0x584e55593354f27a	0x28d8b9338c6ef9a4
0x7ffff7f8d1b0:	0x620c8634cddcccde	0xf1081a510d0dc22d

[Write Detected]
=> 0x7ffff7fb88c7:	rep movsb %ds:(%rsi),%es:(%rdi)
0x7ffff7f8d1a0:	0x584e555933e2f27a	0x28d8b9338c6ef9a4
0x7ffff7f8d1b0:	0x620c8634cddcccde	0xf1081a510d0dc22d

[Write Detected]
=> 0x7ffff7fb88c7:	rep movsb %ds:(%rsi),%es:(%rdi)
0x7ffff7f8d1a0:	0x584e555921e2f27a	0x28d8b9338c6ef9a4
0x7ffff7f8d1b0:	0x620c8634cddcccde	0xf1081a510d0dc22d

[Write Detected]
=> 0x7ffff7fb63f6:	inc    %rdx
0x7ffff7f8d1a0:	0x0000000000000000	0x7372311ec1e6f14d
0x7ffff7f8d1b0:	0x3ca8dae0eaaf2e00	0x31f4d805c3a37796

[Write Detected]
=> 0x7ffff7fb7b61:	lea    0x1(%r8),%r8
0x7ffff7f8d1a0:	0xa2e0ee56f77d7aec	0x0000000000000000
0x7ffff7f8d1b0:	0x0000000000000000	0x0000000000000000

[Write Detected]
=> 0x7ffff7fb7bdb:	lea    0x1(%r8),%r8
0x7ffff7f8d1a0:	0x79ef3d5ead88ff78	0x40aa82c1c957852d
0x7ffff7f8d1b0:	0xfb29efd5df0342c9	0xd7bec25b1eba1c37

[Write Detected]
=> 0x7ffff7fb63f6:	inc    %rdx
0x7ffff7f8d1a0:	0x0000000000000000	0x9b1f366aca25f234
0x7ffff7f8d1b0:	0x19c0137cf8cfdc16	0xbe215c6483b21a94

[Write Detected]
=> 0x7ffff7fb2618:	mov    %rbx,(%rcx)
0x7ffff7f8d1a0:	0xa16a6f4a3970cc24	0x1f25aed3a5e83714
0x7ffff7f8d1b0:	0x15edd10b0f16583d	0xc868541fe5dd0246

[Write Detected]
=> 0x7ffff7fb7bdb:	lea    0x1(%r8),%r8
0x7ffff7f8d1a0:	0x3787de7a0c6c3d57	0xe3bef4b9ea1716cd
0x7ffff7f8d1b0:	0x7a57ee64fdd5dbce	0x278c6ab3797908fe

[Write Detected]
=> 0x7ffff7fb63f6:	inc    %rdx
0x7ffff7f8d1a0:	0x0000000000000000	0xbab9c036ad8f8f4f
0x7ffff7f8d1b0:	0x2e1565b83fa98ea6	0x717589cd048be8f2

[Write Detected]
=> 0x7ffff7fb2618:	mov    %rbx,(%rcx)
0x7ffff7f8d1a0:	0xa5e9ae6ff81a9391	0x1f7b1ade5a4386d9
0x7ffff7f8d1b0:	0xbbc638a336091397	0x79dc21c3795d5161

[Write Detected]
=> 0x7ffff7fb7bdb:	lea    0x1(%r8),%r8
0x7ffff7f8d1a0:	0x6bf535df850bf22c	0x9da4a8dfc646ebdc
0x7ffff7f8d1b0:	0xd83a17bc57870524	0x4890aa74a2ca2b9a

[Write Detected]
=> 0x7ffff7fb63f6:	inc    %rdx
0x7ffff7f8d1a0:	0x0000000000000000	0x584a293f80583fe1
0x7ffff7f8d1b0:	0x34c78284bcf760b1	0x1cd2b1ec5dbd4331

[Write Detected]
=> 0x7ffff7fb7b61:	lea    0x1(%r8),%r8
0x7ffff7f8d1a0:	0x1d6e0f75a73358a0	0x0000000000000000
0x7ffff7f8d1b0:	0x0000000000000000	0x0000000000000000

[Write Detected]
=> 0x7ffff7fb7bdb:	lea    0x1(%r8),%r8
0x7ffff7f8d1a0:	0x8b91f08f772c5fd9	0x95b66e2629f62c6e
0x7ffff7f8d1b0:	0x5e709b1c809e6a9b	0xe1016cd2d52198b6

[Write Detected]
=> 0x7ffff7fb63f6:	inc    %rdx
0x7ffff7f8d1a0:	0x0000000000000000	0xc3212e0470f842da
0x7ffff7f8d1b0:	0xdc28d3b1efe9afce	0x053cd7a488dc3e3f

[Write Detected]
=> 0x7ffff7fb2618:	mov    %rbx,(%rcx)
0x7ffff7f8d1a0:	0x52738ad86cdf3790	0x4a93b5371f38acac
0x7ffff7f8d1b0:	0xb9aefd49e5f8619a	0xeb4d29aad878f135

[Write Detected]
=> 0x7ffff7fb7bdb:	lea    0x1(%r8),%r8
0x7ffff7f8d1a0:	0x6c1c0ed42d76745e	0xac1cc37f72221b17
0x7ffff7f8d1b0:	0x6f7d0f42cb6aa77b	0x67147faa8553bcc4

[Write Detected]
=> 0x7ffff7fb88c7:	rep movsb %ds:(%rsi),%es:(%rdi)
0x7ffff7f8d1a0:	0x6c1c0ed42d76745f	0x6c97bec3a36a4de2
0x7ffff7f8d1b0:	0x7f2097019f082ed8	0xdf0d955b3ab0672d

[Write Detected]
=> 0x7ffff7fb88c7:	rep movsb %ds:(%rsi),%es:(%rdi)
0x7ffff7f8d1a0:	0x6c1c0ed42d76465f	0x6c97bec3a36a4de2
0x7ffff7f8d1b0:	0x7f2097019f082ed8	0xdf0d955b3ab0672d

[Write Detected]
=> 0x7ffff7fb88c7:	rep movsb %ds:(%rsi),%es:(%rdi)
0x7ffff7f8d1a0:	0x6c1c0ed42d54465f	0x6c97bec3a36a4de2
0x7ffff7f8d1b0:	0x7f2097019f082ed8	0xdf0d955b3ab0672d

[Write Detected]
=> 0x7ffff7fb88c7:	rep movsb %ds:(%rsi),%es:(%rdi)
0x7ffff7f8d1a0:	0x6c1c0ed43354465f	0x6c97bec3a36a4de2
0x7ffff7f8d1b0:	0x7f2097019f082ed8	0xdf0d955b3ab0672d

[Write Detected]
=> 0x7ffff7fb88c7:	rep movsb %ds:(%rsi),%es:(%rdi)
0x7ffff7f8d1a0:	0x584e5559335446eb	0x28d8b9338c6ef9a4
0x7ffff7f8d1b0:	0x620c8634cddcccde	0xf1081a510d0dc22d

[Write Detected]
=> 0x7ffff7fb88c7:	rep movsb %ds:(%rsi),%es:(%rdi)
0x7ffff7f8d1a0:	0x584e55593354d9eb	0x28d8b9338c6ef9a4
0x7ffff7f8d1b0:	0x620c8634cddcccde	0xf1081a510d0dc22d

[Write Detected]
=> 0x7ffff7fb88c7:	rep movsb %ds:(%rsi),%es:(%rdi)
0x7ffff7f8d1a0:	0x584e555933b3d9eb	0x28d8b9338c6ef9a4
0x7ffff7f8d1b0:	0x620c8634cddcccde	0xf1081a510d0dc22d

[Write Detected]
=> 0x7ffff7fb88c7:	rep movsb %ds:(%rsi),%es:(%rdi)
0x7ffff7f8d1a0:	0x584e555921b3d9eb	0x28d8b9338c6ef9a4
0x7ffff7f8d1b0:	0x620c8634cddcccde	0xf1081a510d0dc22d

[Write Detected]
=> 0x7ffff7fb63f6:	inc    %rdx
0x7ffff7f8d1a0:	0x0000000000000000	0xe7a17b5db69cd8e9
0x7ffff7f8d1b0:	0xb7bb3980d8973cb3	0xc6809cc26d12267c

[Write Detected]
=> 0x7ffff7fb7b61:	lea    0x1(%r8),%r8
0x7ffff7f8d1a0:	0x9162770dde677b3b	0x0000000000000000
0x7ffff7f8d1b0:	0x0000000000000000	0x0000000000000000

[Write Detected]
=> 0x7ffff7fb7bdb:	lea    0x1(%r8),%r8
0x7ffff7f8d1a0:	0x5a6bf96e7b532dac	0x387ecae23ddf5b75
0x7ffff7f8d1b0:	0xb903fa45821c230f	0xf7503165a959aecc

[Write Detected]
=> 0x7ffff7fb63f6:	inc    %rdx
0x7ffff7f8d1a0:	0x0000000000000000	0x88bd3a8a3f963a49
0x7ffff7f8d1b0:	0x3539f60c7bdbb811	0x48c260535ad0478d

[Write Detected]
=> 0x7ffff7fb2618:	mov    %rbx,(%rcx)
0x7ffff7f8d1a0:	0x46621256f3c6cc29	0x1d1c6aca7ccd010e
0x7ffff7f8d1b0:	0x0729e7114e89bd20	0x8de91e974265ab64

[Write Detected]
=> 0x7ffff7fb7bdb:	lea    0x1(%r8),%r8
0x7ffff7f8d1a0:	0xd09fa379e881b00b	0xf6d1dcc8968f6b39
0x7ffff7f8d1b0:	0x0aebfe27bcf8758e	0xccb21820e4e9ea36

[Write Detected]
=> 0x7ffff7fb63f6:	inc    %rdx
0x7ffff7f8d1a0:	0x0000000000000000	0x57d33ebe44cd5237
0x7ffff7f8d1b0:	0x974e979514b8838b	0x41ab4807d9dd5ee5

[Write Detected]
=> 0x7ffff7fb2618:	mov    %rbx,(%rcx)
0x7ffff7f8d1a0:	0x519bbd2cd4252079	0x0dff2071630f585d
0x7ffff7f8d1b0:	0x375cbecde30b81bd	0xc98efb0715be87dd

[Write Detected]
=> 0x7ffff7fb7bdb:	lea    0x1(%r8),%r8
0x7ffff7f8d1a0:	0xe99dbb52233bef09	0xf854fd5b50b55562
0x7ffff7f8d1b0:	0xa9df4f21ca2e9039	0x5f5e6f7b5473f2fc

[Write Detected]
=> 0x7ffff7fb63f6:	inc    %rdx
0x7ffff7f8d1a0:	0x0000000000000000	0x794a4e059ea8cbc6
0x7ffff7f8d1b0:	0xeeeec18f47353f61	0x5218170aaf9e28ff

[Write Detected]
=> 0x7ffff7fb7b61:	lea    0x1(%r8),%r8
0x7ffff7f8d1a0:	0x6479fa8708342f0c	0x0000000000000000
0x7ffff7f8d1b0:	0x0000000000000000	0x0000000000000000

[Write Detected]
=> 0x7ffff7fb7bdb:	lea    0x1(%r8),%r8
0x7ffff7f8d1a0:	0xd033e00d64dd34b7	0x9875a6f09f1876d1
0x7ffff7f8d1b0:	0x39950c894e8e9c8c	0xd93c0dba5de1e727

[Write Detected]
=> 0x7ffff7fb63f6:	inc    %rdx
0x7ffff7f8d1a0:	0x0000000000000000	0xef5c97e0951236ac
0x7ffff7f8d1b0:	0x45a2001c7e24d5d9	0x5155418705b9107a

[Write Detected]
=> 0x7ffff7fb2618:	mov    %rbx,(%rcx)
0x7ffff7f8d1a0:	0xb97fb9288357ce51	0xafc9898132cf03f6
0x7ffff7f8d1b0:	0xca61c6db3dbc5f22	0x606183bb1421d1d3

[Write Detected]
=> 0x7ffff7fb7bdb:	lea    0x1(%r8),%r8
0x7ffff7f8d1a0:	0xf4d3724c91701378	0xd30ad2ebc3116ffd
0x7ffff7f8d1b0:	0x3e5afea3ec05d0ca	0x988ef4f0b889f95a

[Write Detected]
=> 0x7ffff7fb88c7:	rep movsb %ds:(%rsi),%es:(%rdi)
0x7ffff7f8d1a0:	0xf4d3724c9170135f	0x3d32f221bced16b3
0x7ffff7f8d1b0:	0x3a985837eedb0ee7	0xd8b3fec4961ab34d

[Write Detected]
=> 0x7ffff7fb88c7:	rep movsb %ds:(%rsi),%es:(%rdi)
0x7ffff7f8d1a0:	0xf4d3724c9170465f	0x3d32f221bced16b3
0x7ffff7f8d1b0:	0x3a985837eedb0ee7	0xd8b3fec4961ab34d

[Write Detected]
=> 0x7ffff7fb88c7:	rep movsb %ds:(%rsi),%es:(%rdi)
0x7ffff7f8d1a0:	0xf4d3724c9154465f	0x3d32f221bced16b3
0x7ffff7f8d1b0:	0x3a985837eedb0ee7	0xd8b3fec4961ab34d

[Write Detected]
=> 0x7ffff7fb88c7:	rep movsb %ds:(%rsi),%es:(%rdi)
0x7ffff7f8d1a0:	0xf4d3724c3354465f	0x3d32f221bced16b3
0x7ffff7f8d1b0:	0x3a985837eedb0ee7	0xd8b3fec4961ab34d

[Write Detected]
=> 0x7ffff7fb88c7:	rep movsb %ds:(%rsi),%es:(%rdi)
0x7ffff7f8d1a0:	0x584e5559335446ac	0x28d8b9338c6ef9a4
0x7ffff7f8d1b0:	0x620c8634cddcccde	0xf1081a510d0dc22d

[Write Detected]
=> 0x7ffff7fb88c7:	rep movsb %ds:(%rsi),%es:(%rdi)
0x7ffff7f8d1a0:	0x584e55593354c5ac	0x28d8b9338c6ef9a4
0x7ffff7f8d1b0:	0x620c8634cddcccde	0xf1081a510d0dc22d

[Write Detected]
=> 0x7ffff7fb88c7:	rep movsb %ds:(%rsi),%es:(%rdi)
0x7ffff7f8d1a0:	0x584e55593362c5ac	0x28d8b9338c6ef9a4
0x7ffff7f8d1b0:	0x620c8634cddcccde	0xf1081a510d0dc22d

[Write Detected]
=> 0x7ffff7fb88c7:	rep movsb %ds:(%rsi),%es:(%rdi)
0x7ffff7f8d1a0:	0x584e55594c62c5ac	0x28d8b9338c6ef9a4
0x7ffff7f8d1b0:	0x620c8634cddcccde	0xf1081a510d0dc22d

[Write Detected]
=> 0x7ffff7fb63f6:	inc    %rdx
0x7ffff7f8d1a0:	0x0000000000000000	0x16748877fc3de93b
0x7ffff7f8d1b0:	0xfa13c7b89539db60	0x67a64ecfd3d2193a

[Write Detected]
=> 0x7ffff7fb2618:	mov    %rbx,(%rcx)
0x7ffff7f8d1a0:	0xb4b653a2e0d1e910	0xb7e670fb68d6674c
0x7ffff7f8d1b0:	0x8cb986b3bff1205c	0xc76fad4f229be3d4

[Write Detected]
=> 0x7ffff7fb7bdb:	lea    0x1(%r8),%r8
0x7ffff7f8d1a0:	0x8e29e38d9c2d3a8b	0x007c448d342c374f
0x7ffff7f8d1b0:	0xe76a96f14ee98b50	0xe32212c7a4b78f77

[Write Detected]
=> 0x7ffff7fb63f6:	inc    %rdx
0x7ffff7f8d1a0:	0x0000000000000000	0x59930efb02cf1a44
0x7ffff7f8d1b0:	0xd84058fd54be21dc	0x351a854db50b4dd5

[Write Detected]
=> 0x7ffff7fb2618:	mov    %rbx,(%rcx)
0x7ffff7f8d1a0:	0x937226750a414779	0xa95376ca805aaaec
0x7ffff7f8d1b0:	0xedfe6d75af43d265	0xc6431e6fb5e6f4fc

[Write Detected]
=> 0x7ffff7fb7bdb:	lea    0x1(%r8),%r8
0x7ffff7f8d1a0:	0x7d2fe2fff9b936d1	0x8425b7fab8de2b4c
0x7ffff7f8d1b0:	0xb645be28f852c758	0x56f150bf9ac78a47

[Write Detected]
=> 0x7ffff7fb63f6:	inc    %rdx
0x7ffff7f8d1a0:	0x0000000000000000	0x02d42428b2a0a3ad
0x7ffff7f8d1b0:	0x6efb601a457d8169	0x03ef36d3be2a2b68

[Write Detected]
=> 0x7ffff7fb2618:	mov    %rbx,(%rcx)
0x7ffff7f8d1a0:	0xb21c0b00d7ced6a1	0x0a3e338444b11e3d
0x7ffff7f8d1b0:	0xaefe016079535d73	0xbd18c594cad37081

[Write Detected]
=> 0x7ffff7fb7bdb:	lea    0x1(%r8),%r8
0x7ffff7f8d1a0:	0x71c702a0cd2f8389	0xf57964f2f1a567e8
0x7ffff7f8d1b0:	0x76d08b74d31db9d8	0xbdd162e21f8ef0f1

[Write Detected]
=> 0x7ffff7fb63f6:	inc    %rdx
0x7ffff7f8d1a0:	0x0000000000000000	0xb8666a9587662d5c
0x7ffff7f8d1b0:	0x5eda1442336bd314	0x3bf02896aa02b8f9

[Write Detected]
=> 0x7ffff7fb2618:	mov    %rbx,(%rcx)
0x7ffff7f8d1a0:	0x4ee5b0baf9e37f51	0xb0f54de3bec85a3c
0x7ffff7f8d1b0:	0x4bf2239df2079190	0xaa822a0e1049c334

[Write Detected]
=> 0x7ffff7fb7bdb:	lea    0x1(%r8),%r8
0x7ffff7f8d1a0:	0xa8e0327f38308320	0xd8c2ebe9381d0668
0x7ffff7f8d1b0:	0x545e1d61d5aaad59	0x3ce7e0e9d4506438

[Write Detected]
=> 0x7ffff7fb63f6:	inc    %rdx
0x7ffff7f8d1a0:	0x0000000000000000	0xd1b3d950d9106067
0x7ffff7f8d1b0:	0x7a1cd253232ada1b	0x90694ad13706a8ad

[Write Detected]
=> 0x7ffff7fb2618:	mov    %rbx,(%rcx)
0x7ffff7f8d1a0:	0x37afdc4f6f29c400	0x8167c2701eb0c1e0
0x7ffff7f8d1b0:	0x8d53f3dfabe97024	0x2d82e03e664e6830

[Write Detected]
=> 0x7ffff7fb7bdb:	lea    0x1(%r8),%r8
0x7ffff7f8d1a0:	0xcb04a555b435c070	0x0cc1a5485b53a1ab
0x7ffff7f8d1b0:	0xd0443e1d92446470	0xe7030e1732599a1b

[Write Detected]
=> 0x7ffff7fb63f6:	inc    %rdx
0x7ffff7f8d1a0:	0x0000000000000000	0x574ac93e6d1dc7dd
0x7ffff7f8d1b0:	0x02585d4596cbd749	0x22df3c124f252f5c

[Write Detected]
=> 0x7ffff7fb7b61:	lea    0x1(%r8),%r8
0x7ffff7f8d1a0:	0x0ca2282325ae3140	0x0000000000000000
0x7ffff7f8d1b0:	0x0000000000000000	0x0000000000000000

[Write Detected]
=> 0x7ffff7fb7bdb:	lea    0x1(%r8),%r8
0x7ffff7f8d1a0:	0x072c89a1bbfa40cb	0x8ffe960d9d5fbbe5
0x7ffff7f8d1b0:	0x49fb62670ed8aa18	0x4a342ce8fa8d138b

[Write Detected]
=> 0x7ffff7fb63f6:	inc    %rdx
0x7ffff7f8d1a0:	0x0000000000000000	0x7a002786212e185e
0x7ffff7f8d1b0:	0x1968e5b0cdf130a7	0x95c2c4ccc46d8527

[Write Detected]
=> 0x7ffff7fb2618:	mov    %rbx,(%rcx)
0x7ffff7f8d1a0:	0x181dcc46bf083100	0xa1753238d7ae30b0
0x7ffff7f8d1b0:	0x82daf67ad33f398b	0x74b49f807d32c21b

[Write Detected]
=> 0x7ffff7fb7bdb:	lea    0x1(%r8),%r8
0x7ffff7f8d1a0:	0xa13497b1c0c14d6f	0xfd5be6b1f8a1841a
0x7ffff7f8d1b0:	0xeb78edaa5e72c4d9	0xe34272402614af61

[Write Detected]
=> 0x7ffff7fb63f6:	inc    %rdx
0x7ffff7f8d1a0:	0x0000000000000000	0x9e2e516865f60f8d
0x7ffff7f8d1b0:	0x5b4ddd355deaf1de	0x0b2da457024d9e98

[Write Detected]
=> 0x7ffff7fb2618:	mov    %rbx,(%rcx)
0x7ffff7f8d1a0:	0x38e08b9a58c9f621	0xa8b00897b1ab2723
0x7ffff7f8d1b0:	0x74c6c7be94762629	0x942cd24a3ad24e89

[Write Detected]
=> 0x7ffff7fb7bdb:	lea    0x1(%r8),%r8
0x7ffff7f8d1a0:	0xfb7b529bc1c0db06	0x72b9410b174d055e
0x7ffff7f8d1b0:	0xe7826fd87a6ef821	0x081b3de1bdaaeecb

[Write Detected]
=> 0x7ffff7fb88c7:	rep movsb %ds:(%rsi),%es:(%rdi)
0x7ffff7f8d1a0:	0xfb7b529bc1c0db5f	0x6be4bed671152d6c
0x7ffff7f8d1b0:	0xe5fc5fca8447de74	0x4fccf4f6c4daabb8

[Write Detected]
=> 0x7ffff7fb88c7:	rep movsb %ds:(%rsi),%es:(%rdi)
0x7ffff7f8d1a0:	0xfb7b529bc1c0465f	0x6be4bed671152d6c
0x7ffff7f8d1b0:	0xe5fc5fca8447de74	0x4fccf4f6c4daabb8

[Write Detected]
=> 0x7ffff7fb88c7:	rep movsb %ds:(%rsi),%es:(%rdi)
0x7ffff7f8d1a0:	0xfb7b529bc154465f	0x6be4bed671152d6c
0x7ffff7f8d1b0:	0xe5fc5fca8447de74	0x4fccf4f6c4daabb8

[Write Detected]
=> 0x7ffff7fb88c7:	rep movsb %ds:(%rsi),%es:(%rdi)
0x7ffff7f8d1a0:	0xfb7b529b3354465f	0x6be4bed671152d6c
0x7ffff7f8d1b0:	0xe5fc5fca8447de74	0x4fccf4f6c4daabb8

[Write Detected]
=> 0x7ffff7fb88c7:	rep movsb %ds:(%rsi),%es:(%rdi)
0x7ffff7f8d1a0:	0x584e555933544693	0x28d8b9338c6ef9a4
0x7ffff7f8d1b0:	0x620c8634cddcccde	0xf1081a510d0dc22d

[Write Detected]
=> 0x7ffff7fb88c7:	rep movsb %ds:(%rsi),%es:(%rdi)
0x7ffff7f8d1a0:	0x584e555933541093	0x28d8b9338c6ef9a4
0x7ffff7f8d1b0:	0x620c8634cddcccde	0xf1081a510d0dc22d

[Write Detected]
=> 0x7ffff7fb88c7:	rep movsb %ds:(%rsi),%es:(%rdi)
0x7ffff7f8d1a0:	0x584e555933211093	0x28d8b9338c6ef9a4
0x7ffff7f8d1b0:	0x620c8634cddcccde	0xf1081a510d0dc22d

[Write Detected]
=> 0x7ffff7fb88c7:	rep movsb %ds:(%rsi),%es:(%rdi)
0x7ffff7f8d1a0:	0x584e5559e0211093	0x28d8b9338c6ef9a4
0x7ffff7f8d1b0:	0x620c8634cddcccde	0xf1081a510d0dc22d

[Write Detected]
=> 0x7ffff7fb63f6:	inc    %rdx
0x7ffff7f8d1a0:	0x0000000000000000	0x314d7990c25969e8
0x7ffff7f8d1b0:	0x52c9f23d96a40293	0x499a9f3f88573205

[Write Detected]
=> 0x7ffff7fb7b61:	lea    0x1(%r8),%r8
0x7ffff7f8d1a0:	0xd2c8a4afc0327f9c	0x0000000000000000
0x7ffff7f8d1b0:	0x0000000000000000	0x0000000000000000

[Write Detected]
=> 0x7ffff7fb7bdb:	lea    0x1(%r8),%r8
0x7ffff7f8d1a0:	0xafdc30a872156f77	0x2417d2530e5405dc
0x7ffff7f8d1b0:	0x780cede888b258fc	0x586a932600e01540

[Write Detected]
=> 0x7ffff7fb63f6:	inc    %rdx
0x7ffff7f8d1a0:	0x0000000000000000	0x96b238e44326c504
0x7ffff7f8d1b0:	0xc899f1a1df826932	0x6dacb6e584f00a4c

[Write Detected]
=> 0x7ffff7fb2618:	mov    %rbx,(%rcx)
0x7ffff7f8d1a0:	0xb52971710d083390	0x1686566d23717604
0x7ffff7f8d1b0:	0x80ce8f0ec66a3cc9	0x360e79990e4cd8d1

[Write Detected]
=> 0x7ffff7fb7bdb:	lea    0x1(%r8),%r8
0x7ffff7f8d1a0:	0x5069aff7a475080b	0x60a8c2f91e7e2ea2
0x7ffff7f8d1b0:	0x721573f1c348be8b	0x2fc893731f220130

[Write Detected]
=> 0x7ffff7fb63f6:	inc    %rdx
0x7ffff7f8d1a0:	0x0000000000000000	0x73305b3f13c1b89e
0x7ffff7f8d1b0:	0x953b99e38077befd	0x568a3d17c20f90b5

[Write Detected]
=> 0x7ffff7fb7b61:	lea    0x1(%r8),%r8
0x7ffff7f8d1a0:	0x37bd1ed2bfca821d	0x0000000000000000
0x7ffff7f8d1b0:	0x0000000000000000	0x0000000000000000

[Write Detected]
=> 0x7ffff7fb7bdb:	lea    0x1(%r8),%r8
0x7ffff7f8d1a0:	0xae50a2fbc5b554a8	0xc836edabc52c83ee
0x7ffff7f8d1b0:	0x8f41f8bd51d29ab8	0x9d826f9aae135cf1

[Write Detected]
=> 0x7ffff7fb63f6:	inc    %rdx
0x7ffff7f8d1a0:	0x0000000000000000	0x097011c2ab76e278
0x7ffff7f8d1b0:	0x09d08318fa976cc9	0xb9f2fd4e652ba9bc

[Write Detected]
=> 0x7ffff7fb2618:	mov    %rbx,(%rcx)
0x7ffff7f8d1a0:	0x3d80b708724eb079	0x285528947f4ddeca
0x7ffff7f8d1b0:	0xb2b109803fd18c8f	0xa551c91d59dc1b8f

[Write Detected]
=> 0x7ffff7fb7bdb:	lea    0x1(%r8),%r8
0x7ffff7f8d1a0:	0xafbf8f205f1c2840	0x6003551a47e7e629
0x7ffff7f8d1b0:	0x18c62cd42915d7b9	0x05ad85a85bc292a1

[Write Detected]
=> 0x7ffff7fb63f6:	inc    %rdx
0x7ffff7f8d1a0:	0x0000000000000000	0x581cb61fcd09986d
0x7ffff7f8d1b0:	0xcc89f831099377a4	0x247f899228a33ff6

[Write Detected]
=> 0x7ffff7fb7b61:	lea    0x1(%r8),%r8
0x7ffff7f8d1a0:	0x71d46d155cef6a00	0x0000000000000000
0x7ffff7f8d1b0:	0x0000000000000000	0x0000000000000000

[Write Detected]
=> 0x7ffff7fb7bdb:	lea    0x1(%r8),%r8
0x7ffff7f8d1a0:	0x986c375c947ace0c	0x39f7b3ccc1e80c46
0x7ffff7f8d1b0:	0xa1fa572208143749	0x70c3146d61c5bb23

[Write Detected]
=> 0x7ffff7fb63f6:	inc    %rdx
0x7ffff7f8d1a0:	0x0000000000000000	0x891a66877b019f21
0x7ffff7f8d1b0:	0xd38d40ecb5cb9006	0x9c074084900748e4

[Write Detected]
=> 0x7ffff7fb2618:	mov    %rbx,(%rcx)
0x7ffff7f8d1a0:	0xeed778f854541000	0x75de6d39e1232340
0x7ffff7f8d1b0:	0x374d9af72e71f271	0x80e45499c04fcef8

[Write Detected]
=> 0x7ffff7fb7bdb:	lea    0x1(%r8),%r8
0x7ffff7f8d1a0:	0x4e35a3f0e9eacafb	0x414008405b734340
0x7ffff7f8d1b0:	0x855675dfb1c60274	0x3acdbcf910a64380

[Write Detected]
=> 0x7ffff7fb63f6:	inc    %rdx
0x7ffff7f8d1a0:	0x0000000000000000	0x26558fcc36cfd797
0x7ffff7f8d1b0:	0xad8b811577f7226b	0x59caa46ea3070e06

[Write Detected]
=> 0x7ffff7fb7b61:	lea    0x1(%r8),%r8
0x7ffff7f8d1a0:	0x685ba1f7bdf57dc4	0x0000000000000000
0x7ffff7f8d1b0:	0x0000000000000000	0x0000000000000000

[Write Detected]
=> 0x7ffff7fb7bdb:	lea    0x1(%r8),%r8
0x7ffff7f8d1a0:	0x060598021883f643	0x84f0062b943822f0
0x7ffff7f8d1b0:	0xc4813a8bff01f93e	0xa0ec701431a127f0

[Write Detected]
=> 0x7ffff7fb88c7:	rep movsb %ds:(%rsi),%es:(%rdi)
0x7ffff7f8d1a0:	0x060598021883f65f	0xf21b364eea5c2af6
0x7ffff7f8d1b0:	0x2d29a565b0c1d34b	0x57bcae87b613d3d2

[Write Detected]
=> 0x7ffff7fb88c7:	rep movsb %ds:(%rsi),%es:(%rdi)
0x7ffff7f8d1a0:	0x060598021883465f	0xf21b364eea5c2af6
0x7ffff7f8d1b0:	0x2d29a565b0c1d34b	0x57bcae87b613d3d2

[Write Detected]
=> 0x7ffff7fb88c7:	rep movsb %ds:(%rsi),%es:(%rdi)
0x7ffff7f8d1a0:	0x060598021854465f	0xf21b364eea5c2af6
0x7ffff7f8d1b0:	0x2d29a565b0c1d34b	0x57bcae87b613d3d2

[Write Detected]
=> 0x7ffff7fb88c7:	rep movsb %ds:(%rsi),%es:(%rdi)
0x7ffff7f8d1a0:	0x060598023354465f	0xf21b364eea5c2af6
0x7ffff7f8d1b0:	0x2d29a565b0c1d34b	0x57bcae87b613d3d2

[Write Detected]
=> 0x7ffff7fb88c7:	rep movsb %ds:(%rsi),%es:(%rdi)
0x7ffff7f8d1a0:	0x584e555933544601	0x28d8b9338c6ef9a4
0x7ffff7f8d1b0:	0x620c8634cddcccde	0xf1081a510d0dc22d

[Write Detected]
=> 0x7ffff7fb88c7:	rep movsb %ds:(%rsi),%es:(%rdi)
0x7ffff7f8d1a0:	0x584e555933540001	0x28d8b9338c6ef9a4
0x7ffff7f8d1b0:	0x620c8634cddcccde	0xf1081a510d0dc22d

[Write Detected]
=> 0x7ffff7fb88c7:	rep movsb %ds:(%rsi),%es:(%rdi)
0x7ffff7f8d1a0:	0x584e555933000001	0x28d8b9338c6ef9a4
0x7ffff7f8d1b0:	0x620c8634cddcccde	0xf1081a510d0dc22d

[Write Detected]
=> 0x7ffff7fb88c7:	rep movsb %ds:(%rsi),%es:(%rdi)
0x7ffff7f8d1a0:	0x584e555900000001	0x28d8b9338c6ef9a4
0x7ffff7f8d1b0:	0x620c8634cddcccde	0xf1081a510d0dc22d

[Write Detected]
=> 0x7ffff7fb13f7:	inc    %r14
0x7ffff7f8d1a0:	0x0000000000000061	0x0000000000000000
0x7ffff7f8d1b0:	0x0000000000000000	0x0000000000000000

[Write Detected]
=> 0x7ffff7fb13f7:	inc    %r14
0x7ffff7f8d1a0:	0x0000000000003061	0x0000000000000000
0x7ffff7f8d1b0:	0x0000000000000000	0x0000000000000000

[Write Detected]
=> 0x7ffff7fb13f7:	inc    %r14
0x7ffff7f8d1a0:	0x0000000000393061	0x0000000000000000
0x7ffff7f8d1b0:	0x0000000000000000	0x0000000000000000

[Write Detected]
=> 0x7ffff7fb13f7:	inc    %r14
0x7ffff7f8d1a0:	0x0000000064393061	0x0000000000000000
0x7ffff7f8d1b0:	0x0000000000000000	0x0000000000000000

[Write Detected]
[*] Trace finished (Program exited or error).
Warning: 'set logging off', an alias for the command 'set logging enabled', is deprecated.
Use 'set logging enabled off'.