[*] Memory Tracing Started...
Hardware watchpoint 2: *140737353666976

[Write Detected]
=> 0x7ffff7fb88c7:	rep movsb %ds:(%rsi),%es:(%rdi)
0x7ffff7f8d1a0:	0x000000000000005d	0x0000000000000000
0x7ffff7f8d1b0:	0x0000000000000000	0x0000000000000000

[Write Detected]
=> 0x7ffff7fb88c7:	rep movsb %ds:(%rsi),%es:(%rdi)
0x7ffff7f8d1a0:	0x000000000000465d	0x0000000000000000
0x7ffff7f8d1b0:	0x0000000000000000	0x0000000000000000

[Write Detected]
=> 0x7ffff7fb88c7:	rep movsb %ds:(%rsi),%es:(%rdi)
0x7ffff7f8d1a0:	0x000000000054465d	0x0000000000000000
0x7ffff7f8d1b0:	0x0000000000000000	0x0000000000000000

[Write Detected]
=> 0x7ffff7fb88c7:	rep movsb %ds:(%rsi),%es:(%rdi)
0x7ffff7f8d1a0:	0x000000003354465d	0x0000000000000000
0x7ffff7f8d1b0:	0x0000000000000000	0x0000000000000000

[Write Detected]
=> 0x7ffff7fb88c7:	rep movsb %ds:(%rsi),%es:(%rdi)
0x7ffff7f8d1a0:	0x584e55593354465c	0x28d8b9338c6ef9a4
0x7ffff7f8d1b0:	0x620c8634cddcccde	0xf1081a510d0dc22d

[Write Detected]
=> 0x7ffff7fb6475:	add    $0xfffffffffffffff8,%rbx
0x7ffff7f8d1a0:	0x2c272aac99aa232e	0x146c5c99c6377cd2
0x7ffff7f8d1b0:	0xb106431a66ee666f	0x78840d288686e116

[Write Detected]
=> 0x7ffff7fb88c7:	rep movsb %ds:(%rsi),%es:(%rdi)
0x7ffff7f8d1a0:	0x2c272aac99aa2301	0x146c5c99c6377cd2
0x7ffff7f8d1b0:	0xb106431a66ee666f	0x78840d288686e116

[Write Detected]
=> 0x7ffff7fb88c7:	rep movsb %ds:(%rsi),%es:(%rdi)
0x7ffff7f8d1a0:	0x2c272aac99aa6501	0x146c5c99c6377cd2
0x7ffff7f8d1b0:	0xb106431a66ee666f	0x78840d288686e116

[Write Detected]
=> 0x7ffff7fb88c7:	rep movsb %ds:(%rsi),%es:(%rdi)
0x7ffff7f8d1a0:	0x2c272aac999e6501	0x146c5c99c6377cd2
0x7ffff7f8d1b0:	0xb106431a66ee666f	0x78840d288686e116

[Write Detected]
=> 0x7ffff7fb88c7:	rep movsb %ds:(%rsi),%es:(%rdi)
0x7ffff7f8d1a0:	0x2c272aac209e6501	0x146c5c99c6377cd2
0x7ffff7f8d1b0:	0xb106431a66ee666f	0x78840d288686e116

[Write Detected]
=> 0x7ffff7fb7ab1:	add    $0x8,%rcx
0x7ffff7f8d1a0:	0x0344b28d661de641	0x78ffde6f0c0fd4b5
0x7ffff7f8d1b0:	0x65f38dda7f2166f5	0x0114ad3e3b17463b

[Write Detected]
=> 0x7ffff7fb7bdb:	lea    0x1(%r8),%r8
0x7ffff7f8d1a0:	0xfeee7e665163d211	0x6a700ab5aae315b9
0x7ffff7f8d1b0:	0x734969df975fe9c7	0x23c0575f0c52e534

[Write Detected]
=> 0x7ffff7fb88c7:	rep movsb %ds:(%rsi),%es:(%rdi)
0x7ffff7f8d1a0:	0xfeee7e665163d297	0xf3b9c0ebc8f06fa1
0x7ffff7f8d1b0:	0x48e98659ae759138	0x9efeb21bf3e7c077

[Write Detected]
=> 0x7ffff7fb88c7:	rep movsb %ds:(%rsi),%es:(%rdi)
0x7ffff7f8d1a0:	0xfeee7e6651631197	0xf3b9c0ebc8f06fa1
0x7ffff7f8d1b0:	0x48e98659ae759138	0x9efeb21bf3e7c077

[Write Detected]
=> 0x7ffff7fb88c7:	rep movsb %ds:(%rsi),%es:(%rdi)
0x7ffff7f8d1a0:	0xfeee7e6651d51197	0xf3b9c0ebc8f06fa1
0x7ffff7f8d1b0:	0x48e98659ae759138	0x9efeb21bf3e7c077

[Write Detected]
=> 0x7ffff7fb88c7:	rep movsb %ds:(%rsi),%es:(%rdi)
0x7ffff7f8d1a0:	0xfeee7e664cd51197	0xf3b9c0ebc8f06fa1
0x7ffff7f8d1b0:	0x48e98659ae759138	0x9efeb21bf3e7c077

[Write Detected]
=> 0x7ffff7fb1840:	mov    %rdi,%r14
0x7ffff7f8d1a0:	0x161395564cd51196	0x8a362e4ce31bbe69
0x7ffff7f8d1b0:	0x5883218d33773337	0x3c4206944343708b

[Write Detected]
=> 0x7ffff7fb88c7:	rep movsb %ds:(%rsi),%es:(%rdi)
0x7ffff7f8d1a0:	0x161395564cd5115f	0x8a362e4ce31bbe69
0x7ffff7f8d1b0:	0x5883218d33773337	0x3c4206944343708b

[Write Detected]
=> 0x7ffff7fb88c7:	rep movsb %ds:(%rsi),%es:(%rdi)
0x7ffff7f8d1a0:	0x161395564cd5465f	0x8a362e4ce31bbe69
0x7ffff7f8d1b0:	0x5883218d33773337	0x3c4206944343708b

[Write Detected]
=> 0x7ffff7fb88c7:	rep movsb %ds:(%rsi),%es:(%rdi)
0x7ffff7f8d1a0:	0x161395564c54465f	0x8a362e4ce31bbe69
0x7ffff7f8d1b0:	0x5883218d33773337	0x3c4206944343708b

[Write Detected]
=> 0x7ffff7fb88c7:	rep movsb %ds:(%rsi),%es:(%rdi)
0x7ffff7f8d1a0:	0x161395563354465f	0x8a362e4ce31bbe69
0x7ffff7f8d1b0:	0x5883218d33773337	0x3c4206944343708b

[Write Detected]
=> 0x7ffff7fb88c7:	rep movsb %ds:(%rsi),%es:(%rdi)
0x7ffff7f8d1a0:	0x584e55593354469e	0x28d8b9338c6ef9a4
0x7ffff7f8d1b0:	0x620c8634cddcccde	0xf1081a510d0dc22d

[Write Detected]
=> 0x7ffff7fb88c7:	rep movsb %ds:(%rsi),%es:(%rdi)
0x7ffff7f8d1a0:	0x584e55593354d69e	0x28d8b9338c6ef9a4
0x7ffff7f8d1b0:	0x620c8634cddcccde	0xf1081a510d0dc22d

[Write Detected]
=> 0x7ffff7fb88c7:	rep movsb %ds:(%rsi),%es:(%rdi)
0x7ffff7f8d1a0:	0x584e55593392d69e	0x28d8b9338c6ef9a4
0x7ffff7f8d1b0:	0x620c8634cddcccde	0xf1081a510d0dc22d

[Write Detected]
=> 0x7ffff7fb88c7:	rep movsb %ds:(%rsi),%es:(%rdi)
0x7ffff7f8d1a0:	0x584e55592792d69e	0x28d8b9338c6ef9a4
0x7ffff7f8d1b0:	0x620c8634cddcccde	0xf1081a510d0dc22d

[Write Detected]
=> 0x7ffff7fb88c7:	rep movsb %ds:(%rsi),%es:(%rdi)
0x7ffff7f8d1a0:	0xbabab17a2792d665	0x4d34b31183ac458a
0x7ffff7f8d1b0:	0x8558a45bda3370c8	0x704cf2de07b3efa7

[Write Detected]
=> 0x7ffff7fb88c7:	rep movsb %ds:(%rsi),%es:(%rdi)
0x7ffff7f8d1a0:	0xbabab17a27924465	0x4d34b31183ac458a
0x7ffff7f8d1b0:	0x8558a45bda3370c8	0x704cf2de07b3efa7

[Write Detected]
=> 0x7ffff7fb88c7:	rep movsb %ds:(%rsi),%es:(%rdi)
0x7ffff7f8d1a0:	0xbabab17a27354465	0x4d34b31183ac458a
0x7ffff7f8d1b0:	0x8558a45bda3370c8	0x704cf2de07b3efa7

[Write Detected]
=> 0x7ffff7fb88c7:	rep movsb %ds:(%rsi),%es:(%rdi)
0x7ffff7f8d1a0:	0xbabab17a93354465	0x4d34b31183ac458a
0x7ffff7f8d1b0:	0x8558a45bda3370c8	0x704cf2de07b3efa7

[Write Detected]
=> 0x7ffff7fb1840:	mov    %rdi,%r14
0x7ffff7f8d1a0:	0x4584e55593354464	0xe28d8b9338c6ef9a
0x7ffff7f8d1b0:	0xd620c8634cddcccd	0x0f1081a510d0dc22

[Write Detected]
=> 0x7ffff7fb88c7:	rep movsb %ds:(%rsi),%es:(%rdi)
0x7ffff7f8d1a0:	0x4584e5559335445f	0xe28d8b9338c6ef9a
0x7ffff7f8d1b0:	0xd620c8634cddcccd	0x0f1081a510d0dc22

[Write Detected]
=> 0x7ffff7fb88c7:	rep movsb %ds:(%rsi),%es:(%rdi)
0x7ffff7f8d1a0:	0x4584e5559335465f	0xe28d8b9338c6ef9a
0x7ffff7f8d1b0:	0xd620c8634cddcccd	0x0f1081a510d0dc22

[Write Detected]
=> 0x7ffff7fb88c7:	rep movsb %ds:(%rsi),%es:(%rdi)
0x7ffff7f8d1a0:	0x4584e5559354465f	0xe28d8b9338c6ef9a
0x7ffff7f8d1b0:	0xd620c8634cddcccd	0x0f1081a510d0dc22

[Write Detected]
=> 0x7ffff7fb88c7:	rep movsb %ds:(%rsi),%es:(%rdi)
0x7ffff7f8d1a0:	0x4584e5553354465f	0xe28d8b9338c6ef9a
0x7ffff7f8d1b0:	0xd620c8634cddcccd	0x0f1081a510d0dc22

[Write Detected]
=> 0x7ffff7fb88c7:	rep movsb %ds:(%rsi),%es:(%rdi)
0x7ffff7f8d1a0:	0x584e55593354463a	0x28d8b9338c6ef9a4
0x7ffff7f8d1b0:	0x620c8634cddcccde	0xf1081a510d0dc22d

[Write Detected]
=> 0x7ffff7fb88c7:	rep movsb %ds:(%rsi),%es:(%rdi)
0x7ffff7f8d1a0:	0x584e555933542a3a	0x28d8b9338c6ef9a4
0x7ffff7f8d1b0:	0x620c8634cddcccde	0xf1081a510d0dc22d

[Write Detected]
=> 0x7ffff7fb88c7:	rep movsb %ds:(%rsi),%es:(%rdi)
0x7ffff7f8d1a0:	0x584e555933552a3a	0x28d8b9338c6ef9a4
0x7ffff7f8d1b0:	0x620c8634cddcccde	0xf1081a510d0dc22d

[Write Detected]
=> 0x7ffff7fb88c7:	rep movsb %ds:(%rsi),%es:(%rdi)
0x7ffff7f8d1a0:	0x584e555909552a3a	0x28d8b9338c6ef9a4
0x7ffff7f8d1b0:	0x620c8634cddcccde	0xf1081a510d0dc22d

[Write Detected]
=> 0x7ffff7fb88c7:	rep movsb %ds:(%rsi),%es:(%rdi)
0x7ffff7f8d1a0:	0x56d8c90c09552a18	0x3406daa2ef8b79a4
0x7ffff7f8d1b0:	0x3489064e1865b77f	0x74b3ccadec5f5167

[Write Detected]
=> 0x7ffff7fb88c7:	rep movsb %ds:(%rsi),%es:(%rdi)
0x7ffff7f8d1a0:	0x56d8c90c09555118	0x3406daa2ef8b79a4
0x7ffff7f8d1b0:	0x3489064e1865b77f	0x74b3ccadec5f5167

[Write Detected]
=> 0x7ffff7fb88c7:	rep movsb %ds:(%rsi),%es:(%rdi)
0x7ffff7f8d1a0:	0x56d8c90c09cd5118	0x3406daa2ef8b79a4
0x7ffff7f8d1b0:	0x3489064e1865b77f	0x74b3ccadec5f5167

[Write Detected]
=> 0x7ffff7fb88c7:	rep movsb %ds:(%rsi),%es:(%rdi)
0x7ffff7f8d1a0:	0x56d8c90c64cd5118	0x3406daa2ef8b79a4
0x7ffff7f8d1b0:	0x3489064e1865b77f	0x74b3ccadec5f5167

[Write Detected]
=> 0x7ffff7fb6475:	add    $0xfffffffffffffff8,%rbx
0x7ffff7f8d1a0:	0x48b09caab266a88c	0xbc51b1726718ddf3
0x7ffff7f8d1b0:	0x5ac4190c699bb999	0x01e21034a21a1b84

[Write Detected]
=> 0x7ffff7fb63f6:	inc    %rdx
0x7ffff7f8d1a0:	0x0000000000000000	0xbc51b1726718ddf3
0x7ffff7f8d1b0:	0x5ac4190c699bb999	0x01e21034a21a1b84

[Write Detected]
=> 0x7ffff7fb2618:	mov    %rbx,(%rcx)
0x7ffff7f8d1a0:	0x6ce3a5e3dff0a704	0x57026ae79b67027e
0x7ffff7f8d1b0:	0x6212c7a71a8056d6	0x4320a3e127479ace

[Write Detected]
=> 0x7ffff7fb7bdb:	lea    0x1(%r8),%r8
0x7ffff7f8d1a0:	0x2ef4a192a15538a5	0xc3901be0c3f2afd2
0x7ffff7f8d1b0:	0xbc8be885bd9d807b	0x1a54f3d5314488d9

[Write Detected]
=> 0x7ffff7fb88c7:	rep movsb %ds:(%rsi),%es:(%rdi)
0x7ffff7f8d1a0:	0x2ef4a192a155385f	0x3861cc6094246c26
0x7ffff7f8d1b0:	0x4c0db7e7fa89eda8	0x3e77c784fe08a2a3

[Write Detected]
=> 0x7ffff7fb88c7:	rep movsb %ds:(%rsi),%es:(%rdi)
0x7ffff7f8d1a0:	0x2ef4a192a155465f	0x3861cc6094246c26
0x7ffff7f8d1b0:	0x4c0db7e7fa89eda8	0x3e77c784fe08a2a3

[Write Detected]
=> 0x7ffff7fb88c7:	rep movsb %ds:(%rsi),%es:(%rdi)
0x7ffff7f8d1a0:	0x2ef4a192a154465f	0x3861cc6094246c26
0x7ffff7f8d1b0:	0x4c0db7e7fa89eda8	0x3e77c784fe08a2a3

[Write Detected]
=> 0x7ffff7fb88c7:	rep movsb %ds:(%rsi),%es:(%rdi)
0x7ffff7f8d1a0:	0x2ef4a1923354465f	0x3861cc6094246c26
0x7ffff7f8d1b0:	0x4c0db7e7fa89eda8	0x3e77c784fe08a2a3

[Write Detected]
=> 0x7ffff7fb88c7:	rep movsb %ds:(%rsi),%es:(%rdi)
0x7ffff7f8d1a0:	0x584e55593354468e	0x28d8b9338c6ef9a4
0x7ffff7f8d1b0:	0x620c8634cddcccde	0xf1081a510d0dc22d

[Write Detected]
=> 0x7ffff7fb88c7:	rep movsb %ds:(%rsi),%es:(%rdi)
0x7ffff7f8d1a0:	0x584e55593354d68e	0x28d8b9338c6ef9a4
0x7ffff7f8d1b0:	0x620c8634cddcccde	0xf1081a510d0dc22d

[Write Detected]
=> 0x7ffff7fb88c7:	rep movsb %ds:(%rsi),%es:(%rdi)
0x7ffff7f8d1a0:	0x584e55593317d68e	0x28d8b9338c6ef9a4
0x7ffff7f8d1b0:	0x620c8634cddcccde	0xf1081a510d0dc22d

[Write Detected]
=> 0x7ffff7fb88c7:	rep movsb %ds:(%rsi),%es:(%rdi)
0x7ffff7f8d1a0:	0x584e5559ed17d68e	0x28d8b9338c6ef9a4
0x7ffff7f8d1b0:	0x620c8634cddcccde	0xf1081a510d0dc22d

[Write Detected]
=> 0x7ffff7fb88c7:	rep movsb %ds:(%rsi),%es:(%rdi)
0x7ffff7f8d1a0:	0x3a19bd8ded17d611	0x80774af6ae78d6eb
0x7ffff7f8d1b0:	0xba2d2b1dc4a6961e	0x671e9e358077f623

[Write Detected]
=> 0x7ffff7fb88c7:	rep movsb %ds:(%rsi),%es:(%rdi)
0x7ffff7f8d1a0:	0x3a19bd8ded17d511	0x80774af6ae78d6eb
0x7ffff7f8d1b0:	0xba2d2b1dc4a6961e	0x671e9e358077f623

[Write Detected]
=> 0x7ffff7fb88c7:	rep movsb %ds:(%rsi),%es:(%rdi)
0x7ffff7f8d1a0:	0x3a19bd8ded4cd511	0x80774af6ae78d6eb
0x7ffff7f8d1b0:	0xba2d2b1dc4a6961e	0x671e9e358077f623

[Write Detected]
=> 0x7ffff7fb88c7:	rep movsb %ds:(%rsi),%es:(%rdi)
0x7ffff7f8d1a0:	0x3a19bd8d564cd511	0x80774af6ae78d6eb
0x7ffff7f8d1b0:	0xba2d2b1dc4a6961e	0x671e9e358077f623

[Write Detected]
=> 0x7ffff7fb1840:	mov    %rdi,%r14
0x7ffff7f8d1a0:	0x69161395564cd510	0x378a362e4ce31bbe
0x7ffff7f8d1b0:	0x8b5883218d337733	0x003c420694434370

[Write Detected]
=> 0x7ffff7fb63f6:	inc    %rdx
0x7ffff7f8d1a0:	0x0000000000000000	0x378a362e4ce31bbe
0x7ffff7f8d1b0:	0x8b5883218d337733	0x003c420694434370

[Write Detected]
=> 0x7ffff7fb2618:	mov    %rbx,(%rcx)
0x7ffff7f8d1a0:	0x7410fed7f3eb91d9	0x50544ae7b4495908
0x7ffff7f8d1b0:	0x0bcd04c42e731312	0xf12649dc567d9d3f

[Write Detected]
=> 0x7ffff7fb7bdb:	lea    0x1(%r8),%r8
0x7ffff7f8d1a0:	0x13675d32f820290e	0x5475861434c7cd5e
0x7ffff7f8d1b0:	0x2efef0efda15432f	0x9c379a35693a9352

[Write Detected]
=> 0x7ffff7fb63f6:	inc    %rdx
0x7ffff7f8d1a0:	0x0000000000000000	0xfd9922d87087cb3f
0x7ffff7f8d1b0:	0x38b07400b7f6baeb	0x32c45dac51b311f8

[Write Detected]
=> 0x7ffff7fb2618:	mov    %rbx,(%rcx)
0x7ffff7f8d1a0:	0x5826890d6a157cc4	0x2fbac50856da3472
0x7ffff7f8d1b0:	0xd7661cd7cd9adb4b	0xd6bbfe3410075b08

[Write Detected]
=> 0x7ffff7fb7bdb:	lea    0x1(%r8),%r8
0x7ffff7f8d1a0:	0x21b63a09507a3302	0x269dcec2f981fef3
0x7ffff7f8d1b0:	0xde2a745df6739b67	0x601e11a959434794

[Write Detected]
=> 0x7ffff7fb88c7:	rep movsb %ds:(%rsi),%es:(%rdi)
0x7ffff7f8d1a0:	0x21b63a09507a3344	0x5b4306dac77ea417
0x7ffff7f8d1b0:	0xf0e615b8befb07b3	0x2e476ecd5a27fddf

[Write Detected]
=> 0x7ffff7fb88c7:	rep movsb %ds:(%rsi),%es:(%rdi)
0x7ffff7f8d1a0:	0x21b63a09507a3544	0x5b4306dac77ea417
0x7ffff7f8d1b0:	0xf0e615b8befb07b3	0x2e476ecd5a27fddf

[Write Detected]
=> 0x7ffff7fb88c7:	rep movsb %ds:(%rsi),%es:(%rdi)
0x7ffff7f8d1a0:	0x21b63a0950933544	0x5b4306dac77ea417
0x7ffff7f8d1b0:	0xf0e615b8befb07b3	0x2e476ecd5a27fddf

[Write Detected]
=> 0x7ffff7fb88c7:	rep movsb %ds:(%rsi),%es:(%rdi)
0x7ffff7f8d1a0:	0x21b63a0955933544	0x5b4306dac77ea417
0x7ffff7f8d1b0:	0xf0e615b8befb07b3	0x2e476ecd5a27fddf

[Write Detected]
=> 0x7ffff7fb6475:	add    $0xfffffffffffffff8,%rbx
0x7ffff7f8d1a0:	0xcd22c272aac99aa2	0x66f146c5c99c6377
0x7ffff7f8d1b0:	0x116b106431a66ee6	0x00078840d288686e

[Write Detected]
=> 0x7ffff7fb63f6:	inc    %rdx
0x7ffff7f8d1a0:	0x0000000000000000	0x66f146c5c99c6377
0x7ffff7f8d1b0:	0x116b106431a66ee6	0x00078840d288686e

[Write Detected]
=> 0x7ffff7fb7b61:	lea    0x1(%r8),%r8
0x7ffff7f8d1a0:	0x0a47d0346ba61a18	0x0000000000000000
0x7ffff7f8d1b0:	0x0000000000000000	0x0000000000000000

[Write Detected]
=> 0x7ffff7fb7bdb:	lea    0x1(%r8),%r8
0x7ffff7f8d1a0:	0x54ba129473c9e8f0	0xc6464775aa411454
0x7ffff7f8d1b0:	0xd2197cdc25ecc52a	0x8c7cdc803b30cfd6

[Write Detected]
=> 0x7ffff7fb88c7:	rep movsb %ds:(%rsi),%es:(%rdi)
0x7ffff7f8d1a0:	0x54ba129473c9e851	0x1783442aac2e7522
0x7ffff7f8d1b0:	0x3d68b96d6e693894	0x666c044e47e72598

[Write Detected]
=> 0x7ffff7fb88c7:	rep movsb %ds:(%rsi),%es:(%rdi)
0x7ffff7f8d1a0:	0x54ba129473c9cd51	0x1783442aac2e7522
0x7ffff7f8d1b0:	0x3d68b96d6e693894	0x666c044e47e72598

[Write Detected]
=> 0x7ffff7fb88c7:	rep movsb %ds:(%rsi),%es:(%rdi)
0x7ffff7f8d1a0:	0x54ba12947364cd51	0x1783442aac2e7522
0x7ffff7f8d1b0:	0x3d68b96d6e693894	0x666c044e47e72598

[Write Detected]
=> 0x7ffff7fb88c7:	rep movsb %ds:(%rsi),%es:(%rdi)
0x7ffff7f8d1a0:	0x54ba12945564cd51	0x1783442aac2e7522
0x7ffff7f8d1b0:	0x3d68b96d6e693894	0x666c044e47e72598

[Write Detected]
=> 0x7ffff7fb1840:	mov    %rdi,%r14
0x7ffff7f8d1a0:	0xe69161395564cd50	0x3378a362e4ce31bb
0x7ffff7f8d1b0:	0x08b5883218d33773	0x0003c42069443437

[Write Detected]
=> 0x7ffff7fb88c7:	rep movsb %ds:(%rsi),%es:(%rdi)
0x7ffff7f8d1a0:	0xe69161395564cd5f	0x3378a362e4ce31bb
0x7ffff7f8d1b0:	0x08b5883218d33773	0x0003c42069443437

[Write Detected]
=> 0x7ffff7fb88c7:	rep movsb %ds:(%rsi),%es:(%rdi)
0x7ffff7f8d1a0:	0xe69161395564465f	0x3378a362e4ce31bb
0x7ffff7f8d1b0:	0x08b5883218d33773	0x0003c42069443437

[Write Detected]
=> 0x7ffff7fb88c7:	rep movsb %ds:(%rsi),%es:(%rdi)
0x7ffff7f8d1a0:	0xe69161395554465f	0x3378a362e4ce31bb
0x7ffff7f8d1b0:	0x08b5883218d33773	0x0003c42069443437

[Write Detected]
=> 0x7ffff7fb88c7:	rep movsb %ds:(%rsi),%es:(%rdi)
0x7ffff7f8d1a0:	0xe69161393354465f	0x3378a362e4ce31bb
0x7ffff7f8d1b0:	0x08b5883218d33773	0x0003c42069443437

[Write Detected]
=> 0x7ffff7fb88c7:	rep movsb %ds:(%rsi),%es:(%rdi)
0x7ffff7f8d1a0:	0x584e5559335446da	0x28d8b9338c6ef9a4
0x7ffff7f8d1b0:	0x620c8634cddcccde	0xf1081a510d0dc22d

[Write Detected]
=> 0x7ffff7fb88c7:	rep movsb %ds:(%rsi),%es:(%rdi)
0x7ffff7f8d1a0:	0x584e555933543eda	0x28d8b9338c6ef9a4
0x7ffff7f8d1b0:	0x620c8634cddcccde	0xf1081a510d0dc22d

[Write Detected]
=> 0x7ffff7fb88c7:	rep movsb %ds:(%rsi),%es:(%rdi)
0x7ffff7f8d1a0:	0x584e555933253eda	0x28d8b9338c6ef9a4
0x7ffff7f8d1b0:	0x620c8634cddcccde	0xf1081a510d0dc22d

[Write Detected]
=> 0x7ffff7fb88c7:	rep movsb %ds:(%rsi),%es:(%rdi)
0x7ffff7f8d1a0:	0x584e555957253eda	0x28d8b9338c6ef9a4
0x7ffff7f8d1b0:	0x620c8634cddcccde	0xf1081a510d0dc22d

[Write Detected]
=> 0x7ffff7fb88c7:	rep movsb %ds:(%rsi),%es:(%rdi)
0x7ffff7f8d1a0:	0x2f1cb9c257253e54	0x3d32258f4f21d86d
0x7ffff7f8d1b0:	0x2b9d3a4d06f87f16	0x765d9701022fe138

[Write Detected]
=> 0x7ffff7fb88c7:	rep movsb %ds:(%rsi),%es:(%rdi)
0x7ffff7f8d1a0:	0x2f1cb9c257253354	0x3d32258f4f21d86d
0x7ffff7f8d1b0:	0x2b9d3a4d06f87f16	0x765d9701022fe138

[Write Detected]
=> 0x7ffff7fb88c7:	rep movsb %ds:(%rsi),%es:(%rdi)
0x7ffff7f8d1a0:	0x2f1cb9c257593354	0x3d32258f4f21d86d
0x7ffff7f8d1b0:	0x2b9d3a4d06f87f16	0x765d9701022fe138

[Write Detected]
=> 0x7ffff7fb88c7:	rep movsb %ds:(%rsi),%es:(%rdi)
0x7ffff7f8d1a0:	0x2f1cb9c255593354	0x3d32258f4f21d86d
0x7ffff7f8d1b0:	0x2b9d3a4d06f87f16	0x765d9701022fe138

[Write Detected]
=> 0x7ffff7fb6475:	add    $0xfffffffffffffff8,%rbx
0x7ffff7f8d1a0:	0x7cd22c272aac99aa	0x666f146c5c99c637
0x7ffff7f8d1b0:	0xe116b106431a66ee	0x000078840d288686

[Write Detected]
=> 0x7ffff7fb63f6:	inc    %rdx
0x7ffff7f8d1a0:	0x0000000000000000	0x666f146c5c99c637
0x7ffff7f8d1b0:	0xe116b106431a66ee	0x000078840d288686

[Write Detected]
=> 0x7ffff7fb7b61:	lea    0x1(%r8),%r8
0x7ffff7f8d1a0:	0xd3eb2904319decb0	0x0000000000000000
0x7ffff7f8d1b0:	0x0000000000000000	0x0000000000000000

[Write Detected]
=> 0x7ffff7fb7bdb:	lea    0x1(%r8),%r8
0x7ffff7f8d1a0:	0xee5a63a4261ff40c	0xbc6bd32ee46aa978
0x7ffff7f8d1b0:	0x3b931a4cfba8c141	0x29a1993fff8b659e

[Write Detected]
=> 0x7ffff7fb88c7:	rep movsb %ds:(%rsi),%es:(%rdi)
0x7ffff7f8d1a0:	0xee5a63a4261ff4d5	0xdbe6d811a04ff95c
0x7ffff7f8d1b0:	0xe18d17e1031f426d	0xc5849e1881b677d0

[Write Detected]
=> 0x7ffff7fb88c7:	rep movsb %ds:(%rsi),%es:(%rdi)
0x7ffff7f8d1a0:	0xee5a63a4261f4cd5	0xdbe6d811a04ff95c
0x7ffff7f8d1b0:	0xe18d17e1031f426d	0xc5849e1881b677d0

[Write Detected]
=> 0x7ffff7fb88c7:	rep movsb %ds:(%rsi),%es:(%rdi)
0x7ffff7f8d1a0:	0xee5a63a426564cd5	0xdbe6d811a04ff95c
0x7ffff7f8d1b0:	0xe18d17e1031f426d	0xc5849e1881b677d0

[Write Detected]
=> 0x7ffff7fb88c7:	rep movsb %ds:(%rsi),%es:(%rdi)
0x7ffff7f8d1a0:	0xee5a63a495564cd5	0xdbe6d811a04ff95c
0x7ffff7f8d1b0:	0xe18d17e1031f426d	0xc5849e1881b677d0

[Write Detected]
=> 0x7ffff7fb1840:	mov    %rdi,%r14
0x7ffff7f8d1a0:	0xbe69161395564cd4	0x33378a362e4ce31b
0x7ffff7f8d1b0:	0x708b5883218d3377	0x00003c4206944343

[Write Detected]
=> 0x7ffff7fb63f6:	inc    %rdx
0x7ffff7f8d1a0:	0x0000000000000000	0x33378a362e4ce31b
0x7ffff7f8d1b0:	0x708b5883218d3377	0x00003c4206944343

[Write Detected]
=> 0x7ffff7fb2618:	mov    %rbx,(%rcx)
0x7ffff7f8d1a0:	0x01a89a4b99b634a4	0x431f8c32ea7d0204
0x7ffff7f8d1b0:	0xbf56021e677994df	0x6c528048cc23845e

[Write Detected]
=> 0x7ffff7fb7bdb:	lea    0x1(%r8),%r8
0x7ffff7f8d1a0:	0xb7093b32805b4339	0x9dbb9c8317d281f5
0x7ffff7f8d1b0:	0xb88e5829f158ddf5	0x638a4fba600657a5

[Write Detected]
=> 0x7ffff7fb88c7:	rep movsb %ds:(%rsi),%es:(%rdi)
0x7ffff7f8d1a0:	0xb7093b32805b435f	0x35b904c8c211141e
0x7ffff7f8d1b0:	0x4b5f8657c10a5f91	0x948834c4d0751ece

[Write Detected]
=> 0x7ffff7fb88c7:	rep movsb %ds:(%rsi),%es:(%rdi)
0x7ffff7f8d1a0:	0xb7093b32805b465f	0x35b904c8c211141e
0x7ffff7f8d1b0:	0x4b5f8657c10a5f91	0x948834c4d0751ece

[Write Detected]
=> 0x7ffff7fb88c7:	rep movsb %ds:(%rsi),%es:(%rdi)
0x7ffff7f8d1a0:	0xb7093b328054465f	0x35b904c8c211141e
0x7ffff7f8d1b0:	0x4b5f8657c10a5f91	0x948834c4d0751ece

[Write Detected]
=> 0x7ffff7fb88c7:	rep movsb %ds:(%rsi),%es:(%rdi)
0x7ffff7f8d1a0:	0xb7093b323354465f	0x35b904c8c211141e
0x7ffff7f8d1b0:	0x4b5f8657c10a5f91	0x948834c4d0751ece

[Write Detected]
=> 0x7ffff7fb88c7:	rep movsb %ds:(%rsi),%es:(%rdi)
0x7ffff7f8d1a0:	0x584e5559335446bb	0x28d8b9338c6ef9a4
0x7ffff7f8d1b0:	0x620c8634cddcccde	0xf1081a510d0dc22d

[Write Detected]
=> 0x7ffff7fb88c7:	rep movsb %ds:(%rsi),%es:(%rdi)
0x7ffff7f8d1a0:	0x584e5559335482bb	0x28d8b9338c6ef9a4
0x7ffff7f8d1b0:	0x620c8634cddcccde	0xf1081a510d0dc22d

[Write Detected]
=> 0x7ffff7fb88c7:	rep movsb %ds:(%rsi),%es:(%rdi)
0x7ffff7f8d1a0:	0x584e555933ad82bb	0x28d8b9338c6ef9a4
0x7ffff7f8d1b0:	0x620c8634cddcccde	0xf1081a510d0dc22d

[Write Detected]
=> 0x7ffff7fb88c7:	rep movsb %ds:(%rsi),%es:(%rdi)
0x7ffff7f8d1a0:	0x584e555952ad82bb	0x28d8b9338c6ef9a4
0x7ffff7f8d1b0:	0x620c8634cddcccde	0xf1081a510d0dc22d

[Write Detected]
=> 0x7ffff7fb88c7:	rep movsb %ds:(%rsi),%es:(%rdi)
0x7ffff7f8d1a0:	0x956a1f2052ad82cd	0x9045a30caa0c2a68
0x7ffff7f8d1b0:	0x2f9ff4b101c2fd86	0x12b5aa0a8f719d2c

[Write Detected]
=> 0x7ffff7fb88c7:	rep movsb %ds:(%rsi),%es:(%rdi)
0x7ffff7f8d1a0:	0x956a1f2052ad64cd	0x9045a30caa0c2a68
0x7ffff7f8d1b0:	0x2f9ff4b101c2fd86	0x12b5aa0a8f719d2c

[Write Detected]
=> 0x7ffff7fb88c7:	rep movsb %ds:(%rsi),%es:(%rdi)
0x7ffff7f8d1a0:	0x956a1f20525564cd	0x9045a30caa0c2a68
0x7ffff7f8d1b0:	0x2f9ff4b101c2fd86	0x12b5aa0a8f719d2c

[Write Detected]
=> 0x7ffff7fb88c7:	rep movsb %ds:(%rsi),%es:(%rdi)
0x7ffff7f8d1a0:	0x956a1f20395564cd	0x9045a30caa0c2a68
0x7ffff7f8d1b0:	0x2f9ff4b101c2fd86	0x12b5aa0a8f719d2c

[Write Detected]
=> 0x7ffff7fb1840:	mov    %rdi,%r14
0x7ffff7f8d1a0:	0xbbe69161395564cc	0x733378a362e4ce31
0x7ffff7f8d1b0:	0x3708b5883218d337	0x000003c420694434

[Write Detected]
=> 0x7ffff7fb63f6:	inc    %rdx
0x7ffff7f8d1a0:	0x0000000000000000	0x733378a362e4ce31
0x7ffff7f8d1b0:	0x3708b5883218d337	0x000003c420694434

[Write Detected]
=> 0x7ffff7fb2618:	mov    %rbx,(%rcx)
0x7ffff7f8d1a0:	0x893e6eab1aad1241	0x66e922e511848724
0x7ffff7f8d1b0:	0xef804d6f9681386e	0xc8084d751911385a

[Write Detected]
=> 0x7ffff7fb7bdb:	lea    0x1(%r8),%r8
0x7ffff7f8d1a0:	0xeb85bf880f63131d	0xf975a29a802483c0
0x7ffff7f8d1b0:	0xa0f05edb3f98127f	0x8862da03d6567a58

[Write Detected]
=> 0x7ffff7fb88c7:	rep movsb %ds:(%rsi),%es:(%rdi)
0x7ffff7f8d1a0:	0xeb85bf880f63135f	0x04c5ed948bd5371c
0x7ffff7f8d1b0:	0x3c75a875a172ebaa	0x0452786ece0437a3

[Write Detected]
=> 0x7ffff7fb88c7:	rep movsb %ds:(%rsi),%es:(%rdi)
0x7ffff7f8d1a0:	0xeb85bf880f63465f	0x04c5ed948bd5371c
0x7ffff7f8d1b0:	0x3c75a875a172ebaa	0x0452786ece0437a3

[Write Detected]
=> 0x7ffff7fb88c7:	rep movsb %ds:(%rsi),%es:(%rdi)
0x7ffff7f8d1a0:	0xeb85bf880f54465f	0x04c5ed948bd5371c
0x7ffff7f8d1b0:	0x3c75a875a172ebaa	0x0452786ece0437a3

[Write Detected]
=> 0x7ffff7fb88c7:	rep movsb %ds:(%rsi),%es:(%rdi)
0x7ffff7f8d1a0:	0xeb85bf883354465f	0x04c5ed948bd5371c
0x7ffff7f8d1b0:	0x3c75a875a172ebaa	0x0452786ece0437a3

[Write Detected]
=> 0x7ffff7fb88c7:	rep movsb %ds:(%rsi),%es:(%rdi)
0x7ffff7f8d1a0:	0x584e555933544603	0x28d8b9338c6ef9a4
0x7ffff7f8d1b0:	0x620c8634cddcccde	0xf1081a510d0dc22d

[Write Detected]
=> 0x7ffff7fb88c7:	rep movsb %ds:(%rsi),%es:(%rdi)
0x7ffff7f8d1a0:	0x584e55593354fa03	0x28d8b9338c6ef9a4
0x7ffff7f8d1b0:	0x620c8634cddcccde	0xf1081a510d0dc22d

[Write Detected]
=> 0x7ffff7fb88c7:	rep movsb %ds:(%rsi),%es:(%rdi)
0x7ffff7f8d1a0:	0x584e55593361fa03	0x28d8b9338c6ef9a4
0x7ffff7f8d1b0:	0x620c8634cddcccde	0xf1081a510d0dc22d

[Write Detected]
=> 0x7ffff7fb88c7:	rep movsb %ds:(%rsi),%es:(%rdi)
0x7ffff7f8d1a0:	0x584e55596261fa03	0x28d8b9338c6ef9a4
0x7ffff7f8d1b0:	0x620c8634cddcccde	0xf1081a510d0dc22d

[Write Detected]
=> 0x7ffff7fb88c7:	rep movsb %ds:(%rsi),%es:(%rdi)
0x7ffff7f8d1a0:	0xbdb957536261fa99	0xffc85191310e16ca
0x7ffff7f8d1b0:	0x8630e162607acbe2	0x044df6c150afdcf7

[Write Detected]
=> 0x7ffff7fb88c7:	rep movsb %ds:(%rsi),%es:(%rdi)
0x7ffff7f8d1a0:	0xbdb957536261ac99	0xffc85191310e16ca
0x7ffff7f8d1b0:	0x8630e162607acbe2	0x044df6c150afdcf7

[Write Detected]
=> 0x7ffff7fb88c7:	rep movsb %ds:(%rsi),%es:(%rdi)
0x7ffff7f8d1a0:	0xbdb95753622aac99	0xffc85191310e16ca
0x7ffff7f8d1b0:	0x8630e162607acbe2	0x044df6c150afdcf7

[Write Detected]
=> 0x7ffff7fb88c7:	rep movsb %ds:(%rsi),%es:(%rdi)
0x7ffff7f8d1a0:	0xbdb95753272aac99	0xffc85191310e16ca
0x7ffff7f8d1b0:	0x8630e162607acbe2	0x044df6c150afdcf7

[Write Detected]
=> 0x7ffff7fb1840:	mov    %rdi,%r14
0x7ffff7f8d1a0:	0x377cd22c272aac98	0xee666f146c5c99c6
0x7ffff7f8d1b0:	0x86e116b106431a66	0x00000078840d2886

[Write Detected]
=> 0x7ffff7fb63f6:	inc    %rdx
0x7ffff7f8d1a0:	0x0000000000000000	0xee666f146c5c99c6
0x7ffff7f8d1b0:	0x86e116b106431a66	0x00000078840d2886

[Write Detected]
=> 0x7ffff7fb2618:	mov    %rbx,(%rcx)
0x7ffff7f8d1a0:	0x1eb08e25914dd944	0x78d39a89a7ab9366
0x7ffff7f8d1b0:	0x3db53c0e3481ff8a	0xa88806b180de88cc

[Write Detected]
=> 0x7ffff7fb7bdb:	lea    0x1(%r8),%r8
0x7ffff7f8d1a0:	0x847356e173764f73	0x26379821ad872f66
0x7ffff7f8d1b0:	0xbdab5b8e4307d4ce	0x52453075e09a2479

[Write Detected]
=> 0x7ffff7fb63f6:	inc    %rdx
0x7ffff7f8d1a0:	0x0000000000000000	0x9a80d3cb8d0ca6b4
0x7ffff7f8d1b0:	0x4581c41476dd49f1	0x364cc97e7e5093cd

[Write Detected]
=> 0x7ffff7fb2618:	mov    %rbx,(%rcx)
0x7ffff7f8d1a0:	0xa0be6e34a8ac2da9	0x2465a3e2f7186edc
0x7ffff7f8d1b0:	0x7229946b788a46a9	0x2ffad42b89e40b76

[Write Detected]
=> 0x7ffff7fb7bdb:	lea    0x1(%r8),%r8
0x7ffff7f8d1a0:	0x2b4a21d87e622e99	0x9a779472a671880a
0x7ffff7f8d1b0:	0xefb21ca4e04ea927	0xe57db99f2cff17c4

[Write Detected]
=> 0x7ffff7fb88c7:	rep movsb %ds:(%rsi),%es:(%rdi)
0x7ffff7f8d1a0:	0x2b4a21d87e622e26	0x99908b5599c1cc9b
0x7ffff7f8d1b0:	0x02d6227e732c48c1	0x307b52308e13b0a3

[Write Detected]
=> 0x7ffff7fb88c7:	rep movsb %ds:(%rsi),%es:(%rdi)
0x7ffff7f8d1a0:	0x2b4a21d87e62ab26	0x99908b5599c1cc9b
0x7ffff7f8d1b0:	0x02d6227e732c48c1	0x307b52308e13b0a3

[Write Detected]
=> 0x7ffff7fb88c7:	rep movsb %ds:(%rsi),%es:(%rdi)
0x7ffff7f8d1a0:	0x2b4a21d87ecaab26	0x99908b5599c1cc9b
0x7ffff7f8d1b0:	0x02d6227e732c48c1	0x307b52308e13b0a3

[Write Detected]
=> 0x7ffff7fb88c7:	rep movsb %ds:(%rsi),%es:(%rdi)
0x7ffff7f8d1a0:	0x2b4a21d809caab26	0x99908b5599c1cc9b
0x7ffff7f8d1b0:	0x02d6227e732c48c1	0x307b52308e13b0a3

[Write Detected]
=> 0x7ffff7fb6475:	add    $0xfffffffffffffff8,%rbx
0x7ffff7f8d1a0:	0xc6ef9a4584e55593	0xddcccde28d8b9338
0x7ffff7f8d1b0:	0xd0dc22d620c8634c	0x0000000f1081a510

[Write Detected]
=> 0x7ffff7fb88c7:	rep movsb %ds:(%rsi),%es:(%rdi)
0x7ffff7f8d1a0:	0xc6ef9a4584e55592	0xddcccde28d8b9338
0x7ffff7f8d1b0:	0xd0dc22d620c8634c	0x0000000f1081a510

[Write Detected]
=> 0x7ffff7fb6475:	add    $0xfffffffffffffff8,%rbx
0x7ffff7f8d1a0:	0x6377cd22c272aac9	0x6ee666f146c5c99c
0x7ffff7f8d1b0:	0x686e116b106431a6	0x000000078840d288

[Write Detected]
=> 0x7ffff7fb63f6:	inc    %rdx
0x7ffff7f8d1a0:	0x0000000000000000	0x6ee666f146c5c99c
0x7ffff7f8d1b0:	0x686e116b106431a6	0x000000078840d288

[Write Detected]
=> 0x7ffff7fb2618:	mov    %rbx,(%rcx)
0x7ffff7f8d1a0:	0x1faa62146349cfc1	0x93012434c80e14e4
0x7ffff7f8d1b0:	0x0802cee6337bebd6	0x16b4cada225237ab

[Write Detected]
=> 0x7ffff7fb7bdb:	lea    0x1(%r8),%r8
0x7ffff7f8d1a0:	0x049a8be9e2cdbf89	0x3fcc940cb5a3dafe
0x7ffff7f8d1b0:	0xb05073c96c0bedcc	0x7b88e95cc05bd460

[Write Detected]
=> 0x7ffff7fb88c7:	rep movsb %ds:(%rsi),%es:(%rdi)
0x7ffff7f8d1a0:	0x049a8be9e2cdbfc8	0x6c93c52bc1c4bb51
0x7ffff7f8d1b0:	0xc9a2eac09980dd86	0xa597960e71f6d647

[Write Detected]
=> 0x7ffff7fb88c7:	rep movsb %ds:(%rsi),%es:(%rdi)
0x7ffff7f8d1a0:	0x049a8be9e2cdaac8	0x6c93c52bc1c4bb51
0x7ffff7f8d1b0:	0xc9a2eac09980dd86	0xa597960e71f6d647

[Write Detected]
=> 0x7ffff7fb88c7:	rep movsb %ds:(%rsi),%es:(%rdi)
0x7ffff7f8d1a0:	0x049a8be9e272aac8	0x6c93c52bc1c4bb51
0x7ffff7f8d1b0:	0xc9a2eac09980dd86	0xa597960e71f6d647

[Write Detected]
=> 0x7ffff7fb88c7:	rep movsb %ds:(%rsi),%es:(%rdi)
0x7ffff7f8d1a0:	0x049a8be9c272aac8	0x6c93c52bc1c4bb51
0x7ffff7f8d1b0:	0xc9a2eac09980dd86	0xa597960e71f6d647

[Write Detected]
=> 0x7ffff7fb6475:	add    $0xfffffffffffffff8,%rbx
0x7ffff7f8d1a0:	0x31bbe69161395564	0x37733378a362e4ce
0x7ffff7f8d1b0:	0x343708b5883218d3	0x00000003c4206944

[Write Detected]
=> 0x7ffff7fb63f6:	inc    %rdx
0x7ffff7f8d1a0:	0x0000000000000000	0x37733378a362e4ce
0x7ffff7f8d1b0:	0x343708b5883218d3	0x00000003c4206944

[Write Detected]
=> 0x7ffff7fb2618:	mov    %rbx,(%rcx)
0x7ffff7f8d1a0:	0xe5aecaeb5327a304	0xb3275f1cf0277210
0x7ffff7f8d1b0:	0x26128f91d3efed5d	0xf405918e2146c9d1

[Write Detected]
=> 0x7ffff7fb7bdb:	lea    0x1(%r8),%r8
0x7ffff7f8d1a0:	0xcf408341c1af0a36	0x9c7e91dde823e6bd
0x7ffff7f8d1b0:	0xed64810499e29e76	0xfb96f5c2272ed5aa

[Write Detected]
=> 0x7ffff7fb88c7:	rep movsb %ds:(%rsi),%es:(%rdi)
0x7ffff7f8d1a0:	0xcf408341c1af0ab2	0xac6c660d39e0e53f
0x7ffff7f8d1b0:	0xd24942c85c879623	0x0f25cc87e48daec7

[Write Detected]
=> 0x7ffff7fb88c7:	rep movsb %ds:(%rsi),%es:(%rdi)
0x7ffff7f8d1a0:	0xcf408341c1afaab2	0xac6c660d39e0e53f
0x7ffff7f8d1b0:	0xd24942c85c879623	0x0f25cc87e48daec7

[Write Detected]
=> 0x7ffff7fb88c7:	rep movsb %ds:(%rsi),%es:(%rdi)
0x7ffff7f8d1a0:	0xcf408341c19caab2	0xac6c660d39e0e53f
0x7ffff7f8d1b0:	0xd24942c85c879623	0x0f25cc87e48daec7

[Write Detected]
=> 0x7ffff7fb88c7:	rep movsb %ds:(%rsi),%es:(%rdi)
0x7ffff7f8d1a0:	0xcf408341b09caab2	0xac6c660d39e0e53f
0x7ffff7f8d1b0:	0xd24942c85c879623	0x0f25cc87e48daec7

[Write Detected]
=> 0x7ffff7fb6475:	add    $0xfffffffffffffff8,%rbx
0x7ffff7f8d1a0:	0x8c6ef9a4584e5559	0xcddcccde28d8b933
0x7ffff7f8d1b0:	0x0d0dc22d620c8634	0x00000000f1081a51

[Write Detected]
=> 0x7ffff7fb88c7:	rep movsb %ds:(%rsi),%es:(%rdi)
0x7ffff7f8d1a0:	0x8c6ef9a4584e555f	0xcddcccde28d8b933
0x7ffff7f8d1b0:	0x0d0dc22d620c8634	0x00000000f1081a51

[Write Detected]
=> 0x7ffff7fb88c7:	rep movsb %ds:(%rsi),%es:(%rdi)
0x7ffff7f8d1a0:	0x8c6ef9a4584e465f	0xcddcccde28d8b933
0x7ffff7f8d1b0:	0x0d0dc22d620c8634	0x00000000f1081a51

[Write Detected]
=> 0x7ffff7fb88c7:	rep movsb %ds:(%rsi),%es:(%rdi)
0x7ffff7f8d1a0:	0x8c6ef9a45854465f	0xcddcccde28d8b933
0x7ffff7f8d1b0:	0x0d0dc22d620c8634	0x00000000f1081a51

[Write Detected]
=> 0x7ffff7fb88c7:	rep movsb %ds:(%rsi),%es:(%rdi)
0x7ffff7f8d1a0:	0x8c6ef9a43354465f	0xcddcccde28d8b933
0x7ffff7f8d1b0:	0x0d0dc22d620c8634	0x00000000f1081a51

[Write Detected]
=> 0x7ffff7fb88c7:	rep movsb %ds:(%rsi),%es:(%rdi)
0x7ffff7f8d1a0:	0x584e55593354468b	0x28d8b9338c6ef9a4
0x7ffff7f8d1b0:	0x620c8634cddcccde	0xf1081a510d0dc22d

[Write Detected]
=> 0x7ffff7fb88c7:	rep movsb %ds:(%rsi),%es:(%rdi)
0x7ffff7f8d1a0:	0x584e55593354a78b	0x28d8b9338c6ef9a4
0x7ffff7f8d1b0:	0x620c8634cddcccde	0xf1081a510d0dc22d

[Write Detected]
=> 0x7ffff7fb88c7:	rep movsb %ds:(%rsi),%es:(%rdi)
0x7ffff7f8d1a0:	0x584e55593337a78b	0x28d8b9338c6ef9a4
0x7ffff7f8d1b0:	0x620c8634cddcccde	0xf1081a510d0dc22d

[Write Detected]
=> 0x7ffff7fb88c7:	rep movsb %ds:(%rsi),%es:(%rdi)
0x7ffff7f8d1a0:	0x584e55599c37a78b	0x28d8b9338c6ef9a4
0x7ffff7f8d1b0:	0x620c8634cddcccde	0xf1081a510d0dc22d

[Write Detected]
=> 0x7ffff7fb88c7:	rep movsb %ds:(%rsi),%es:(%rdi)
0x7ffff7f8d1a0:	0xf59650599c37a7ac	0x2c4dbd3ad15a8d3d
0x7ffff7f8d1b0:	0x771d3eecdee271a5	0x50ef1ced68dbae8d

[Write Detected]
=> 0x7ffff7fb88c7:	rep movsb %ds:(%rsi),%es:(%rdi)
0x7ffff7f8d1a0:	0xf59650599c372aac	0x2c4dbd3ad15a8d3d
0x7ffff7f8d1b0:	0x771d3eecdee271a5	0x50ef1ced68dbae8d

[Write Detected]
=> 0x7ffff7fb88c7:	rep movsb %ds:(%rsi),%es:(%rdi)
0x7ffff7f8d1a0:	0xf59650599c272aac	0x2c4dbd3ad15a8d3d
0x7ffff7f8d1b0:	0x771d3eecdee271a5	0x50ef1ced68dbae8d

[Write Detected]
=> 0x7ffff7fb88c7:	rep movsb %ds:(%rsi),%es:(%rdi)
0x7ffff7f8d1a0:	0xf59650592c272aac	0x2c4dbd3ad15a8d3d
0x7ffff7f8d1b0:	0x771d3eecdee271a5	0x50ef1ced68dbae8d

[Write Detected]
=> 0x7ffff7fb6475:	add    $0xfffffffffffffff8,%rbx
0x7ffff7f8d1a0:	0xe31bbe6916139556	0x337733378a362e4c
0x7ffff7f8d1b0:	0x4343708b5883218d	0x000000003c420694

[Write Detected]
=> 0x7ffff7fb88c7:	rep movsb %ds:(%rsi),%es:(%rdi)
0x7ffff7f8d1a0:	0xe31bbe691613955f	0x337733378a362e4c
0x7ffff7f8d1b0:	0x4343708b5883218d	0x000000003c420694

[Write Detected]
=> 0x7ffff7fb88c7:	rep movsb %ds:(%rsi),%es:(%rdi)
0x7ffff7f8d1a0:	0xe31bbe691613465f	0x337733378a362e4c
0x7ffff7f8d1b0:	0x4343708b5883218d	0x000000003c420694

[Write Detected]
=> 0x7ffff7fb88c7:	rep movsb %ds:(%rsi),%es:(%rdi)
0x7ffff7f8d1a0:	0xe31bbe691654465f	0x337733378a362e4c
0x7ffff7f8d1b0:	0x4343708b5883218d	0x000000003c420694

[Write Detected]
=> 0x7ffff7fb88c7:	rep movsb %ds:(%rsi),%es:(%rdi)
0x7ffff7f8d1a0:	0xe31bbe693354465f	0x337733378a362e4c
0x7ffff7f8d1b0:	0x4343708b5883218d	0x000000003c420694

[Write Detected]
=> 0x7ffff7fb88c7:	rep movsb %ds:(%rsi),%es:(%rdi)
0x7ffff7f8d1a0:	0x584e555933544674	0x28d8b9338c6ef9a4
0x7ffff7f8d1b0:	0x620c8634cddcccde	0xf1081a510d0dc22d

[Write Detected]
=> 0x7ffff7fb88c7:	rep movsb %ds:(%rsi),%es:(%rdi)
0x7ffff7f8d1a0:	0x584e555933544f74	0x28d8b9338c6ef9a4
0x7ffff7f8d1b0:	0x620c8634cddcccde	0xf1081a510d0dc22d

[Write Detected]
=> 0x7ffff7fb88c7:	rep movsb %ds:(%rsi),%es:(%rdi)
0x7ffff7f8d1a0:	0x584e555933fb4f74	0x28d8b9338c6ef9a4
0x7ffff7f8d1b0:	0x620c8634cddcccde	0xf1081a510d0dc22d

[Write Detected]
=> 0x7ffff7fb88c7:	rep movsb %ds:(%rsi),%es:(%rdi)
0x7ffff7f8d1a0:	0x584e55598bfb4f74	0x28d8b9338c6ef9a4
0x7ffff7f8d1b0:	0x620c8634cddcccde	0xf1081a510d0dc22d

[Write Detected]
=> 0x7ffff7fb88c7:	rep movsb %ds:(%rsi),%es:(%rdi)
0x7ffff7f8d1a0:	0x01e608318bfb4f55	0x0a1167ef88503710
0x7ffff7f8d1b0:	0x665934c4ba278343	0x2f21b7a47d4d9fca

[Write Detected]
=> 0x7ffff7fb88c7:	rep movsb %ds:(%rsi),%es:(%rdi)
0x7ffff7f8d1a0:	0x01e608318bfbe555	0x0a1167ef88503710
0x7ffff7f8d1b0:	0x665934c4ba278343	0x2f21b7a47d4d9fca

[Write Detected]
=> 0x7ffff7fb88c7:	rep movsb %ds:(%rsi),%es:(%rdi)
0x7ffff7f8d1a0:	0x01e608318b84e555	0x0a1167ef88503710
0x7ffff7f8d1b0:	0x665934c4ba278343	0x2f21b7a47d4d9fca

[Write Detected]
=> 0x7ffff7fb88c7:	rep movsb %ds:(%rsi),%es:(%rdi)
0x7ffff7f8d1a0:	0x01e608314584e555	0x0a1167ef88503710
0x7ffff7f8d1b0:	0x665934c4ba278343	0x2f21b7a47d4d9fca

[Write Detected]
=> 0x7ffff7fb1840:	mov    %rdi,%r14
0x7ffff7f8d1a0:	0x38c6ef9a4584e554	0x4cddcccde28d8b93
0x7ffff7f8d1b0:	0x10d0dc22d620c863	0x000000000f1081a5

[Write Detected]
=> 0x7ffff7fb63f6:	inc    %rdx
0x7ffff7f8d1a0:	0x0000000000000000	0x4cddcccde28d8b93
0x7ffff7f8d1b0:	0x10d0dc22d620c863	0x000000000f1081a5

[Write Detected]
=> 0x7ffff7fb2618:	mov    %rbx,(%rcx)
0x7ffff7f8d1a0:	0x7c1012125c6ee5c4	0x16b9ba2a92b5ed10
0x7ffff7f8d1b0:	0x11fae930205d4895	0x40a39bf84d2afb24

[Write Detected]
=> 0x7ffff7fb7bdb:	lea    0x1(%r8),%r8
0x7ffff7f8d1a0:	0x68b3945e8712b890	0x849c3e65c9f3da4d
0x7ffff7f8d1b0:	0x32b16c9d2955a150	0xc732c7f0ba26e2a2

[Write Detected]
=> 0x7ffff7fb88c7:	rep movsb %ds:(%rsi),%es:(%rdi)
0x7ffff7f8d1a0:	0x68b3945e8712b8aa	0xc087cf139160089e
0x7ffff7f8d1b0:	0xd14b797d6cc339c2	0xcd9a8b4a2296a8d0

[Write Detected]
=> 0x7ffff7fb88c7:	rep movsb %ds:(%rsi),%es:(%rdi)
0x7ffff7f8d1a0:	0x68b3945e871272aa	0xc087cf139160089e
0x7ffff7f8d1b0:	0xd14b797d6cc339c2	0xcd9a8b4a2296a8d0

[Write Detected]
=> 0x7ffff7fb88c7:	rep movsb %ds:(%rsi),%es:(%rdi)
0x7ffff7f8d1a0:	0x68b3945e87c272aa	0xc087cf139160089e
0x7ffff7f8d1b0:	0xd14b797d6cc339c2	0xcd9a8b4a2296a8d0

[Write Detected]
=> 0x7ffff7fb88c7:	rep movsb %ds:(%rsi),%es:(%rdi)
0x7ffff7f8d1a0:	0x68b3945e22c272aa	0xc087cf139160089e
0x7ffff7f8d1b0:	0xd14b797d6cc339c2	0xcd9a8b4a2296a8d0

[Write Detected]
=> 0x7ffff7fb6475:	add    $0xfffffffffffffff8,%rbx
0x7ffff7f8d1a0:	0xce31bbe691613955	0xd337733378a362e4
0x7ffff7f8d1b0:	0x44343708b5883218	0x0000000003c42069

[Write Detected]
=> 0x7ffff7fb88c7:	rep movsb %ds:(%rsi),%es:(%rdi)
0x7ffff7f8d1a0:	0xce31bbe69161395f	0xd337733378a362e4
0x7ffff7f8d1b0:	0x44343708b5883218	0x0000000003c42069

[Write Detected]
=> 0x7ffff7fb88c7:	rep movsb %ds:(%rsi),%es:(%rdi)
0x7ffff7f8d1a0:	0xce31bbe69161465f	0xd337733378a362e4
0x7ffff7f8d1b0:	0x44343708b5883218	0x0000000003c42069

[Write Detected]
=> 0x7ffff7fb88c7:	rep movsb %ds:(%rsi),%es:(%rdi)
0x7ffff7f8d1a0:	0xce31bbe69154465f	0xd337733378a362e4
0x7ffff7f8d1b0:	0x44343708b5883218	0x0000000003c42069

[Write Detected]
=> 0x7ffff7fb88c7:	rep movsb %ds:(%rsi),%es:(%rdi)
0x7ffff7f8d1a0:	0xce31bbe63354465f	0xd337733378a362e4
0x7ffff7f8d1b0:	0x44343708b5883218	0x0000000003c42069

[Write Detected]
=> 0x7ffff7fb88c7:	rep movsb %ds:(%rsi),%es:(%rdi)
0x7ffff7f8d1a0:	0x584e5559335446a7	0x28d8b9338c6ef9a4
0x7ffff7f8d1b0:	0x620c8634cddcccde	0xf1081a510d0dc22d

[Write Detected]
=> 0x7ffff7fb88c7:	rep movsb %ds:(%rsi),%es:(%rdi)
0x7ffff7f8d1a0:	0x584e5559335414a7	0x28d8b9338c6ef9a4
0x7ffff7f8d1b0:	0x620c8634cddcccde	0xf1081a510d0dc22d

[Write Detected]
=> 0x7ffff7fb88c7:	rep movsb %ds:(%rsi),%es:(%rdi)
0x7ffff7f8d1a0:	0x584e555933c714a7	0x28d8b9338c6ef9a4
0x7ffff7f8d1b0:	0x620c8634cddcccde	0xf1081a510d0dc22d

[Write Detected]
=> 0x7ffff7fb88c7:	rep movsb %ds:(%rsi),%es:(%rdi)
0x7ffff7f8d1a0:	0x584e5559c9c714a7	0x28d8b9338c6ef9a4
0x7ffff7f8d1b0:	0x620c8634cddcccde	0xf1081a510d0dc22d

[Write Detected]
=> 0x7ffff7fb88c7:	rep movsb %ds:(%rsi),%es:(%rdi)
0x7ffff7f8d1a0:	0x9087934ac9c714aa	0xa4bb9b42123bafe5
0x7ffff7f8d1b0:	0xcb0ae16e360aea46	0x64a53afdc6e96cd1

[Write Detected]
=> 0x7ffff7fb88c7:	rep movsb %ds:(%rsi),%es:(%rdi)
0x7ffff7f8d1a0:	0x9087934ac9c79caa	0xa4bb9b42123bafe5
0x7ffff7f8d1b0:	0xcb0ae16e360aea46	0x64a53afdc6e96cd1

[Write Detected]
=> 0x7ffff7fb88c7:	rep movsb %ds:(%rsi),%es:(%rdi)
0x7ffff7f8d1a0:	0x9087934ac9b09caa	0xa4bb9b42123bafe5
0x7ffff7f8d1b0:	0xcb0ae16e360aea46	0x64a53afdc6e96cd1

[Write Detected]
=> 0x7ffff7fb88c7:	rep movsb %ds:(%rsi),%es:(%rdi)
0x7ffff7f8d1a0:	0x9087934a48b09caa	0xa4bb9b42123bafe5
0x7ffff7f8d1b0:	0xcb0ae16e360aea46	0x64a53afdc6e96cd1

[Write Detected]
=> 0x7ffff7fb6475:	add    $0xfffffffffffffff8,%rbx
0x7ffff7f8d1a0:	0x338c6ef9a4584e55	0x34cddcccde28d8b9
0x7ffff7f8d1b0:	0x510d0dc22d620c86	0x0000000000f1081a

[Write Detected]
=> 0x7ffff7fb63f6:	inc    %rdx
0x7ffff7f8d1a0:	0x0000000000000000	0x34cddcccde28d8b9
0x7ffff7f8d1b0:	0x510d0dc22d620c86	0x0000000000f1081a

[Write Detected]
=> 0x7ffff7fb2618:	mov    %rbx,(%rcx)
0x7ffff7f8d1a0:	0x1404051d4efb57e4	0x721435bbc127dd8a
0x7ffff7f8d1b0:	0x94f2bdbb74ace264	0xdb8c2577e23324ac

[Write Detected]
=> 0x7ffff7fb7bdb:	lea    0x1(%r8),%r8
0x7ffff7f8d1a0:	0x87cb9996637faab6	0xab6219cae591e92f
0x7ffff7f8d1b0:	0xc6fe4e286a8f2630	0x663cd89053854c09

[Write Detected]
=> 0x7ffff7fb88c7:	rep movsb %ds:(%rsi),%es:(%rdi)
0x7ffff7f8d1a0:	0x87cb9996637faa54	0x013a80a422461b4e
0x7ffff7f8d1b0:	0xc8a895906e762cd1	0xbaedaac7056fae5d

[Write Detected]
=> 0x7ffff7fb88c7:	rep movsb %ds:(%rsi),%es:(%rdi)
0x7ffff7f8d1a0:	0x87cb9996637f4e54	0x013a80a422461b4e
0x7ffff7f8d1b0:	0xc8a895906e762cd1	0xbaedaac7056fae5d

[Write Detected]
=> 0x7ffff7fb88c7:	rep movsb %ds:(%rsi),%es:(%rdi)
0x7ffff7f8d1a0:	0x87cb999663584e54	0x013a80a422461b4e
0x7ffff7f8d1b0:	0xc8a895906e762cd1	0xbaedaac7056fae5d

[Write Detected]
=> 0x7ffff7fb88c7:	rep movsb %ds:(%rsi),%es:(%rdi)
0x7ffff7f8d1a0:	0x87cb9996a4584e54	0x013a80a422461b4e
0x7ffff7f8d1b0:	0xc8a895906e762cd1	0xbaedaac7056fae5d

[Write Detected]
=> 0x7ffff7fb6475:	add    $0xfffffffffffffff8,%rbx
0x7ffff7f8d1a0:	0x99c6377cd22c272a	0x1a66ee666f146c5c
0x7ffff7f8d1b0:	0x288686e116b10643	0x000000000078840d

[Write Detected]
=> 0x7ffff7fb63f6:	inc    %rdx
0x7ffff7f8d1a0:	0x0000000000000000	0x1a66ee666f146c5c
0x7ffff7f8d1b0:	0x288686e116b10643	0x000000000078840d

[Write Detected]
=> 0x7ffff7fb7b61:	lea    0x1(%r8),%r8
0x7ffff7f8d1a0:	0x8883306b18078d34	0x0000000000000000
0x7ffff7f8d1b0:	0x0000000000000000	0x0000000000000000

[Write Detected]
=> 0x7ffff7fb7bdb:	lea    0x1(%r8),%r8
0x7ffff7f8d1a0:	0x7d7a2a93c05fd7c6	0x7eb8ec3a4416a834
0x7ffff7f8d1b0:	0x5b18e9b3075fd125	0x912cf4e6d1fdcc94

[Write Detected]
=> 0x7ffff7fb63f6:	inc    %rdx
0x7ffff7f8d1a0:	0x0000000000000000	0xa4f28226b2a09e48
0x7ffff7f8d1b0:	0x1e8cb0859bbe5621	0xaea52b7efa17a6f0

[Write Detected]
=> 0x7ffff7fb2618:	mov    %rbx,(%rcx)
0x7ffff7f8d1a0:	0x316cb2db027e2ac9	0x10139fdba48f3c8d
0x7ffff7f8d1b0:	0xba82320c083b9a6b	0x84a261ca23cde74b

[Write Detected]
=> 0x7ffff7fb7bdb:	lea    0x1(%r8),%r8
0x7ffff7f8d1a0:	0x3667205e370e6c6f	0x306e87a0559d898a
0x7ffff7f8d1b0:	0x0b0cb14e4cdeab89	0xed513b9ec022748c

[Write Detected]
=> 0x7ffff7fb63f6:	inc    %rdx
0x7ffff7f8d1a0:	0x0000000000000000	0x918ed30564a6e99d
0x7ffff7f8d1b0:	0xc413d7e5fc119230	0x5bbe1006550ab771

[Write Detected]
=> 0x7ffff7fb2618:	mov    %rbx,(%rcx)
0x7ffff7f8d1a0:	0x2adc94ebbc11d821	0xff878ac490838713
0x7ffff7f8d1b0:	0x6c63a36f7a71629b	0x6582b054d95102d1

[Write Detected]
=> 0x7ffff7fb7bdb:	lea    0x1(%r8),%r8
0x7ffff7f8d1a0:	0xd5199d016e90723c	0x1c5231579f899f24
0x7ffff7f8d1b0:	0x71e6f3fc156821a8	0xafd9ca011b372b9d

[Write Detected]
=> 0x7ffff7fb88c7:	rep movsb %ds:(%rsi),%es:(%rdi)
0x7ffff7f8d1a0:	0xd5199d016e9072ca	0x22c9862c642e998d
0x7ffff7f8d1b0:	0xd17aef3b71858191	0x5415611e0080ad7b

[Write Detected]
=> 0x7ffff7fb88c7:	rep movsb %ds:(%rsi),%es:(%rdi)
0x7ffff7f8d1a0:	0xd5199d016e9009ca	0x22c9862c642e998d
0x7ffff7f8d1b0:	0xd17aef3b71858191	0x5415611e0080ad7b

[Write Detected]
=> 0x7ffff7fb88c7:	rep movsb %ds:(%rsi),%es:(%rdi)
0x7ffff7f8d1a0:	0xd5199d016e8b09ca	0x22c9862c642e998d
0x7ffff7f8d1b0:	0xd17aef3b71858191	0x5415611e0080ad7b

[Write Detected]
=> 0x7ffff7fb88c7:	rep movsb %ds:(%rsi),%es:(%rdi)
0x7ffff7f8d1a0:	0xd5199d01348b09ca	0x22c9862c642e998d
0x7ffff7f8d1b0:	0xd17aef3b71858191	0x5415611e0080ad7b

[Write Detected]
=> 0x7ffff7fb6475:	add    $0xfffffffffffffff8,%rbx
0x7ffff7f8d1a0:	0x9338c6ef9a4584e5	0x634cddcccde28d8b
0x7ffff7f8d1b0:	0xa510d0dc22d620c8	0x00000000000f1081

[Write Detected]
=> 0x7ffff7fb63f6:	inc    %rdx
0x7ffff7f8d1a0:	0x0000000000000000	0x634cddcccde28d8b
0x7ffff7f8d1b0:	0xa510d0dc22d620c8	0x00000000000f1081

[Write Detected]
=> 0x7ffff7fb2618:	mov    %rbx,(%rcx)
0x7ffff7f8d1a0:	0x60b6f02446797e10	0xb91ea9c2309cc70c
0x7ffff7f8d1b0:	0xaea9597911567670	0x10f60f4c7a8d08ce

[Write Detected]
=> 0x7ffff7fb7bdb:	lea    0x1(%r8),%r8
0x7ffff7f8d1a0:	0x14beec77a7144efc	0xe9caa8eb962edb39
0x7ffff7f8d1b0:	0xff868e64cdd2be44	0x3cb5ddcebbce7ecd

[Write Detected]
=> 0x7ffff7fb63f6:	inc    %rdx
0x7ffff7f8d1a0:	0x0000000000000000	0x0e86aed966692104
0x7ffff7f8d1b0:	0x358b3dfce0a4e4b5	0xcedb9adb60b16381

[Write Detected]
=> 0x7ffff7fb2618:	mov    %rbx,(%rcx)
0x7ffff7f8d1a0:	0xd19d8ef137be8810	0x26eaf8d107dbb7f0
0x7ffff7f8d1b0:	0x4341b6a005c5354f	0x3e32d4e1ff5bc98a

[Write Detected]
=> 0x7ffff7fb7bdb:	lea    0x1(%r8),%r8
0x7ffff7f8d1a0:	0x76e335369fbb02ad	0xbf9296cf1baef876
0x7ffff7f8d1b0:	0xe86f695a00b2302c	0x6ab978a3d49a304a

[Write Detected]
=> 0x7ffff7fb88c7:	rep movsb %ds:(%rsi),%es:(%rdi)
0x7ffff7f8d1a0:	0x76e335369fbb0272	0x5ba7bf9b042b186f
0x7ffff7f8d1b0:	0x86bcfcf97c80324d	0x64dc069965752319

[Write Detected]
=> 0x7ffff7fb88c7:	rep movsb %ds:(%rsi),%es:(%rdi)
0x7ffff7f8d1a0:	0x76e335369fbbc272	0x5ba7bf9b042b186f
0x7ffff7f8d1b0:	0x86bcfcf97c80324d	0x64dc069965752319

[Write Detected]
=> 0x7ffff7fb88c7:	rep movsb %ds:(%rsi),%es:(%rdi)
0x7ffff7f8d1a0:	0x76e335369f22c272	0x5ba7bf9b042b186f
0x7ffff7f8d1b0:	0x86bcfcf97c80324d	0x64dc069965752319

[Write Detected]
=> 0x7ffff7fb88c7:	rep movsb %ds:(%rsi),%es:(%rdi)
0x7ffff7f8d1a0:	0x76e33536cd22c272	0x5ba7bf9b042b186f
0x7ffff7f8d1b0:	0x86bcfcf97c80324d	0x64dc069965752319

[Write Detected]
=> 0x7ffff7fb6475:	add    $0xfffffffffffffff8,%rbx
0x7ffff7f8d1a0:	0xe4ce31bbe6916139	0x18d337733378a362
0x7ffff7f8d1b0:	0x6944343708b58832	0x000000000003c420

[Write Detected]
=> 0x7ffff7fb88c7:	rep movsb %ds:(%rsi),%es:(%rdi)
0x7ffff7f8d1a0:	0xe4ce31bbe691615f	0x18d337733378a362
0x7ffff7f8d1b0:	0x6944343708b58832	0x000000000003c420

[Write Detected]
=> 0x7ffff7fb88c7:	rep movsb %ds:(%rsi),%es:(%rdi)
0x7ffff7f8d1a0:	0xe4ce31bbe691465f	0x18d337733378a362
0x7ffff7f8d1b0:	0x6944343708b58832	0x000000000003c420

[Write Detected]
=> 0x7ffff7fb88c7:	rep movsb %ds:(%rsi),%es:(%rdi)
0x7ffff7f8d1a0:	0xe4ce31bbe654465f	0x18d337733378a362
0x7ffff7f8d1b0:	0x6944343708b58832	0x000000000003c420

[Write Detected]
=> 0x7ffff7fb88c7:	rep movsb %ds:(%rsi),%es:(%rdi)
0x7ffff7f8d1a0:	0xe4ce31bb3354465f	0x18d337733378a362
0x7ffff7f8d1b0:	0x6944343708b58832	0x000000000003c420

[Write Detected]
=> 0x7ffff7fb88c7:	rep movsb %ds:(%rsi),%es:(%rdi)
0x7ffff7f8d1a0:	0x584e555933544681	0x28d8b9338c6ef9a4
0x7ffff7f8d1b0:	0x620c8634cddcccde	0xf1081a510d0dc22d

[Write Detected]
=> 0x7ffff7fb88c7:	rep movsb %ds:(%rsi),%es:(%rdi)
0x7ffff7f8d1a0:	0x584e555933549b81	0x28d8b9338c6ef9a4
0x7ffff7f8d1b0:	0x620c8634cddcccde	0xf1081a510d0dc22d

[Write Detected]
=> 0x7ffff7fb88c7:	rep movsb %ds:(%rsi),%es:(%rdi)
0x7ffff7f8d1a0:	0x584e555933019b81	0x28d8b9338c6ef9a4
0x7ffff7f8d1b0:	0x620c8634cddcccde	0xf1081a510d0dc22d

[Write Detected]
=> 0x7ffff7fb88c7:	rep movsb %ds:(%rsi),%es:(%rdi)
0x7ffff7f8d1a0:	0x584e55596d019b81	0x28d8b9338c6ef9a4
0x7ffff7f8d1b0:	0x620c8634cddcccde	0xf1081a510d0dc22d

[Write Detected]
=> 0x7ffff7fb88c7:	rep movsb %ds:(%rsi),%es:(%rdi)
0x7ffff7f8d1a0:	0xde9a55bd6d019b9c	0x66a19eb159620c41
0x7ffff7f8d1b0:	0x40f1bce0bfbbf959	0x41432c510b4a6adc

[Write Detected]
=> 0x7ffff7fb88c7:	rep movsb %ds:(%rsi),%es:(%rdi)
0x7ffff7f8d1a0:	0xde9a55bd6d01b09c	0x66a19eb159620c41
0x7ffff7f8d1b0:	0x40f1bce0bfbbf959	0x41432c510b4a6adc

[Write Detected]
=> 0x7ffff7fb88c7:	rep movsb %ds:(%rsi),%es:(%rdi)
0x7ffff7f8d1a0:	0xde9a55bd6d48b09c	0x66a19eb159620c41
0x7ffff7f8d1b0:	0x40f1bce0bfbbf959	0x41432c510b4a6adc

[Write Detected]
=> 0x7ffff7fb88c7:	rep movsb %ds:(%rsi),%es:(%rdi)
0x7ffff7f8d1a0:	0xde9a55bdf348b09c	0x66a19eb159620c41
0x7ffff7f8d1b0:	0x40f1bce0bfbbf959	0x41432c510b4a6adc

[Write Detected]
=> 0x7ffff7fb6475:	add    $0xfffffffffffffff8,%rbx
0x7ffff7f8d1a0:	0xb9338c6ef9a4584e	0x8634cddcccde28d8
0x7ffff7f8d1b0:	0x1a510d0dc22d620c	0x000000000000f108

[Write Detected]
=> 0x7ffff7fb63f6:	inc    %rdx
0x7ffff7f8d1a0:	0x0000000000000000	0x8634cddcccde28d8
0x7ffff7f8d1b0:	0x1a510d0dc22d620c	0x000000000000f108

[Write Detected]
=> 0x7ffff7fb7b61:	lea    0x1(%r8),%r8
0x7ffff7f8d1a0:	0x6826d01fc7edab94	0x0000000000000000
0x7ffff7f8d1b0:	0x0000000000000000	0x0000000000000000

[Write Detected]
=> 0x7ffff7fb7bdb:	lea    0x1(%r8),%r8
0x7ffff7f8d1a0:	0x41961e650a344875	0x92fd89dff981b617
0x7ffff7f8d1b0:	0xcbfdc37904a02627	0xd5020a5e4c984c8d

[Write Detected]
=> 0x7ffff7fb88c7:	rep movsb %ds:(%rsi),%es:(%rdi)
0x7ffff7f8d1a0:	0x41961e650a344827	0x628fd8b54c2c1be9
0x7ffff7f8d1b0:	0x9dddb0ebc3509319	0x959b1df2687bda4a

[Write Detected]
=> 0x7ffff7fb88c7:	rep movsb %ds:(%rsi),%es:(%rdi)
0x7ffff7f8d1a0:	0x41961e650a342c27	0x628fd8b54c2c1be9
0x7ffff7f8d1b0:	0x9dddb0ebc3509319	0x959b1df2687bda4a

[Write Detected]
=> 0x7ffff7fb88c7:	rep movsb %ds:(%rsi),%es:(%rdi)
0x7ffff7f8d1a0:	0x41961e650ad22c27	0x628fd8b54c2c1be9
0x7ffff7f8d1b0:	0x9dddb0ebc3509319	0x959b1df2687bda4a

[Write Detected]
=> 0x7ffff7fb88c7:	rep movsb %ds:(%rsi),%es:(%rdi)
0x7ffff7f8d1a0:	0x41961e657cd22c27	0x628fd8b54c2c1be9
0x7ffff7f8d1b0:	0x9dddb0ebc3509319	0x959b1df2687bda4a

[Write Detected]
=> 0x7ffff7fb1840:	mov    %rdi,%r14
0x7ffff7f8d1a0:	0x5c99c6377cd22c26	0x431a66ee666f146c
0x7ffff7f8d1b0:	0x0d288686e116b106	0x0000000000007884

[Write Detected]
=> 0x7ffff7fb88c7:	rep movsb %ds:(%rsi),%es:(%rdi)
0x7ffff7f8d1a0:	0x5c99c6377cd22c5f	0x431a66ee666f146c
0x7ffff7f8d1b0:	0x0d288686e116b106	0x0000000000007884

[Write Detected]
=> 0x7ffff7fb88c7:	rep movsb %ds:(%rsi),%es:(%rdi)
0x7ffff7f8d1a0:	0x5c99c6377cd2465f	0x431a66ee666f146c
0x7ffff7f8d1b0:	0x0d288686e116b106	0x0000000000007884

[Write Detected]
=> 0x7ffff7fb88c7:	rep movsb %ds:(%rsi),%es:(%rdi)
0x7ffff7f8d1a0:	0x5c99c6377c54465f	0x431a66ee666f146c
0x7ffff7f8d1b0:	0x0d288686e116b106	0x0000000000007884

[Write Detected]
=> 0x7ffff7fb88c7:	rep movsb %ds:(%rsi),%es:(%rdi)
0x7ffff7f8d1a0:	0x5c99c6373354465f	0x431a66ee666f146c
0x7ffff7f8d1b0:	0x0d288686e116b106	0x0000000000007884

[Write Detected]
=> 0x7ffff7fb88c7:	rep movsb %ds:(%rsi),%es:(%rdi)
0x7ffff7f8d1a0:	0x584e5559335446aa	0x28d8b9338c6ef9a4
0x7ffff7f8d1b0:	0x620c8634cddcccde	0xf1081a510d0dc22d

[Write Detected]
=> 0x7ffff7fb88c7:	rep movsb %ds:(%rsi),%es:(%rdi)
0x7ffff7f8d1a0:	0x584e5559335467aa	0x28d8b9338c6ef9a4
0x7ffff7f8d1b0:	0x620c8634cddcccde	0xf1081a510d0dc22d

[Write Detected]
=> 0x7ffff7fb88c7:	rep movsb %ds:(%rsi),%es:(%rdi)
0x7ffff7f8d1a0:	0x584e555933db67aa	0x28d8b9338c6ef9a4
0x7ffff7f8d1b0:	0x620c8634cddcccde	0xf1081a510d0dc22d

[Write Detected]
=> 0x7ffff7fb88c7:	rep movsb %ds:(%rsi),%es:(%rdi)
0x7ffff7f8d1a0:	0x584e5559e1db67aa	0x28d8b9338c6ef9a4
0x7ffff7f8d1b0:	0x620c8634cddcccde	0xf1081a510d0dc22d

[Write Detected]
=> 0x7ffff7fb88c7:	rep movsb %ds:(%rsi),%es:(%rdi)
0x7ffff7f8d1a0:	0xd37e6327e1db6709	0x8da4664907dca5b7
0x7ffff7f8d1b0:	0x1b961e5ed097b918	0xd3fafe3fac43c010

[Write Detected]
=> 0x7ffff7fb88c7:	rep movsb %ds:(%rsi),%es:(%rdi)
0x7ffff7f8d1a0:	0xd37e6327e1db8b09	0x8da4664907dca5b7
0x7ffff7f8d1b0:	0x1b961e5ed097b918	0xd3fafe3fac43c010

[Write Detected]
=> 0x7ffff7fb88c7:	rep movsb %ds:(%rsi),%es:(%rdi)
0x7ffff7f8d1a0:	0xd37e6327e1348b09	0x8da4664907dca5b7
0x7ffff7f8d1b0:	0x1b961e5ed097b918	0xd3fafe3fac43c010

[Write Detected]
=> 0x7ffff7fb88c7:	rep movsb %ds:(%rsi),%es:(%rdi)
0x7ffff7f8d1a0:	0xd37e6327df348b09	0x8da4664907dca5b7
0x7ffff7f8d1b0:	0x1b961e5ed097b918	0xd3fafe3fac43c010

[Write Detected]
=> 0x7ffff7fb1840:	mov    %rdi,%r14
0x7ffff7f8d1a0:	0x1726718ddf348b08	0x90c699bb999bc51b
0x7ffff7f8d1b0:	0x034a21a1b845ac41	0x0000000000001e21

[Write Detected]
=> 0x7ffff7fb63f6:	inc    %rdx
0x7ffff7f8d1a0:	0x0000000000000000	0x90c699bb999bc51b
0x7ffff7f8d1b0:	0x034a21a1b845ac41	0x0000000000001e21

[Write Detected]
=> 0x7ffff7fb2618:	mov    %rbx,(%rcx)
0x7ffff7f8d1a0:	0xe440080c8a145944	0xf3f9b786f786c21e
0x7ffff7f8d1b0:	0x313f8de9ec42b2d3	0x6c485467ddbdd552

[Write Detected]
=> 0x7ffff7fb7bdb:	lea    0x1(%r8),%r8
0x7ffff7f8d1a0:	0xea9a6afa0d6aab4a	0x7f76e33a620129c9
0x7ffff7f8d1b0:	0xa89e51d1275b9261	0xc3343050cea5320e

[Write Detected]
=> 0x7ffff7fb88c7:	rep movsb %ds:(%rsi),%es:(%rdi)
0x7ffff7f8d1a0:	0xea9a6afa0d6aab5f	0xe96bbb62309d0616
0x7ffff7f8d1b0:	0x07aca1a99c9887dc	0x2a962ea71d269bf7

[Write Detected]
=> 0x7ffff7fb88c7:	rep movsb %ds:(%rsi),%es:(%rdi)
0x7ffff7f8d1a0:	0xea9a6afa0d6a465f	0xe96bbb62309d0616
0x7ffff7f8d1b0:	0x07aca1a99c9887dc	0x2a962ea71d269bf7

[Write Detected]
=> 0x7ffff7fb88c7:	rep movsb %ds:(%rsi),%es:(%rdi)
0x7ffff7f8d1a0:	0xea9a6afa0d54465f	0xe96bbb62309d0616
0x7ffff7f8d1b0:	0x07aca1a99c9887dc	0x2a962ea71d269bf7

[Write Detected]
=> 0x7ffff7fb88c7:	rep movsb %ds:(%rsi),%es:(%rdi)
0x7ffff7f8d1a0:	0xea9a6afa3354465f	0xe96bbb62309d0616
0x7ffff7f8d1b0:	0x07aca1a99c9887dc	0x2a962ea71d269bf7

[Write Detected]
=> 0x7ffff7fb88c7:	rep movsb %ds:(%rsi),%es:(%rdi)
0x7ffff7f8d1a0:	0x584e555933544651	0x28d8b9338c6ef9a4
0x7ffff7f8d1b0:	0x620c8634cddcccde	0xf1081a510d0dc22d

[Write Detected]
=> 0x7ffff7fb88c7:	rep movsb %ds:(%rsi),%es:(%rdi)
0x7ffff7f8d1a0:	0x584e55593354e151	0x28d8b9338c6ef9a4
0x7ffff7f8d1b0:	0x620c8634cddcccde	0xf1081a510d0dc22d

[Write Detected]
=> 0x7ffff7fb88c7:	rep movsb %ds:(%rsi),%es:(%rdi)
0x7ffff7f8d1a0:	0x584e555933dde151	0x28d8b9338c6ef9a4
0x7ffff7f8d1b0:	0x620c8634cddcccde	0xf1081a510d0dc22d

[Write Detected]
=> 0x7ffff7fb88c7:	rep movsb %ds:(%rsi),%es:(%rdi)
0x7ffff7f8d1a0:	0x584e555983dde151	0x28d8b9338c6ef9a4
0x7ffff7f8d1b0:	0x620c8634cddcccde	0xf1081a510d0dc22d

[Write Detected]
=> 0x7ffff7fb88c7:	rep movsb %ds:(%rsi),%es:(%rdi)
0x7ffff7f8d1a0:	0x92aa347f83dde160	0x3b620d2e3dc4a790
0x7ffff7f8d1b0:	0x846570de035a0d65	0x070a2bfa546ffbd7

[Write Detected]
=> 0x7ffff7fb88c7:	rep movsb %ds:(%rsi),%es:(%rdi)
0x7ffff7f8d1a0:	0x92aa347f83dd9160	0x3b620d2e3dc4a790
0x7ffff7f8d1b0:	0x846570de035a0d65	0x070a2bfa546ffbd7

[Write Detected]
=> 0x7ffff7fb88c7:	rep movsb %ds:(%rsi),%es:(%rdi)
0x7ffff7f8d1a0:	0x92aa347f83e69160	0x3b620d2e3dc4a790
0x7ffff7f8d1b0:	0x846570de035a0d65	0x070a2bfa546ffbd7

[Write Detected]
=> 0x7ffff7fb88c7:	rep movsb %ds:(%rsi),%es:(%rdi)
0x7ffff7f8d1a0:	0x92aa347fbbe69160	0x3b620d2e3dc4a790
0x7ffff7f8d1b0:	0x846570de035a0d65	0x070a2bfa546ffbd7

[Write Detected]
=> 0x7ffff7fb6475:	add    $0xfffffffffffffff8,%rbx
0x7ffff7f8d1a0:	0xb1726718ddf348b0	0x190c699bb999bc51
0x7ffff7f8d1b0:	0x1034a21a1b845ac4	0x00000000000001e2

[Write Detected]
=> 0x7ffff7fb63f6:	inc    %rdx
0x7ffff7f8d1a0:	0x0000000000000000	0x190c699bb999bc51
0x7ffff7f8d1b0:	0x1034a21a1b845ac4	0x00000000000001e2

[Write Detected]
=> 0x7ffff7fb2618:	mov    %rbx,(%rcx)
0x7ffff7f8d1a0:	0x2d3cbb6ec0fc3240	0xbef77ea6eb66bb20
0x7ffff7f8d1b0:	0x2867bd1d62b8b0bb	0x388f1265ce19852c

[Write Detected]
=> 0x7ffff7fb7bdb:	lea    0x1(%r8),%r8
0x7ffff7f8d1a0:	0xb98d6a3b3226c278	0xecbfd16ec1109b2d
0x7ffff7f8d1b0:	0x369ed879fd23b596	0xcf2bc5360eb681c7

[Write Detected]
=> 0x7ffff7fb63f6:	inc    %rdx
0x7ffff7f8d1a0:	0x0000000000000000	0xc30e5dc6f0a727c7
0x7ffff7f8d1b0:	0x02023bf079054d41	0xd48af1efbc84577f

[Write Detected]
=> 0x7ffff7fb2618:	mov    %rbx,(%rcx)
0x7ffff7f8d1a0:	0xe8ec2d252f5a1840	0x7ceea71140097348
0x7ffff7f8d1b0:	0xa9312de960832365	0x96ede624d91dd2e7

[Write Detected]
=> 0x7ffff7fb7bdb:	lea    0x1(%r8),%r8
0x7ffff7f8d1a0:	0x2aec6718622c0be6	0x82d26710234a1d42
0x7ffff7f8d1b0:	0x44a2bb568b5e10d5	0x08187010229d174a

[Write Detected]
=> 0x7ffff7fb88c7:	rep movsb %ds:(%rsi),%es:(%rdi)
0x7ffff7f8d1a0:	0x2aec6718622c0b2c	0x92ed39c90d848122
0x7ffff7f8d1b0:	0x00955718843be60c	0xb90c355eb6f28efb

[Write Detected]
=> 0x7ffff7fb88c7:	rep movsb %ds:(%rsi),%es:(%rdi)
0x7ffff7f8d1a0:	0x2aec6718622cd22c	0x92ed39c90d848122
0x7ffff7f8d1b0:	0x00955718843be60c	0xb90c355eb6f28efb

[Write Detected]
=> 0x7ffff7fb88c7:	rep movsb %ds:(%rsi),%es:(%rdi)
0x7ffff7f8d1a0:	0x2aec6718627cd22c	0x92ed39c90d848122
0x7ffff7f8d1b0:	0x00955718843be60c	0xb90c355eb6f28efb

[Write Detected]
=> 0x7ffff7fb88c7:	rep movsb %ds:(%rsi),%es:(%rdi)
0x7ffff7f8d1a0:	0x2aec6718377cd22c	0x92ed39c90d848122
0x7ffff7f8d1b0:	0x00955718843be60c	0xb90c355eb6f28efb

[Write Detected]
=> 0x7ffff7fb6475:	add    $0xfffffffffffffff8,%rbx
0x7ffff7f8d1a0:	0x362e4ce31bbe6916	0x83218d337733378a
0x7ffff7f8d1b0:	0x4206944343708b58	0x000000000000003c

[Write Detected]
=> 0x7ffff7fb88c7:	rep movsb %ds:(%rsi),%es:(%rdi)
0x7ffff7f8d1a0:	0x362e4ce31bbe695f	0x83218d337733378a
0x7ffff7f8d1b0:	0x4206944343708b58	0x000000000000003c

[Write Detected]
=> 0x7ffff7fb88c7:	rep movsb %ds:(%rsi),%es:(%rdi)
0x7ffff7f8d1a0:	0x362e4ce31bbe465f	0x83218d337733378a
0x7ffff7f8d1b0:	0x4206944343708b58	0x000000000000003c

[Write Detected]
=> 0x7ffff7fb88c7:	rep movsb %ds:(%rsi),%es:(%rdi)
0x7ffff7f8d1a0:	0x362e4ce31b54465f	0x83218d337733378a
0x7ffff7f8d1b0:	0x4206944343708b58	0x000000000000003c

[Write Detected]
=> 0x7ffff7fb88c7:	rep movsb %ds:(%rsi),%es:(%rdi)
0x7ffff7f8d1a0:	0x362e4ce33354465f	0x83218d337733378a
0x7ffff7f8d1b0:	0x4206944343708b58	0x000000000000003c

[Write Detected]
=> 0x7ffff7fb88c7:	rep movsb %ds:(%rsi),%es:(%rdi)
0x7ffff7f8d1a0:	0x584e555933544623	0x28d8b9338c6ef9a4
0x7ffff7f8d1b0:	0x620c8634cddcccde	0xf1081a510d0dc22d

[Write Detected]
=> 0x7ffff7fb88c7:	rep movsb %ds:(%rsi),%es:(%rdi)
0x7ffff7f8d1a0:	0x584e555933546023	0x28d8b9338c6ef9a4
0x7ffff7f8d1b0:	0x620c8634cddcccde	0xf1081a510d0dc22d

[Write Detected]
=> 0x7ffff7fb88c7:	rep movsb %ds:(%rsi),%es:(%rdi)
0x7ffff7f8d1a0:	0x584e555933276023	0x28d8b9338c6ef9a4
0x7ffff7f8d1b0:	0x620c8634cddcccde	0xf1081a510d0dc22d

[Write Detected]
=> 0x7ffff7fb88c7:	rep movsb %ds:(%rsi),%es:(%rdi)
0x7ffff7f8d1a0:	0x584e555939276023	0x28d8b9338c6ef9a4
0x7ffff7f8d1b0:	0x620c8634cddcccde	0xf1081a510d0dc22d

[Write Detected]
=> 0x7ffff7fb88c7:	rep movsb %ds:(%rsi),%es:(%rdi)
0x7ffff7f8d1a0:	0xe10a907939276045	0xd5286f2e6c020f3d
0x7ffff7f8d1b0:	0x46e9fa9bd786a19e	0x28a9c9f553e2f905

[Write Detected]
=> 0x7ffff7fb88c7:	rep movsb %ds:(%rsi),%es:(%rdi)
0x7ffff7f8d1a0:	0xe10a907939279a45	0xd5286f2e6c020f3d
0x7ffff7f8d1b0:	0x46e9fa9bd786a19e	0x28a9c9f553e2f905

[Write Detected]
=> 0x7ffff7fb88c7:	rep movsb %ds:(%rsi),%es:(%rdi)
0x7ffff7f8d1a0:	0xe10a907939ef9a45	0xd5286f2e6c020f3d
0x7ffff7f8d1b0:	0x46e9fa9bd786a19e	0x28a9c9f553e2f905

[Write Detected]
=> 0x7ffff7fb88c7:	rep movsb %ds:(%rsi),%es:(%rdi)
0x7ffff7f8d1a0:	0xe10a9079c6ef9a45	0xd5286f2e6c020f3d
0x7ffff7f8d1b0:	0x46e9fa9bd786a19e	0x28a9c9f553e2f905

[Write Detected]
=> 0x7ffff7fb1840:	mov    %rdi,%r14
0x7ffff7f8d1a0:	0x8d8b9338c6ef9a44	0x20c8634cddcccde2
0x7ffff7f8d1b0:	0x1081a510d0dc22d6	0x000000000000000f

[Write Detected]
=> 0x7ffff7fb88c7:	rep movsb %ds:(%rsi),%es:(%rdi)
0x7ffff7f8d1a0:	0x8d8b9338c6ef9a5f	0x20c8634cddcccde2
0x7ffff7f8d1b0:	0x1081a510d0dc22d6	0x000000000000000f

[Write Detected]
=> 0x7ffff7fb88c7:	rep movsb %ds:(%rsi),%es:(%rdi)
0x7ffff7f8d1a0:	0x8d8b9338c6ef465f	0x20c8634cddcccde2
0x7ffff7f8d1b0:	0x1081a510d0dc22d6	0x000000000000000f

[Write Detected]
=> 0x7ffff7fb88c7:	rep movsb %ds:(%rsi),%es:(%rdi)
0x7ffff7f8d1a0:	0x8d8b9338c654465f	0x20c8634cddcccde2
0x7ffff7f8d1b0:	0x1081a510d0dc22d6	0x000000000000000f

[Write Detected]
=> 0x7ffff7fb88c7:	rep movsb %ds:(%rsi),%es:(%rdi)
0x7ffff7f8d1a0:	0x8d8b93383354465f	0x20c8634cddcccde2
0x7ffff7f8d1b0:	0x1081a510d0dc22d6	0x000000000000000f

[Write Detected]
=> 0x7ffff7fb88c7:	rep movsb %ds:(%rsi),%es:(%rdi)
0x7ffff7f8d1a0:	0x584e555933544672	0x28d8b9338c6ef9a4
0x7ffff7f8d1b0:	0x620c8634cddcccde	0xf1081a510d0dc22d

[Write Detected]
=> 0x7ffff7fb88c7:	rep movsb %ds:(%rsi),%es:(%rdi)
0x7ffff7f8d1a0:	0x584e55593354af72	0x28d8b9338c6ef9a4
0x7ffff7f8d1b0:	0x620c8634cddcccde	0xf1081a510d0dc22d

[Write Detected]
=> 0x7ffff7fb88c7:	rep movsb %ds:(%rsi),%es:(%rdi)
0x7ffff7f8d1a0:	0x584e55593330af72	0x28d8b9338c6ef9a4
0x7ffff7f8d1b0:	0x620c8634cddcccde	0xf1081a510d0dc22d

[Write Detected]
=> 0x7ffff7fb88c7:	rep movsb %ds:(%rsi),%es:(%rdi)
0x7ffff7f8d1a0:	0x584e5559cf30af72	0x28d8b9338c6ef9a4
0x7ffff7f8d1b0:	0x620c8634cddcccde	0xf1081a510d0dc22d

[Write Detected]
=> 0x7ffff7fb88c7:	rep movsb %ds:(%rsi),%es:(%rdi)
0x7ffff7f8d1a0:	0xe416d7ebcf30af90	0x62af4873a479b058
0x7ffff7f8d1b0:	0x2f69b9d64e5401a4	0xd8d8e73917f94b34

[Write Detected]
=> 0x7ffff7fb88c7:	rep movsb %ds:(%rsi),%es:(%rdi)
0x7ffff7f8d1a0:	0xe416d7ebcf30e690	0x62af4873a479b058
0x7ffff7f8d1b0:	0x2f69b9d64e5401a4	0xd8d8e73917f94b34

[Write Detected]
=> 0x7ffff7fb88c7:	rep movsb %ds:(%rsi),%es:(%rdi)
0x7ffff7f8d1a0:	0xe416d7ebcfbbe690	0x62af4873a479b058
0x7ffff7f8d1b0:	0x2f69b9d64e5401a4	0xd8d8e73917f94b34

[Write Detected]
=> 0x7ffff7fb88c7:	rep movsb %ds:(%rsi),%es:(%rdi)
0x7ffff7f8d1a0:	0xe416d7eb31bbe690	0x62af4873a479b058
0x7ffff7f8d1b0:	0x2f69b9d64e5401a4	0xd8d8e73917f94b34

[Write Detected]
=> 0x7ffff7fb6475:	add    $0xfffffffffffffff8,%rbx
0x7ffff7f8d1a0:	0x51b1726718ddf348	0xc4190c699bb999bc
0x7ffff7f8d1b0:	0xe21034a21a1b845a	0x0000000000000001

[Write Detected]
=> 0x7ffff7fb63f6:	inc    %rdx
0x7ffff7f8d1a0:	0x0000000000000000	0xc4190c699bb999bc
0x7ffff7f8d1b0:	0xe21034a21a1b845a	0x0000000000000001

[Write Detected]
=> 0x7ffff7fb2618:	mov    %rbx,(%rcx)
0x7ffff7f8d1a0:	0x6563bec06a52edc4	0xea7a01c468a02698
0x7ffff7f8d1b0:	0x9682ba68f8845d70	0xb24112ca9e7f4faa

[Write Detected]
=> 0x7ffff7fb7bdb:	lea    0x1(%r8),%r8
0x7ffff7f8d1a0:	0xa27b59fededba8fc	0x91a6c231c6752d30
0x7ffff7f8d1b0:	0x2a4a92b58e9cc403	0xb746b8f32c48802a

[Write Detected]
=> 0x7ffff7fb88c7:	rep movsb %ds:(%rsi),%es:(%rdi)
0x7ffff7f8d1a0:	0xa27b59fededba85f	0x4762af591541029a
0x7ffff7f8d1b0:	0x722b4c383dff4790	0xd5dfc7246062edd5

[Write Detected]
=> 0x7ffff7fb88c7:	rep movsb %ds:(%rsi),%es:(%rdi)
0x7ffff7f8d1a0:	0xa27b59fededb465f	0x4762af591541029a
0x7ffff7f8d1b0:	0x722b4c383dff4790	0xd5dfc7246062edd5

[Write Detected]
=> 0x7ffff7fb88c7:	rep movsb %ds:(%rsi),%es:(%rdi)
0x7ffff7f8d1a0:	0xa27b59fede54465f	0x4762af591541029a
0x7ffff7f8d1b0:	0x722b4c383dff4790	0xd5dfc7246062edd5

[Write Detected]
=> 0x7ffff7fb88c7:	rep movsb %ds:(%rsi),%es:(%rdi)
0x7ffff7f8d1a0:	0xa27b59fe3354465f	0x4762af591541029a
0x7ffff7f8d1b0:	0x722b4c383dff4790	0xd5dfc7246062edd5

[Write Detected]
=> 0x7ffff7fb88c7:	rep movsb %ds:(%rsi),%es:(%rdi)
0x7ffff7f8d1a0:	0x584e555933544601	0x28d8b9338c6ef9a4
0x7ffff7f8d1b0:	0x620c8634cddcccde	0xf1081a510d0dc22d

[Write Detected]
=> 0x7ffff7fb88c7:	rep movsb %ds:(%rsi),%es:(%rdi)
0x7ffff7f8d1a0:	0x584e555933542c01	0x28d8b9338c6ef9a4
0x7ffff7f8d1b0:	0x620c8634cddcccde	0xf1081a510d0dc22d

[Write Detected]
=> 0x7ffff7fb88c7:	rep movsb %ds:(%rsi),%es:(%rdi)
0x7ffff7f8d1a0:	0x584e555933af2c01	0x28d8b9338c6ef9a4
0x7ffff7f8d1b0:	0x620c8634cddcccde	0xf1081a510d0dc22d

[Write Detected]
=> 0x7ffff7fb88c7:	rep movsb %ds:(%rsi),%es:(%rdi)
0x7ffff7f8d1a0:	0x584e555963af2c01	0x28d8b9338c6ef9a4
0x7ffff7f8d1b0:	0x620c8634cddcccde	0xf1081a510d0dc22d

[Write Detected]
=> 0x7ffff7fb88c7:	rep movsb %ds:(%rsi),%es:(%rdi)
0x7ffff7f8d1a0:	0x86ff26e763af2c68	0xb97d13a54b793822
0x7ffff7f8d1b0:	0x07235eaf8d933529	0x384608295f7422df

[Write Detected]
=> 0x7ffff7fb88c7:	rep movsb %ds:(%rsi),%es:(%rdi)
0x7ffff7f8d1a0:	0x86ff26e763afbe68	0xb97d13a54b793822
0x7ffff7f8d1b0:	0x07235eaf8d933529	0x384608295f7422df

[Write Detected]
=> 0x7ffff7fb88c7:	rep movsb %ds:(%rsi),%es:(%rdi)
0x7ffff7f8d1a0:	0x86ff26e7631bbe68	0xb97d13a54b793822
0x7ffff7f8d1b0:	0x07235eaf8d933529	0x384608295f7422df

[Write Detected]
=> 0x7ffff7fb88c7:	rep movsb %ds:(%rsi),%es:(%rdi)
0x7ffff7f8d1a0:	0x86ff26e7e31bbe68	0xb97d13a54b793822
0x7ffff7f8d1b0:	0x07235eaf8d933529	0x384608295f7422df

[Write Detected]
=> 0x7ffff7fb6475:	add    $0xfffffffffffffff8,%rbx
0x7ffff7f8d1a0:	0xc51b1726718ddf34	0xac4190c699bb999b
0x7ffff7f8d1b0:	0x1e21034a21a1b845	0x384608295f7422df

[Write Detected]
=> 0x7ffff7fb63f6:	inc    %rdx
0x7ffff7f8d1a0:	0x0000000000000000	0xac4190c699bb999b
0x7ffff7f8d1b0:	0x1e21034a21a1b845	0x384608295f7422df

[Write Detected]
=> 0x7ffff7fb2618:	mov    %rbx,(%rcx)
0x7ffff7f8d1a0:	0x4a07a03a0e8e39d9	0xa7e829e9927930c3
0x7ffff7f8d1b0:	0x87bc05018c4d5fcf	0xfcb707b99b385618

[Write Detected]
=> 0x7ffff7fb7bdb:	lea    0x1(%r8),%r8
0x7ffff7f8d1a0:	0x3bdf5ca0255e5b56	0xaba460bda7235c7f
0x7ffff7f8d1b0:	0x7cb10e0080dd00be	0xb5497866212be0ce

[Write Detected]
=> 0x7ffff7fb88c7:	rep movsb %ds:(%rsi),%es:(%rdi)
0x7ffff7f8d1a0:	0x3bdf5ca0255e5b9a	0xb3786c3589adc4dd
0x7ffff7f8d1b0:	0x343b8357e5e5d5cb	0x4dd344b3f10daefb

[Write Detected]
=> 0x7ffff7fb88c7:	rep movsb %ds:(%rsi),%es:(%rdi)
0x7ffff7f8d1a0:	0x3bdf5ca0255eef9a	0xb3786c3589adc4dd
0x7ffff7f8d1b0:	0x343b8357e5e5d5cb	0x4dd344b3f10daefb

[Write Detected]
=> 0x7ffff7fb88c7:	rep movsb %ds:(%rsi),%es:(%rdi)
0x7ffff7f8d1a0:	0x3bdf5ca025c6ef9a	0xb3786c3589adc4dd
0x7ffff7f8d1b0:	0x343b8357e5e5d5cb	0x4dd344b3f10daefb

[Write Detected]
=> 0x7ffff7fb88c7:	rep movsb %ds:(%rsi),%es:(%rdi)
0x7ffff7f8d1a0:	0x3bdf5ca038c6ef9a	0xb3786c3589adc4dd
0x7ffff7f8d1b0:	0x343b8357e5e5d5cb	0x4dd344b3f10daefb

[Write Detected]
=> 0x7ffff7fb6475:	add    $0xfffffffffffffff8,%rbx
0x7ffff7f8d1a0:	0xf146c5c99c6377cd	0x6b106431a66ee666
0x7ffff7f8d1b0:	0x078840d288686e11	0x4dd344b3f10daefb

[Write Detected]
=> 0x7ffff7fb63f6:	inc    %rdx
0x7ffff7f8d1a0:	0x0000000000000000	0x6b106431a66ee666
0x7ffff7f8d1b0:	0x078840d288686e11	0x4dd344b3f10daefb

[Write Detected]
=> 0x7ffff7fb2618:	mov    %rbx,(%rcx)
0x7ffff7f8d1a0:	0x50e064ae0fbe40e4	0x7c57834f3f80b13e
0x7ffff7f8d1b0:	0x1977eb30eb7662c3	0x8ae754fda6d0c113

[Write Detected]
=> 0x7ffff7fb7bdb:	lea    0x1(%r8),%r8
0x7ffff7f8d1a0:	0xf8a4121b538b1b00	0x50d7cb2a45e54b3d
0x7ffff7f8d1b0:	0xc325d6f7a34fe53d	0x84ecce936162413a

[Write Detected]
=> 0x7ffff7fb88c7:	rep movsb %ds:(%rsi),%es:(%rdi)
0x7ffff7f8d1a0:	0xf8a4121b538b1bcc	0xb7f24b8805f47356
0x7ffff7f8d1b0:	0x9a391fbc87261aef	0x2ac6d87d8d061667

[Write Detected]
=> 0x7ffff7fb88c7:	rep movsb %ds:(%rsi),%es:(%rdi)
0x7ffff7f8d1a0:	0xf8a4121b538b77cc	0xb7f24b8805f47356
0x7ffff7f8d1b0:	0x9a391fbc87261aef	0x2ac6d87d8d061667

[Write Detected]
=> 0x7ffff7fb88c7:	rep movsb %ds:(%rsi),%es:(%rdi)
0x7ffff7f8d1a0:	0xf8a4121b536377cc	0xb7f24b8805f47356
0x7ffff7f8d1b0:	0x9a391fbc87261aef	0x2ac6d87d8d061667

[Write Detected]
=> 0x7ffff7fb88c7:	rep movsb %ds:(%rsi),%es:(%rdi)
0x7ffff7f8d1a0:	0xf8a4121b9c6377cc	0xb7f24b8805f47356
0x7ffff7f8d1b0:	0x9a391fbc87261aef	0x2ac6d87d8d061667

[Write Detected]
=> 0x7ffff7fb6475:	add    $0xfffffffffffffff8,%rbx
0x7ffff7f8d1a0:	0x78a362e4ce31bbe6	0xb5883218d3377333
0x7ffff7f8d1b0:	0x03c4206944343708	0x2ac6d87d8d061667

[Write Detected]
=> 0x7ffff7fb63f6:	inc    %rdx
0x7ffff7f8d1a0:	0x0000000000000000	0xb5883218d3377333
0x7ffff7f8d1b0:	0x03c4206944343708	0x2ac6d87d8d061667

[Write Detected]
=> 0x7ffff7fb7b61:	lea    0x1(%r8),%r8
0x7ffff7f8d1a0:	0x903906b9df06e2f1	0x0000000000000000
0x7ffff7f8d1b0:	0x0000000000000000	0x0000000000000000

[Write Detected]
=> 0x7ffff7fb7bdb:	lea    0x1(%r8),%r8
0x7ffff7f8d1a0:	0xfe597e265e21fec3	0xb467a9cf71ad3031
0x7ffff7f8d1b0:	0x03993195896d11ce	0x5a317aa4c4ce9b82

[Write Detected]
=> 0x7ffff7fb88c7:	rep movsb %ds:(%rsi),%es:(%rdi)
0x7ffff7f8d1a0:	0xfe597e265e21fef3	0x7a13c143f0a8daf9
0x7ffff7f8d1b0:	0xd0274696e62a68a7	0x7ab441a3da20d2d8

[Write Detected]
=> 0x7ffff7fb88c7:	rep movsb %ds:(%rsi),%es:(%rdi)
0x7ffff7f8d1a0:	0xfe597e265e21ddf3	0x7a13c143f0a8daf9
0x7ffff7f8d1b0:	0xd0274696e62a68a7	0x7ab441a3da20d2d8

[Write Detected]
=> 0x7ffff7fb88c7:	rep movsb %ds:(%rsi),%es:(%rdi)
0x7ffff7f8d1a0:	0xfe597e265e18ddf3	0x7a13c143f0a8daf9
0x7ffff7f8d1b0:	0xd0274696e62a68a7	0x7ab441a3da20d2d8

[Write Detected]
=> 0x7ffff7fb88c7:	rep movsb %ds:(%rsi),%es:(%rdi)
0x7ffff7f8d1a0:	0xfe597e266718ddf3	0x7a13c143f0a8daf9
0x7ffff7f8d1b0:	0xd0274696e62a68a7	0x7ab441a3da20d2d8

[Write Detected]
=> 0x7ffff7fb1840:	mov    %rdi,%r14
0x7ffff7f8d1a0:	0xbc51b1726718ddf2	0x5ac4190c699bb999
0x7ffff7f8d1b0:	0x01e21034a21a1b84	0x7ab441a3da20d2d8

[Write Detected]
=> 0x7ffff7fb88c7:	rep movsb %ds:(%rsi),%es:(%rdi)
0x7ffff7f8d1a0:	0xbc51b1726718dd5f	0x5ac4190c699bb999
0x7ffff7f8d1b0:	0x01e21034a21a1b84	0x7ab441a3da20d2d8

[Write Detected]
=> 0x7ffff7fb88c7:	rep movsb %ds:(%rsi),%es:(%rdi)
0x7ffff7f8d1a0:	0xbc51b1726718465f	0x5ac4190c699bb999
0x7ffff7f8d1b0:	0x01e21034a21a1b84	0x7ab441a3da20d2d8

[Write Detected]
=> 0x7ffff7fb88c7:	rep movsb %ds:(%rsi),%es:(%rdi)
0x7ffff7f8d1a0:	0xbc51b1726754465f	0x5ac4190c699bb999
0x7ffff7f8d1b0:	0x01e21034a21a1b84	0x7ab441a3da20d2d8

[Write Detected]
=> 0x7ffff7fb88c7:	rep movsb %ds:(%rsi),%es:(%rdi)
0x7ffff7f8d1a0:	0xbc51b1723354465f	0x5ac4190c699bb999
0x7ffff7f8d1b0:	0x01e21034a21a1b84	0x7ab441a3da20d2d8

[Write Detected]
=> 0x7ffff7fb88c7:	rep movsb %ds:(%rsi),%es:(%rdi)
0x7ffff7f8d1a0:	0x584e55593354460b	0x28d8b9338c6ef9a4
0x7ffff7f8d1b0:	0x620c8634cddcccde	0xf1081a510d0dc22d

[Write Detected]
=> 0x7ffff7fb88c7:	rep movsb %ds:(%rsi),%es:(%rdi)
0x7ffff7f8d1a0:	0x584e55593354820b	0x28d8b9338c6ef9a4
0x7ffff7f8d1b0:	0x620c8634cddcccde	0xf1081a510d0dc22d

[Write Detected]
=> 0x7ffff7fb88c7:	rep movsb %ds:(%rsi),%es:(%rdi)
0x7ffff7f8d1a0:	0x584e5559331c820b	0x28d8b9338c6ef9a4
0x7ffff7f8d1b0:	0x620c8634cddcccde	0xf1081a510d0dc22d

[Write Detected]
=> 0x7ffff7fb88c7:	rep movsb %ds:(%rsi),%es:(%rdi)
0x7ffff7f8d1a0:	0x584e5559d21c820b	0x28d8b9338c6ef9a4
0x7ffff7f8d1b0:	0x620c8634cddcccde	0xf1081a510d0dc22d

[Write Detected]
=> 0x7ffff7fb88c7:	rep movsb %ds:(%rsi),%es:(%rdi)
0x7ffff7f8d1a0:	0xe3db664cd21c82df	0x80528e37f3ad04fa
0x7ffff7f8d1b0:	0xf84d38f919847b21	0x7c0e76b9c61a1102

[Write Detected]
=> 0x7ffff7fb88c7:	rep movsb %ds:(%rsi),%es:(%rdi)
0x7ffff7f8d1a0:	0xe3db664cd21c8ddf	0x80528e37f3ad04fa
0x7ffff7f8d1b0:	0xf84d38f919847b21	0x7c0e76b9c61a1102

[Write Detected]
=> 0x7ffff7fb88c7:	rep movsb %ds:(%rsi),%es:(%rdi)
0x7ffff7f8d1a0:	0xe3db664cd2718ddf	0x80528e37f3ad04fa
0x7ffff7f8d1b0:	0xf84d38f919847b21	0x7c0e76b9c61a1102

[Write Detected]
=> 0x7ffff7fb88c7:	rep movsb %ds:(%rsi),%es:(%rdi)
0x7ffff7f8d1a0:	0xe3db664c26718ddf	0x80528e37f3ad04fa
0x7ffff7f8d1b0:	0xf84d38f919847b21	0x7c0e76b9c61a1102

[Write Detected]
=> 0x7ffff7fb1840:	mov    %rdi,%r14
0x7ffff7f8d1a0:	0x9bc51b1726718dde	0x45ac4190c699bb99
0x7ffff7f8d1b0:	0x001e21034a21a1b8	0x7c0e76b9c61a1102

[Write Detected]
=> 0x7ffff7fb63f6:	inc    %rdx
0x7ffff7f8d1a0:	0x0000000000000000	0x45ac4190c699bb99
0x7ffff7f8d1b0:	0x001e21034a21a1b8	0x7c0e76b9c61a1102

[Write Detected]
=> 0x7ffff7fb7b61:	lea    0x1(%r8),%r8
0x7ffff7f8d1a0:	0x682707c479c4de90	0x0000000000000000
0x7ffff7f8d1b0:	0x0000000000000000	0x0000000000000000

[Write Detected]
=> 0x7ffff7fb7bdb:	lea    0x1(%r8),%r8
0x7ffff7f8d1a0:	0xc6ea9f892a3462c5	0xc4ebc4ec8b1ba6df
0x7ffff7f8d1b0:	0xc8d40cd550d4d8e6	0x1d1a3f6d28570673

[Write Detected]
=> 0x7ffff7fb88c7:	rep movsb %ds:(%rsi),%es:(%rdi)
0x7ffff7f8d1a0:	0xc6ea9f892a3462ef	0x80de709ad75073c2
0x7ffff7f8d1b0:	0x49a5dafafa3b2bb8	0xbb2be7da989e9c09

[Write Detected]
=> 0x7ffff7fb88c7:	rep movsb %ds:(%rsi),%es:(%rdi)
0x7ffff7f8d1a0:	0xc6ea9f892a34c6ef	0x80de709ad75073c2
0x7ffff7f8d1b0:	0x49a5dafafa3b2bb8	0xbb2be7da989e9c09

[Write Detected]
=> 0x7ffff7fb88c7:	rep movsb %ds:(%rsi),%es:(%rdi)
0x7ffff7f8d1a0:	0xc6ea9f892a38c6ef	0x80de709ad75073c2
0x7ffff7f8d1b0:	0x49a5dafafa3b2bb8	0xbb2be7da989e9c09

[Write Detected]
=> 0x7ffff7fb88c7:	rep movsb %ds:(%rsi),%es:(%rdi)
0x7ffff7f8d1a0:	0xc6ea9f899338c6ef	0x80de709ad75073c2
0x7ffff7f8d1b0:	0x49a5dafafa3b2bb8	0xbb2be7da989e9c09

[Write Detected]
=> 0x7ffff7fb1840:	mov    %rdi,%r14
0x7ffff7f8d1a0:	0xcde28d8b9338c6ee	0x22d620c8634cddcc
0x7ffff7f8d1b0:	0x000f1081a510d0dc	0xbb2be7da989e9c09

[Write Detected]
=> 0x7ffff7fb88c7:	rep movsb %ds:(%rsi),%es:(%rdi)
0x7ffff7f8d1a0:	0xcde28d8b9338c677	0x22d620c8634cddcc
0x7ffff7f8d1b0:	0x000f1081a510d0dc	0xbb2be7da989e9c09

[Write Detected]
=> 0x7ffff7fb88c7:	rep movsb %ds:(%rsi),%es:(%rdi)
0x7ffff7f8d1a0:	0xcde28d8b93386377	0x22d620c8634cddcc
0x7ffff7f8d1b0:	0x000f1081a510d0dc	0xbb2be7da989e9c09

[Write Detected]
=> 0x7ffff7fb88c7:	rep movsb %ds:(%rsi),%es:(%rdi)
0x7ffff7f8d1a0:	0xcde28d8b939c6377	0x22d620c8634cddcc
0x7ffff7f8d1b0:	0x000f1081a510d0dc	0xbb2be7da989e9c09

[Write Detected]
=> 0x7ffff7fb88c7:	rep movsb %ds:(%rsi),%es:(%rdi)
0x7ffff7f8d1a0:	0xcde28d8bc99c6377	0x22d620c8634cddcc
0x7ffff7f8d1b0:	0x000f1081a510d0dc	0xbb2be7da989e9c09

[Write Detected]
=> 0x7ffff7fb1840:	mov    %rdi,%r14
0x7ffff7f8d1a0:	0x66f146c5c99c6376	0x116b106431a66ee6
0x7ffff7f8d1b0:	0x00078840d288686e	0xbb2be7da989e9c09

[Write Detected]
=> 0x7ffff7fb63f6:	inc    %rdx
0x7ffff7f8d1a0:	0x0000000000000000	0x116b106431a66ee6
0x7ffff7f8d1b0:	0x00078840d288686e	0xbb2be7da989e9c09

[Write Detected]
=> 0x7ffff7fb2618:	mov    %rbx,(%rcx)
0x7ffff7f8d1a0:	0xce54e8357fbeee40	0x0207d5cc5e6f7888
0x7ffff7f8d1b0:	0x18912ea9e97513cd	0x069db5135136d54c

[Write Detected]
=> 0x7ffff7fb7bdb:	lea    0x1(%r8),%r8
0x7ffff7f8d1a0:	0x73858bde6f9378f7	0x482e225ca0b329e7
0x7ffff7f8d1b0:	0x5d1ac4cfc34e03b3	0xf15d92a1ae1c961a

[Write Detected]
=> 0x7ffff7fb88c7:	rep movsb %ds:(%rsi),%es:(%rdi)
0x7ffff7f8d1a0:	0x73858bde6f9378ba	0x4d38aeb0bc133df4
0x7ffff7f8d1b0:	0x6c12d5aeb67837fb	0x1bb2a64294777018

[Write Detected]
=> 0x7ffff7fb88c7:	rep movsb %ds:(%rsi),%es:(%rdi)
0x7ffff7f8d1a0:	0x73858bde6f9331ba	0x4d38aeb0bc133df4
0x7ffff7f8d1b0:	0x6c12d5aeb67837fb	0x1bb2a64294777018

[Write Detected]
=> 0x7ffff7fb88c7:	rep movsb %ds:(%rsi),%es:(%rdi)
0x7ffff7f8d1a0:	0x73858bde6fce31ba	0x4d38aeb0bc133df4
0x7ffff7f8d1b0:	0x6c12d5aeb67837fb	0x1bb2a64294777018

[Write Detected]
=> 0x7ffff7fb88c7:	rep movsb %ds:(%rsi),%es:(%rdi)
0x7ffff7f8d1a0:	0x73858bdee4ce31ba	0x4d38aeb0bc133df4
0x7ffff7f8d1b0:	0x6c12d5aeb67837fb	0x1bb2a64294777018

[Write Detected]
=> 0x7ffff7fb6475:	add    $0xfffffffffffffff8,%rbx
0x7ffff7f8d1a0:	0x99bc51b1726718dd	0x845ac4190c699bb9
0x7ffff7f8d1b0:	0x0001e21034a21a1b	0x1bb2a64294777018

[Write Detected]
=> 0x7ffff7fb63f6:	inc    %rdx
0x7ffff7f8d1a0:	0x0000000000000000	0x845ac4190c699bb9
0x7ffff7f8d1b0:	0x0001e21034a21a1b	0x1bb2a64294777018

[Write Detected]
=> 0x7ffff7fb2618:	mov    %rbx,(%rcx)
0x7ffff7f8d1a0:	0xcdfc70fba4628281	0x3546e38419fb40a3
0x7ffff7f8d1b0:	0x807e56e49e155352	0x0d8693fb3866a41b

[Write Detected]
=> 0x7ffff7fb7bdb:	lea    0x1(%r8),%r8
0x7ffff7f8d1a0:	0xaefa1ffc17e8868d	0x2a9c5250821c64ef
0x7ffff7f8d1b0:	0x7dce27ae1de622f5	0x889ac286c54d9da4

[Write Detected]
=> 0x7ffff7fb88c7:	rep movsb %ds:(%rsi),%es:(%rdi)
0x7ffff7f8d1a0:	0xaefa1ffc17e8866e	0xb50bbc1647d2bde3
0x7ffff7f8d1b0:	0xcc0c4a7136132e0d	0xe3f7bb425f1a1ae6

[Write Detected]
=> 0x7ffff7fb88c7:	rep movsb %ds:(%rsi),%es:(%rdi)
0x7ffff7f8d1a0:	0xaefa1ffc17e88c6e	0xb50bbc1647d2bde3
0x7ffff7f8d1b0:	0xcc0c4a7136132e0d	0xe3f7bb425f1a1ae6

[Write Detected]
=> 0x7ffff7fb88c7:	rep movsb %ds:(%rsi),%es:(%rdi)
0x7ffff7f8d1a0:	0xaefa1ffc17338c6e	0xb50bbc1647d2bde3
0x7ffff7f8d1b0:	0xcc0c4a7136132e0d	0xe3f7bb425f1a1ae6

[Write Detected]
=> 0x7ffff7fb88c7:	rep movsb %ds:(%rsi),%es:(%rdi)
0x7ffff7f8d1a0:	0xaefa1ffcb9338c6e	0xb50bbc1647d2bde3
0x7ffff7f8d1b0:	0xcc0c4a7136132e0d	0xe3f7bb425f1a1ae6

[Write Detected]
=> 0x7ffff7fb6475:	add    $0xfffffffffffffff8,%rbx
0x7ffff7f8d1a0:	0x666f146c5c99c637	0xe116b106431a66ee
0x7ffff7f8d1b0:	0x000078840d288686	0xe3f7bb425f1a1ae6

[Write Detected]
=> 0x7ffff7fb63f6:	inc    %rdx
0x7ffff7f8d1a0:	0x0000000000000000	0xe116b106431a66ee
0x7ffff7f8d1b0:	0x000078840d288686	0xe3f7bb425f1a1ae6

[Write Detected]
=> 0x7ffff7fb2618:	mov    %rbx,(%rcx)
0x7ffff7f8d1a0:	0xdbfea6f97c47e9a9	0x42aeb05d592f6807
0x7ffff7f8d1b0:	0x4c16c2e54042e458	0x30f03bd7a50be94d

[Write Detected]
=> 0x7ffff7fb7bdb:	lea    0x1(%r8),%r8
0x7ffff7f8d1a0:	0xbb6e165b23037f10	0x52cfda3304e96047
0x7ffff7f8d1b0:	0x536a54078f66cf7e	0x29074d2d181059b0

[Write Detected]
=> 0x7ffff7fb88c7:	rep movsb %ds:(%rsi),%es:(%rdi)
0x7ffff7f8d1a0:	0xbb6e165b23037f36	0x55dc37ae6eedc325
0x7ffff7f8d1b0:	0x45777be22d3496a7	0x451b33335be0ec2b

[Write Detected]
=> 0x7ffff7fb88c7:	rep movsb %ds:(%rsi),%es:(%rdi)
0x7ffff7f8d1a0:	0xbb6e165b2303c636	0x55dc37ae6eedc325
0x7ffff7f8d1b0:	0x45777be22d3496a7	0x451b33335be0ec2b

[Write Detected]
=> 0x7ffff7fb88c7:	rep movsb %ds:(%rsi),%es:(%rdi)
0x7ffff7f8d1a0:	0xbb6e165b2399c636	0x55dc37ae6eedc325
0x7ffff7f8d1b0:	0x45777be22d3496a7	0x451b33335be0ec2b

[Write Detected]
=> 0x7ffff7fb88c7:	rep movsb %ds:(%rsi),%es:(%rdi)
0x7ffff7f8d1a0:	0xbb6e165b5c99c636	0x55dc37ae6eedc325
0x7ffff7f8d1b0:	0x45777be22d3496a7	0x451b33335be0ec2b

[Write Detected]
=> 0x7ffff7fb6475:	add    $0xfffffffffffffff8,%rbx
0x7ffff7f8d1a0:	0x33378a362e4ce31b	0x708b5883218d3377
0x7ffff7f8d1b0:	0x00003c4206944343	0x451b33335be0ec2b

[Write Detected]
=> 0x7ffff7fb63f6:	inc    %rdx
0x7ffff7f8d1a0:	0x0000000000000000	0x708b5883218d3377
0x7ffff7f8d1b0:	0x00003c4206944343	0x451b33335be0ec2b

[Write Detected]
=> 0x7ffff7fb2618:	mov    %rbx,(%rcx)
0x7ffff7f8d1a0:	0x14dd0a2a9970e100	0xdbc85e8d3b1a8d50
0x7ffff7f8d1b0:	0x8c045aef58c5ab7e	0x60ec36f33c82ab91

[Write Detected]
=> 0x7ffff7fb7bdb:	lea    0x1(%r8),%r8
0x7ffff7f8d1a0:	0x66f876a34d9375a6	0x570cd97598428290
0x7ffff7f8d1b0:	0xa54cbac3f1f136cb	0x88dc13579ceddd3c

[Write Detected]
=> 0x7ffff7fb88c7:	rep movsb %ds:(%rsi),%es:(%rdi)
0x7ffff7f8d1a0:	0x66f876a34d93751a	0x14a1719117c0c1f7
0x7ffff7f8d1b0:	0xe6e987cc57148e4a	0x60770d146bd952c4

[Write Detected]
=> 0x7ffff7fb88c7:	rep movsb %ds:(%rsi),%es:(%rdi)
0x7ffff7f8d1a0:	0x66f876a34d93e31a	0x14a1719117c0c1f7
0x7ffff7f8d1b0:	0xe6e987cc57148e4a	0x60770d146bd952c4

[Write Detected]
=> 0x7ffff7fb88c7:	rep movsb %ds:(%rsi),%es:(%rdi)
0x7ffff7f8d1a0:	0x66f876a34d4ce31a	0x14a1719117c0c1f7
0x7ffff7f8d1b0:	0xe6e987cc57148e4a	0x60770d146bd952c4

[Write Detected]
=> 0x7ffff7fb88c7:	rep movsb %ds:(%rsi),%es:(%rdi)
0x7ffff7f8d1a0:	0x66f876a32e4ce31a	0x14a1719117c0c1f7
0x7ffff7f8d1b0:	0xe6e987cc57148e4a	0x60770d146bd952c4

[Write Detected]
=> 0x7ffff7fb6475:	add    $0xfffffffffffffff8,%rbx
0x7ffff7f8d1a0:	0x999bc51b1726718d	0xb845ac4190c699bb
0x7ffff7f8d1b0:	0x00001e21034a21a1	0x60770d146bd952c4

[Write Detected]
=> 0x7ffff7fb63f6:	inc    %rdx
0x7ffff7f8d1a0:	0x0000000000000000	0xb845ac4190c699bb
0x7ffff7f8d1b0:	0x00001e21034a21a1	0x60770d146bd952c4

[Write Detected]
=> 0x7ffff7fb2618:	mov    %rbx,(%rcx)
0x7ffff7f8d1a0:	0x0b5ee31a2eb527a4	0x4e77ec3c2b78a92a
0x7ffff7f8d1b0:	0x2eaeb03a3a4487ad	0xd162ce4987cfc668

[Write Detected]
=> 0x7ffff7fb7bdb:	lea    0x1(%r8),%r8
0x7ffff7f8d1a0:	0x5a6c9b68313a4352	0x76f5ec55ec02f991
0x7ffff7f8d1b0:	0x908eae88912248c5	0x8857dfbdebcd6dae

[Write Detected]
=> 0x7ffff7fb88c7:	rep movsb %ds:(%rsi),%es:(%rdi)
0x7ffff7f8d1a0:	0x5a6c9b68313a438c	0x17652b21f61d7734
0x7ffff7f8d1b0:	0x482f6636e2463f74	0xaa6a6382930dd717

[Write Detected]
=> 0x7ffff7fb88c7:	rep movsb %ds:(%rsi),%es:(%rdi)
0x7ffff7f8d1a0:	0x5a6c9b68313a718c	0x17652b21f61d7734
0x7ffff7f8d1b0:	0x482f6636e2463f74	0xaa6a6382930dd717

[Write Detected]
=> 0x7ffff7fb88c7:	rep movsb %ds:(%rsi),%es:(%rdi)
0x7ffff7f8d1a0:	0x5a6c9b683126718c	0x17652b21f61d7734
0x7ffff7f8d1b0:	0x482f6636e2463f74	0xaa6a6382930dd717

[Write Detected]
=> 0x7ffff7fb88c7:	rep movsb %ds:(%rsi),%es:(%rdi)
0x7ffff7f8d1a0:	0x5a6c9b681726718c	0x17652b21f61d7734
0x7ffff7f8d1b0:	0x482f6636e2463f74	0xaa6a6382930dd717

[Write Detected]
=> 0x7ffff7fb6475:	add    $0xfffffffffffffff8,%rbx
0x7ffff7f8d1a0:	0xcccde28d8b9338c6	0xdc22d620c8634cdd
0x7ffff7f8d1b0:	0x00000f1081a510d0	0xaa6a6382930dd717

[Write Detected]
=> 0x7ffff7fb88c7:	rep movsb %ds:(%rsi),%es:(%rdi)
0x7ffff7f8d1a0:	0xcccde28d8b93385f	0xdc22d620c8634cdd
0x7ffff7f8d1b0:	0x00000f1081a510d0	0xaa6a6382930dd717

[Write Detected]
=> 0x7ffff7fb88c7:	rep movsb %ds:(%rsi),%es:(%rdi)
0x7ffff7f8d1a0:	0xcccde28d8b93465f	0xdc22d620c8634cdd
0x7ffff7f8d1b0:	0x00000f1081a510d0	0xaa6a6382930dd717

[Write Detected]
=> 0x7ffff7fb88c7:	rep movsb %ds:(%rsi),%es:(%rdi)
0x7ffff7f8d1a0:	0xcccde28d8b54465f	0xdc22d620c8634cdd
0x7ffff7f8d1b0:	0x00000f1081a510d0	0xaa6a6382930dd717

[Write Detected]
=> 0x7ffff7fb88c7:	rep movsb %ds:(%rsi),%es:(%rdi)
0x7ffff7f8d1a0:	0xcccde28d3354465f	0xdc22d620c8634cdd
0x7ffff7f8d1b0:	0x00000f1081a510d0	0xaa6a6382930dd717

[Write Detected]
=> 0x7ffff7fb88c7:	rep movsb %ds:(%rsi),%es:(%rdi)
0x7ffff7f8d1a0:	0x584e555933544658	0x28d8b9338c6ef9a4
0x7ffff7f8d1b0:	0x620c8634cddcccde	0xf1081a510d0dc22d

[Write Detected]
=> 0x7ffff7fb88c7:	rep movsb %ds:(%rsi),%es:(%rdi)
0x7ffff7f8d1a0:	0x584e55593354c558	0x28d8b9338c6ef9a4
0x7ffff7f8d1b0:	0x620c8634cddcccde	0xf1081a510d0dc22d

[Write Detected]
=> 0x7ffff7fb88c7:	rep movsb %ds:(%rsi),%es:(%rdi)
0x7ffff7f8d1a0:	0x584e55593312c558	0x28d8b9338c6ef9a4
0x7ffff7f8d1b0:	0x620c8634cddcccde	0xf1081a510d0dc22d

[Write Detected]
=> 0x7ffff7fb88c7:	rep movsb %ds:(%rsi),%es:(%rdi)
0x7ffff7f8d1a0:	0x584e55596512c558	0x28d8b9338c6ef9a4
0x7ffff7f8d1b0:	0x620c8634cddcccde	0xf1081a510d0dc22d

[Write Detected]
=> 0x7ffff7fb88c7:	rep movsb %ds:(%rsi),%es:(%rdi)
0x7ffff7f8d1a0:	0x031180296512c531	0xb69ef91f622d380c
0x7ffff7f8d1b0:	0x993df73533894744	0x43f40856453d70fa

[Write Detected]
=> 0x7ffff7fb88c7:	rep movsb %ds:(%rsi),%es:(%rdi)
0x7ffff7f8d1a0:	0x031180296512ce31	0xb69ef91f622d380c
0x7ffff7f8d1b0:	0x993df73533894744	0x43f40856453d70fa

[Write Detected]
=> 0x7ffff7fb88c7:	rep movsb %ds:(%rsi),%es:(%rdi)
0x7ffff7f8d1a0:	0x0311802965e4ce31	0xb69ef91f622d380c
0x7ffff7f8d1b0:	0x993df73533894744	0x43f40856453d70fa

[Write Detected]
=> 0x7ffff7fb88c7:	rep movsb %ds:(%rsi),%es:(%rdi)
0x7ffff7f8d1a0:	0x0311802962e4ce31	0xb69ef91f622d380c
0x7ffff7f8d1b0:	0x993df73533894744	0x43f40856453d70fa

[Write Detected]
=> 0x7ffff7fb1840:	mov    %rdi,%r14
0x7ffff7f8d1a0:	0x733378a362e4ce30	0x3708b5883218d337
0x7ffff7f8d1b0:	0x000003c420694434	0x43f40856453d70fa

[Write Detected]
=> 0x7ffff7fb88c7:	rep movsb %ds:(%rsi),%es:(%rdi)
0x7ffff7f8d1a0:	0x733378a362e4ce5f	0x3708b5883218d337
0x7ffff7f8d1b0:	0x000003c420694434	0x43f40856453d70fa

[Write Detected]
=> 0x7ffff7fb88c7:	rep movsb %ds:(%rsi),%es:(%rdi)
0x7ffff7f8d1a0:	0x733378a362e4465f	0x3708b5883218d337
0x7ffff7f8d1b0:	0x000003c420694434	0x43f40856453d70fa

[Write Detected]
=> 0x7ffff7fb88c7:	rep movsb %ds:(%rsi),%es:(%rdi)
0x7ffff7f8d1a0:	0x733378a36254465f	0x3708b5883218d337
0x7ffff7f8d1b0:	0x000003c420694434	0x43f40856453d70fa

[Write Detected]
=> 0x7ffff7fb88c7:	rep movsb %ds:(%rsi),%es:(%rdi)
0x7ffff7f8d1a0:	0x733378a33354465f	0x3708b5883218d337
0x7ffff7f8d1b0:	0x000003c420694434	0x43f40856453d70fa

[Write Detected]
=> 0x7ffff7fb88c7:	rep movsb %ds:(%rsi),%es:(%rdi)
0x7ffff7f8d1a0:	0x584e555933544670	0x28d8b9338c6ef9a4
0x7ffff7f8d1b0:	0x620c8634cddcccde	0xf1081a510d0dc22d

[Write Detected]
=> 0x7ffff7fb88c7:	rep movsb %ds:(%rsi),%es:(%rdi)
0x7ffff7f8d1a0:	0x584e555933540470	0x28d8b9338c6ef9a4
0x7ffff7f8d1b0:	0x620c8634cddcccde	0xf1081a510d0dc22d

[Write Detected]
=> 0x7ffff7fb88c7:	rep movsb %ds:(%rsi),%es:(%rdi)
0x7ffff7f8d1a0:	0x584e555933dc0470	0x28d8b9338c6ef9a4
0x7ffff7f8d1b0:	0x620c8634cddcccde	0xf1081a510d0dc22d

[Write Detected]
=> 0x7ffff7fb88c7:	rep movsb %ds:(%rsi),%es:(%rdi)
0x7ffff7f8d1a0:	0x584e5559efdc0470	0x28d8b9338c6ef9a4
0x7ffff7f8d1b0:	0x620c8634cddcccde	0xf1081a510d0dc22d

[Write Detected]
=> 0x7ffff7fb88c7:	rep movsb %ds:(%rsi),%es:(%rdi)
0x7ffff7f8d1a0:	0xe8a07d9aefdc048c	0x369f2125e584d1c4
0x7ffff7f8d1b0:	0xed46018f7ec9d482	0x06801d96754f731d

[Write Detected]
=> 0x7ffff7fb88c7:	rep movsb %ds:(%rsi),%es:(%rdi)
0x7ffff7f8d1a0:	0xe8a07d9aefdc338c	0x369f2125e584d1c4
0x7ffff7f8d1b0:	0xed46018f7ec9d482	0x06801d96754f731d

[Write Detected]
=> 0x7ffff7fb88c7:	rep movsb %ds:(%rsi),%es:(%rdi)
0x7ffff7f8d1a0:	0xe8a07d9aefb9338c	0x369f2125e584d1c4
0x7ffff7f8d1b0:	0xed46018f7ec9d482	0x06801d96754f731d

[Write Detected]
=> 0x7ffff7fb88c7:	rep movsb %ds:(%rsi),%es:(%rdi)
0x7ffff7f8d1a0:	0xe8a07d9ad8b9338c	0x369f2125e584d1c4
0x7ffff7f8d1b0:	0xed46018f7ec9d482	0x06801d96754f731d

[Write Detected]
=> 0x7ffff7fb6475:	add    $0xfffffffffffffff8,%rbx
0x7ffff7f8d1a0:	0xee666f146c5c99c6	0x86e116b106431a66
0x7ffff7f8d1b0:	0x00000078840d2886	0x06801d96754f731d

[Write Detected]
=> 0x7ffff7fb88c7:	rep movsb %ds:(%rsi),%es:(%rdi)
0x7ffff7f8d1a0:	0xee666f146c5c995f	0x86e116b106431a66
0x7ffff7f8d1b0:	0x00000078840d2886	0x06801d96754f731d

[Write Detected]
=> 0x7ffff7fb88c7:	rep movsb %ds:(%rsi),%es:(%rdi)
0x7ffff7f8d1a0:	0xee666f146c5c465f	0x86e116b106431a66
0x7ffff7f8d1b0:	0x00000078840d2886	0x06801d96754f731d

[Write Detected]
=> 0x7ffff7fb88c7:	rep movsb %ds:(%rsi),%es:(%rdi)
0x7ffff7f8d1a0:	0xee666f146c54465f	0x86e116b106431a66
0x7ffff7f8d1b0:	0x00000078840d2886	0x06801d96754f731d

[Write Detected]
=> 0x7ffff7fb88c7:	rep movsb %ds:(%rsi),%es:(%rdi)
0x7ffff7f8d1a0:	0xee666f143354465f	0x86e116b106431a66
0x7ffff7f8d1b0:	0x00000078840d2886	0x06801d96754f731d

[Write Detected]
=> 0x7ffff7fb88c7:	rep movsb %ds:(%rsi),%es:(%rdi)
0x7ffff7f8d1a0:	0x584e555933544634	0x28d8b9338c6ef9a4
0x7ffff7f8d1b0:	0x620c8634cddcccde	0xf1081a510d0dc22d

[Write Detected]
=> 0x7ffff7fb88c7:	rep movsb %ds:(%rsi),%es:(%rdi)
0x7ffff7f8d1a0:	0x584e555933548d34	0x28d8b9338c6ef9a4
0x7ffff7f8d1b0:	0x620c8634cddcccde	0xf1081a510d0dc22d

[Write Detected]
=> 0x7ffff7fb88c7:	rep movsb %ds:(%rsi),%es:(%rdi)
0x7ffff7f8d1a0:	0x584e555933c28d34	0x28d8b9338c6ef9a4
0x7ffff7f8d1b0:	0x620c8634cddcccde	0xf1081a510d0dc22d

[Write Detected]
=> 0x7ffff7fb88c7:	rep movsb %ds:(%rsi),%es:(%rdi)
0x7ffff7f8d1a0:	0x584e555966c28d34	0x28d8b9338c6ef9a4
0x7ffff7f8d1b0:	0x620c8634cddcccde	0xf1081a510d0dc22d

[Write Detected]
=> 0x7ffff7fb63f6:	inc    %rdx
0x7ffff7f8d1a0:	0x0000000000000000	0x7c26e7ccd7c494d6
0x7ffff7f8d1b0:	0x33ce35573e5fc392	0xcb6d44210401dde8

[Write Detected]
=> 0x7ffff7fb2618:	mov    %rbx,(%rcx)
0x7ffff7f8d1a0:	0x1e64a81a52644ee1	0x89e394be7d105387
0x7ffff7f8d1b0:	0xe2bf323aa5083450	0xc6cb2b51e41b012a

[Write Detected]
=> 0x7ffff7fb7bdb:	lea    0x1(%r8),%r8
0x7ffff7f8d1a0:	0x08490a40d594acb0	0x20970d6eecadc112
0x7ffff7f8d1b0:	0xc4d5f1a9a0e36ce0	0x604702920228b694

[Write Detected]
=> 0x7ffff7fb88c7:	rep movsb %ds:(%rsi),%es:(%rdi)
0x7ffff7f8d1a0:	0x08490a40d594ac70	0x976b1870cd4e1791
0x7ffff7f8d1b0:	0x2e34075d35cb18a0	0x985a516fffc75990

[Write Detected]
=> 0x7ffff7fb88c7:	rep movsb %ds:(%rsi),%es:(%rdi)
0x7ffff7f8d1a0:	0x08490a40d5942670	0x976b1870cd4e1791
0x7ffff7f8d1b0:	0x2e34075d35cb18a0	0x985a516fffc75990

[Write Detected]
=> 0x7ffff7fb88c7:	rep movsb %ds:(%rsi),%es:(%rdi)
0x7ffff7f8d1a0:	0x08490a40d5172670	0x976b1870cd4e1791
0x7ffff7f8d1b0:	0x2e34075d35cb18a0	0x985a516fffc75990

[Write Detected]
=> 0x7ffff7fb88c7:	rep movsb %ds:(%rsi),%es:(%rdi)
0x7ffff7f8d1a0:	0x08490a401b172670	0x976b1870cd4e1791
0x7ffff7f8d1b0:	0x2e34075d35cb18a0	0x985a516fffc75990

[Write Detected]
=> 0x7ffff7fb6475:	add    $0xfffffffffffffff8,%rbx
0x7ffff7f8d1a0:	0xddcccde28d8b9338	0xd0dc22d620c8634c
0x7ffff7f8d1b0:	0x0000000f1081a510	0x985a516fffc75990

[Write Detected]
=> 0x7ffff7fb88c7:	rep movsb %ds:(%rsi),%es:(%rdi)
0x7ffff7f8d1a0:	0xddcccde28d8b939c	0xd0dc22d620c8634c
0x7ffff7f8d1b0:	0x0000000f1081a510	0x985a516fffc75990

[Write Detected]
=> 0x7ffff7fb88c7:	rep movsb %ds:(%rsi),%es:(%rdi)
0x7ffff7f8d1a0:	0xddcccde28d8bc99c	0xd0dc22d620c8634c
0x7ffff7f8d1b0:	0x0000000f1081a510	0x985a516fffc75990

[Write Detected]
=> 0x7ffff7fb88c7:	rep movsb %ds:(%rsi),%es:(%rdi)
0x7ffff7f8d1a0:	0xddcccde28dc5c99c	0xd0dc22d620c8634c
0x7ffff7f8d1b0:	0x0000000f1081a510	0x985a516fffc75990

[Write Detected]
=> 0x7ffff7fb88c7:	rep movsb %ds:(%rsi),%es:(%rdi)
0x7ffff7f8d1a0:	0xddcccde246c5c99c	0xd0dc22d620c8634c
0x7ffff7f8d1b0:	0x0000000f1081a510	0x985a516fffc75990

[Write Detected]
=> 0x7ffff7fb6475:	add    $0xfffffffffffffff8,%rbx
0x7ffff7f8d1a0:	0x37733378a362e4ce	0x343708b5883218d3
0x7ffff7f8d1b0:	0x00000003c4206944	0x985a516fffc75990

[Write Detected]
=> 0x7ffff7fb88c7:	rep movsb %ds:(%rsi),%es:(%rdi)
0x7ffff7f8d1a0:	0x37733378a362e467	0x343708b5883218d3
0x7ffff7f8d1b0:	0x00000003c4206944	0x985a516fffc75990

[Write Detected]
=> 0x7ffff7fb88c7:	rep movsb %ds:(%rsi),%es:(%rdi)
0x7ffff7f8d1a0:	0x37733378a3627267	0x343708b5883218d3
0x7ffff7f8d1b0:	0x00000003c4206944	0x985a516fffc75990

[Write Detected]
=> 0x7ffff7fb88c7:	rep movsb %ds:(%rsi),%es:(%rdi)
0x7ffff7f8d1a0:	0x37733378a3b17267	0x343708b5883218d3
0x7ffff7f8d1b0:	0x00000003c4206944	0x985a516fffc75990

[Write Detected]
=> 0x7ffff7fb88c7:	rep movsb %ds:(%rsi),%es:(%rdi)
0x7ffff7f8d1a0:	0x3773337851b17267	0x343708b5883218d3
0x7ffff7f8d1b0:	0x00000003c4206944	0x985a516fffc75990

[Write Detected]
=> 0x7ffff7fb1840:	mov    %rdi,%r14
0x7ffff7f8d1a0:	0x9bb999bc51b17266	0x1a1b845ac4190c69
0x7ffff7f8d1b0:	0x00000001e21034a2	0x985a516fffc75990

[Write Detected]
=> 0x7ffff7fb63f6:	inc    %rdx
0x7ffff7f8d1a0:	0x0000000000000000	0x1a1b845ac4190c69
0x7ffff7f8d1b0:	0x00000001e21034a2	0x985a516fffc75990

[Write Detected]
=> 0x7ffff7fb7b61:	lea    0x1(%r8),%r8
0x7ffff7f8d1a0:	0xe436564dc8b08bbc	0x0000000000000000
0x7ffff7f8d1b0:	0x0000000000000000	0x0000000000000000

[Write Detected]
=> 0x7ffff7fb7bdb:	lea    0x1(%r8),%r8
0x7ffff7f8d1a0:	0xe23e64d6db2f94f7	0xbd4563e5901fcd15
0x7ffff7f8d1b0:	0xe44244777a84689e	0x0ee5c25d1cd7283e

[Write Detected]
=> 0x7ffff7fb88c7:	rep movsb %ds:(%rsi),%es:(%rdi)
0x7ffff7f8d1a0:	0xe23e64d6db2f9433	0x2a6aa8c0eaff8654
0x7ffff7f8d1b0:	0x0e1a03d3a2463cb9	0x1799e6809849f93a

[Write Detected]
=> 0x7ffff7fb88c7:	rep movsb %ds:(%rsi),%es:(%rdi)
0x7ffff7f8d1a0:	0xe23e64d6db2fb933	0x2a6aa8c0eaff8654
0x7ffff7f8d1b0:	0x0e1a03d3a2463cb9	0x1799e6809849f93a

[Write Detected]
=> 0x7ffff7fb88c7:	rep movsb %ds:(%rsi),%es:(%rdi)
0x7ffff7f8d1a0:	0xe23e64d6dbd8b933	0x2a6aa8c0eaff8654
0x7ffff7f8d1b0:	0x0e1a03d3a2463cb9	0x1799e6809849f93a

[Write Detected]
=> 0x7ffff7fb88c7:	rep movsb %ds:(%rsi),%es:(%rdi)
0x7ffff7f8d1a0:	0xe23e64d628d8b933	0x2a6aa8c0eaff8654
0x7ffff7f8d1b0:	0x0e1a03d3a2463cb9	0x1799e6809849f93a

[Write Detected]
=> 0x7ffff7fb1840:	mov    %rdi,%r14
0x7ffff7f8d1a0:	0xcddcccde28d8b932	0x0d0dc22d620c8634
0x7ffff7f8d1b0:	0x00000000f1081a51	0x1799e6809849f93a

[Write Detected]
=> 0x7ffff7fb63f6:	inc    %rdx
0x7ffff7f8d1a0:	0x0000000000000000	0x0d0dc22d620c8634
0x7ffff7f8d1b0:	0x00000000f1081a51	0x1799e6809849f93a

[Write Detected]
=> 0x7ffff7fb7b61:	lea    0x1(%r8),%r8
0x7ffff7f8d1a0:	0x71d01f978b0f7842	0x0000000000000000
0x7ffff7f8d1b0:	0x0000000000000000	0x0000000000000000

[Write Detected]
=> 0x7ffff7fb7bdb:	lea    0x1(%r8),%r8
0x7ffff7f8d1a0:	0xb7a00751bbf52ad1	0xc5a49cd17f6b85bb
0x7ffff7f8d1b0:	0x4b723df974b4e249	0x51873a49a8315cf9

[Write Detected]
=> 0x7ffff7fb88c7:	rep movsb %ds:(%rsi),%es:(%rdi)
0x7ffff7f8d1a0:	0xb7a00751bbf52a99	0x798745f748a3cdf7
0x7ffff7f8d1b0:	0xee3caadcd1f465a0	0x74c38bc313ef7a16

[Write Detected]
=> 0x7ffff7fb88c7:	rep movsb %ds:(%rsi),%es:(%rdi)
0x7ffff7f8d1a0:	0xb7a00751bbf55c99	0x798745f748a3cdf7
0x7ffff7f8d1b0:	0xee3caadcd1f465a0	0x74c38bc313ef7a16

[Write Detected]
=> 0x7ffff7fb88c7:	rep movsb %ds:(%rsi),%es:(%rdi)
0x7ffff7f8d1a0:	0xb7a00751bb6c5c99	0x798745f748a3cdf7
0x7ffff7f8d1b0:	0xee3caadcd1f465a0	0x74c38bc313ef7a16

[Write Detected]
=> 0x7ffff7fb88c7:	rep movsb %ds:(%rsi),%es:(%rdi)
0x7ffff7f8d1a0:	0xb7a00751146c5c99	0x798745f748a3cdf7
0x7ffff7f8d1b0:	0xee3caadcd1f465a0	0x74c38bc313ef7a16

[Write Detected]
=> 0x7ffff7fb1840:	mov    %rdi,%r14
0x7ffff7f8d1a0:	0x66ee666f146c5c98	0x8686e116b106431a
0x7ffff7f8d1b0:	0x0000000078840d28	0x74c38bc313ef7a16

[Write Detected]
=> 0x7ffff7fb63f6:	inc    %rdx
0x7ffff7f8d1a0:	0x0000000000000000	0x8686e116b106431a
0x7ffff7f8d1b0:	0x0000000078840d28	0x74c38bc313ef7a16

[Write Detected]
=> 0x7ffff7fb2618:	mov    %rbx,(%rcx)
0x7ffff7f8d1a0:	0x3f4d85b22200c224	0x17dd14b411d7ad52
0x7ffff7f8d1b0:	0xcd0f4568b3d174db	0x50e72a0d515b685b

[Write Detected]
=> 0x7ffff7fb7bdb:	lea    0x1(%r8),%r8
0x7ffff7f8d1a0:	0xfd6995ac65f68c5c	0x57a31d56a526eb14
0x7ffff7f8d1b0:	0xd362ebd28f8c9694	0x292a8bc053cd6c7c

[Write Detected]
=> 0x7ffff7fb88c7:	rep movsb %ds:(%rsi),%es:(%rdi)
0x7ffff7f8d1a0:	0xfd6995ac65f68c4c	0xc1ddbba10b0284d0
0x7ffff7f8d1b0:	0x3abaa469818cdadf	0x7bc12fddc1b4138d

[Write Detected]
=> 0x7ffff7fb88c7:	rep movsb %ds:(%rsi),%es:(%rdi)
0x7ffff7f8d1a0:	0xfd6995ac65f62e4c	0xc1ddbba10b0284d0
0x7ffff7f8d1b0:	0x3abaa469818cdadf	0x7bc12fddc1b4138d

[Write Detected]
=> 0x7ffff7fb88c7:	rep movsb %ds:(%rsi),%es:(%rdi)
0x7ffff7f8d1a0:	0xfd6995ac65362e4c	0xc1ddbba10b0284d0
0x7ffff7f8d1b0:	0x3abaa469818cdadf	0x7bc12fddc1b4138d

[Write Detected]
=> 0x7ffff7fb88c7:	rep movsb %ds:(%rsi),%es:(%rdi)
0x7ffff7f8d1a0:	0xfd6995ac8a362e4c	0xc1ddbba10b0284d0
0x7ffff7f8d1b0:	0x3abaa469818cdadf	0x7bc12fddc1b4138d

[Write Detected]
=> 0x7ffff7fb6475:	add    $0xfffffffffffffff8,%rbx
0x7ffff7f8d1a0:	0x99bb999bc51b1726	0x21a1b845ac4190c6
0x7ffff7f8d1b0:	0x000000001e21034a	0x7bc12fddc1b4138d

[Write Detected]
=> 0x7ffff7fb88c7:	rep movsb %ds:(%rsi),%es:(%rdi)
0x7ffff7f8d1a0:	0x99bb999bc51b1793	0x21a1b845ac4190c6
0x7ffff7f8d1b0:	0x000000001e21034a	0x7bc12fddc1b4138d

[Write Detected]
=> 0x7ffff7fb88c7:	rep movsb %ds:(%rsi),%es:(%rdi)
0x7ffff7f8d1a0:	0x99bb999bc51b8b93	0x21a1b845ac4190c6
0x7ffff7f8d1b0:	0x000000001e21034a	0x7bc12fddc1b4138d

[Write Detected]
=> 0x7ffff7fb88c7:	rep movsb %ds:(%rsi),%es:(%rdi)
0x7ffff7f8d1a0:	0x99bb999bc58d8b93	0x21a1b845ac4190c6
0x7ffff7f8d1b0:	0x000000001e21034a	0x7bc12fddc1b4138d

[Write Detected]
=> 0x7ffff7fb88c7:	rep movsb %ds:(%rsi),%es:(%rdi)
0x7ffff7f8d1a0:	0x99bb999be28d8b93	0x21a1b845ac4190c6
0x7ffff7f8d1b0:	0x000000001e21034a	0x7bc12fddc1b4138d

[Write Detected]
=> 0x7ffff7fb1840:	mov    %rdi,%r14
0x7ffff7f8d1a0:	0x4cddcccde28d8b92	0x10d0dc22d620c863
0x7ffff7f8d1b0:	0x000000000f1081a5	0x7bc12fddc1b4138d

[Write Detected]
=> 0x7ffff7fb88c7:	rep movsb %ds:(%rsi),%es:(%rdi)
0x7ffff7f8d1a0:	0x4cddcccde28d8b5f	0x10d0dc22d620c863
0x7ffff7f8d1b0:	0x000000000f1081a5	0x7bc12fddc1b4138d

[Write Detected]
=> 0x7ffff7fb88c7:	rep movsb %ds:(%rsi),%es:(%rdi)
0x7ffff7f8d1a0:	0x4cddcccde28d465f	0x10d0dc22d620c863
0x7ffff7f8d1b0:	0x000000000f1081a5	0x7bc12fddc1b4138d

[Write Detected]
=> 0x7ffff7fb88c7:	rep movsb %ds:(%rsi),%es:(%rdi)
0x7ffff7f8d1a0:	0x4cddcccde254465f	0x10d0dc22d620c863
0x7ffff7f8d1b0:	0x000000000f1081a5	0x7bc12fddc1b4138d

[Write Detected]
=> 0x7ffff7fb88c7:	rep movsb %ds:(%rsi),%es:(%rdi)
0x7ffff7f8d1a0:	0x4cddcccd3354465f	0x10d0dc22d620c863
0x7ffff7f8d1b0:	0x000000000f1081a5	0x7bc12fddc1b4138d

[Write Detected]
=> 0x7ffff7fb88c7:	rep movsb %ds:(%rsi),%es:(%rdi)
0x7ffff7f8d1a0:	0x584e555933544676	0x28d8b9338c6ef9a4
0x7ffff7f8d1b0:	0x620c8634cddcccde	0xf1081a510d0dc22d

[Write Detected]
=> 0x7ffff7fb88c7:	rep movsb %ds:(%rsi),%es:(%rdi)
0x7ffff7f8d1a0:	0x584e555933540e76	0x28d8b9338c6ef9a4
0x7ffff7f8d1b0:	0x620c8634cddcccde	0xf1081a510d0dc22d

[Write Detected]
=> 0x7ffff7fb88c7:	rep movsb %ds:(%rsi),%es:(%rdi)
0x7ffff7f8d1a0:	0x584e555933ae0e76	0x28d8b9338c6ef9a4
0x7ffff7f8d1b0:	0x620c8634cddcccde	0xf1081a510d0dc22d

[Write Detected]
=> 0x7ffff7fb88c7:	rep movsb %ds:(%rsi),%es:(%rdi)
0x7ffff7f8d1a0:	0x584e555979ae0e76	0x28d8b9338c6ef9a4
0x7ffff7f8d1b0:	0x620c8634cddcccde	0xf1081a510d0dc22d

[Write Detected]
=> 0x7ffff7fb88c7:	rep movsb %ds:(%rsi),%es:(%rdi)
0x7ffff7f8d1a0:	0x0dfa959b79ae0eb9	0xfe33a2c3afeefa42
0x7ffff7f8d1b0:	0xa2d609adfbfa86b9	0x94308dc523ac58b1

[Write Detected]
=> 0x7ffff7fb88c7:	rep movsb %ds:(%rsi),%es:(%rdi)
0x7ffff7f8d1a0:	0x0dfa959b79aed8b9	0xfe33a2c3afeefa42
0x7ffff7f8d1b0:	0xa2d609adfbfa86b9	0x94308dc523ac58b1

[Write Detected]
=> 0x7ffff7fb88c7:	rep movsb %ds:(%rsi),%es:(%rdi)
0x7ffff7f8d1a0:	0x0dfa959b7928d8b9	0xfe33a2c3afeefa42
0x7ffff7f8d1b0:	0xa2d609adfbfa86b9	0x94308dc523ac58b1

[Write Detected]
=> 0x7ffff7fb88c7:	rep movsb %ds:(%rsi),%es:(%rdi)
0x7ffff7f8d1a0:	0x0dfa959bde28d8b9	0xfe33a2c3afeefa42
0x7ffff7f8d1b0:	0xa2d609adfbfa86b9	0x94308dc523ac58b1

[Write Detected]
=> 0x7ffff7fb1840:	mov    %rdi,%r14
0x7ffff7f8d1a0:	0x34cddcccde28d8b8	0x510d0dc22d620c86
0x7ffff7f8d1b0:	0x0000000000f1081a	0x94308dc523ac58b1

[Write Detected]
=> 0x7ffff7fb63f6:	inc    %rdx
0x7ffff7f8d1a0:	0x0000000000000000	0x510d0dc22d620c86
0x7ffff7f8d1b0:	0x0000000000f1081a	0x94308dc523ac58b1

[Write Detected]
=> 0x7ffff7fb2618:	mov    %rbx,(%rcx)
0x7ffff7f8d1a0:	0xcc89d4fbf6071084	0x15081b631e6f49c2
0x7ffff7f8d1b0:	0xcbdcaf8f5765793c	0x1b9bd253f6bbb1b8

[Write Detected]
=> 0x7ffff7fb7bdb:	lea    0x1(%r8),%r8
0x7ffff7f8d1a0:	0x5d3796cb91ede135	0xe3f9c1478af189a4
0x7ffff7f8d1b0:	0xf66069feddb35eac	0x0fd5e77d9e70c39b

[Write Detected]
=> 0x7ffff7fb88c7:	rep movsb %ds:(%rsi),%es:(%rdi)
0x7ffff7f8d1a0:	0x5d3796cb91ede15c	0x748089a25cab2015
0x7ffff7f8d1b0:	0xb2640d14bf3b9316	0x417e732a77be2a25

[Write Detected]
=> 0x7ffff7fb88c7:	rep movsb %ds:(%rsi),%es:(%rdi)
0x7ffff7f8d1a0:	0x5d3796cb91ed6c5c	0x748089a25cab2015
0x7ffff7f8d1b0:	0xb2640d14bf3b9316	0x417e732a77be2a25

[Write Detected]
=> 0x7ffff7fb88c7:	rep movsb %ds:(%rsi),%es:(%rdi)
0x7ffff7f8d1a0:	0x5d3796cb91146c5c	0x748089a25cab2015
0x7ffff7f8d1b0:	0xb2640d14bf3b9316	0x417e732a77be2a25

[Write Detected]
=> 0x7ffff7fb88c7:	rep movsb %ds:(%rsi),%es:(%rdi)
0x7ffff7f8d1a0:	0x5d3796cb6f146c5c	0x748089a25cab2015
0x7ffff7f8d1b0:	0xb2640d14bf3b9316	0x417e732a77be2a25

[Write Detected]
=> 0x7ffff7fb6475:	add    $0xfffffffffffffff8,%rbx
0x7ffff7f8d1a0:	0x8d337733378a362e	0x944343708b588321
0x7ffff7f8d1b0:	0x00000000003c4206	0x417e732a77be2a25

[Write Detected]
=> 0x7ffff7fb63f6:	inc    %rdx
0x7ffff7f8d1a0:	0x0000000000000000	0x944343708b588321
0x7ffff7f8d1b0:	0x00000000003c4206	0x417e732a77be2a25

[Write Detected]
=> 0x7ffff7fb7b61:	lea    0x1(%r8),%r8
0x7ffff7f8d1a0:	0x9d1bf6298abc0896	0x0000000000000000
0x7ffff7f8d1b0:	0x0000000000000000	0x0000000000000000

[Write Detected]
=> 0x7ffff7fb7bdb:	lea    0x1(%r8),%r8
0x7ffff7f8d1a0:	0x066873dcdd21a1e4	0xad8ad2278d647394
0x7ffff7f8d1b0:	0x0a75bccd1da98714	0x4831fcbc15066256